<?xml version="1.0" encoding="UTF-8"?>
<testsuite xmlns:xsi="http://www.w3.org/2001/XMLSchema-instance" xsi:noNamespaceSchemaLocation="https://maven.apache.org/surefire/maven-surefire-plugin/xsd/surefire-test-report-3.0.xsd" version="3.0" name="application.CucumberTest" time="27.373" tests="3" errors="2" skipped="0" failures="0">
  <properties>
    <property name="java.specification.version" value="20"/>
    <property name="sun.cpu.isalist" value="amd64"/>
    <property name="sun.jnu.encoding" value="Cp1252"/>
    <property name="java.class.path" value="C:\Users\a880701\eclipse-workspace\Cucumber7\target\test-classes;C:\Users\a880701\eclipse-workspace\Cucumber7\target\classes;C:\Users\a880701\.m2\repository\org\seleniumhq\selenium\selenium-java\4.10.0\selenium-java-4.10.0.jar;C:\Users\a880701\.m2\repository\org\seleniumhq\selenium\selenium-api\4.10.0\selenium-api-4.10.0.jar;C:\Users\a880701\.m2\repository\org\seleniumhq\selenium\selenium-chrome-driver\4.10.0\selenium-chrome-driver-4.10.0.jar;C:\Users\a880701\.m2\repository\com\google\auto\service\auto-service-annotations\1.0.1\auto-service-annotations-1.0.1.jar;C:\Users\a880701\.m2\repository\com\google\auto\service\auto-service\1.0.1\auto-service-1.0.1.jar;C:\Users\a880701\.m2\repository\com\google\auto\auto-common\1.2\auto-common-1.2.jar;C:\Users\a880701\.m2\repository\com\google\guava\guava\31.1-jre\guava-31.1-jre.jar;C:\Users\a880701\.m2\repository\com\google\guava\failureaccess\1.0.1\failureaccess-1.0.1.jar;C:\Users\a880701\.m2\repository\com\google\guava\listenablefuture\9999.0-empty-to-avoid-conflict-with-guava\listenablefuture-9999.0-empty-to-avoid-conflict-with-guava.jar;C:\Users\a880701\.m2\repository\com\google\code\findbugs\jsr305\3.0.2\jsr305-3.0.2.jar;C:\Users\a880701\.m2\repository\org\checkerframework\checker-qual\3.12.0\checker-qual-3.12.0.jar;C:\Users\a880701\.m2\repository\com\google\errorprone\error_prone_annotations\2.11.0\error_prone_annotations-2.11.0.jar;C:\Users\a880701\.m2\repository\com\google\j2objc\j2objc-annotations\1.3\j2objc-annotations-1.3.jar;C:\Users\a880701\.m2\repository\org\seleniumhq\selenium\selenium-chromium-driver\4.10.0\selenium-chromium-driver-4.10.0.jar;C:\Users\a880701\.m2\repository\org\seleniumhq\selenium\selenium-json\4.10.0\selenium-json-4.10.0.jar;C:\Users\a880701\.m2\repository\org\seleniumhq\selenium\selenium-manager\4.10.0\selenium-manager-4.10.0.jar;C:\Users\a880701\.m2\repository\org\seleniumhq\selenium\selenium-devtools-v112\4.10.0\selenium-devtools-v112-4.10.0.jar;C:\Users\a880701\.m2\repository\org\seleniumhq\selenium\selenium-devtools-v113\4.10.0\selenium-devtools-v113-4.10.0.jar;C:\Users\a880701\.m2\repository\org\seleniumhq\selenium\selenium-devtools-v114\4.10.0\selenium-devtools-v114-4.10.0.jar;C:\Users\a880701\.m2\repository\org\seleniumhq\selenium\selenium-devtools-v85\4.10.0\selenium-devtools-v85-4.10.0.jar;C:\Users\a880701\.m2\repository\org\seleniumhq\selenium\selenium-edge-driver\4.10.0\selenium-edge-driver-4.10.0.jar;C:\Users\a880701\.m2\repository\org\seleniumhq\selenium\selenium-firefox-driver\4.10.0\selenium-firefox-driver-4.10.0.jar;C:\Users\a880701\.m2\repository\org\seleniumhq\selenium\selenium-http\4.10.0\selenium-http-4.10.0.jar;C:\Users\a880701\.m2\repository\dev\failsafe\failsafe\3.3.1\failsafe-3.3.1.jar;C:\Users\a880701\.m2\repository\org\seleniumhq\selenium\selenium-ie-driver\4.10.0\selenium-ie-driver-4.10.0.jar;C:\Users\a880701\.m2\repository\org\seleniumhq\selenium\selenium-remote-driver\4.10.0\selenium-remote-driver-4.10.0.jar;C:\Users\a880701\.m2\repository\io\netty\netty-buffer\4.1.92.Final\netty-buffer-4.1.92.Final.jar;C:\Users\a880701\.m2\repository\io\netty\netty-codec-http\4.1.92.Final\netty-codec-http-4.1.92.Final.jar;C:\Users\a880701\.m2\repository\io\netty\netty-codec\4.1.92.Final\netty-codec-4.1.92.Final.jar;C:\Users\a880701\.m2\repository\io\netty\netty-handler\4.1.92.Final\netty-handler-4.1.92.Final.jar;C:\Users\a880701\.m2\repository\io\netty\netty-common\4.1.92.Final\netty-common-4.1.92.Final.jar;C:\Users\a880701\.m2\repository\io\netty\netty-transport-classes-epoll\4.1.92.Final\netty-transport-classes-epoll-4.1.92.Final.jar;C:\Users\a880701\.m2\repository\io\netty\netty-transport-classes-kqueue\4.1.92.Final\netty-transport-classes-kqueue-4.1.92.Final.jar;C:\Users\a880701\.m2\repository\io\netty\netty-transport-native-epoll\4.1.92.Final\netty-transport-native-epoll-4.1.92.Final.jar;C:\Users\a880701\.m2\repository\io\netty\netty-transport-native-kqueue\4.1.92.Final\netty-transport-native-kqueue-4.1.92.Final.jar;C:\Users\a880701\.m2\repository\io\netty\netty-transport-native-unix-common\4.1.92.Final\netty-transport-native-unix-common-4.1.92.Final.jar;C:\Users\a880701\.m2\repository\io\netty\netty-transport\4.1.92.Final\netty-transport-4.1.92.Final.jar;C:\Users\a880701\.m2\repository\io\netty\netty-resolver\4.1.92.Final\netty-resolver-4.1.92.Final.jar;C:\Users\a880701\.m2\repository\io\opentelemetry\opentelemetry-api\1.26.0\opentelemetry-api-1.26.0.jar;C:\Users\a880701\.m2\repository\io\opentelemetry\opentelemetry-context\1.26.0\opentelemetry-context-1.26.0.jar;C:\Users\a880701\.m2\repository\io\opentelemetry\opentelemetry-exporter-logging\1.26.0\opentelemetry-exporter-logging-1.26.0.jar;C:\Users\a880701\.m2\repository\io\opentelemetry\opentelemetry-sdk-metrics\1.26.0\opentelemetry-sdk-metrics-1.26.0.jar;C:\Users\a880701\.m2\repository\io\opentelemetry\opentelemetry-extension-incubator\1.26.0-alpha\opentelemetry-extension-incubator-1.26.0-alpha.jar;C:\Users\a880701\.m2\repository\io\opentelemetry\opentelemetry-sdk-logs\1.26.0-alpha\opentelemetry-sdk-logs-1.26.0-alpha.jar;C:\Users\a880701\.m2\repository\io\opentelemetry\opentelemetry-api-logs\1.26.0-alpha\opentelemetry-api-logs-1.26.0-alpha.jar;C:\Users\a880701\.m2\repository\io\opentelemetry\opentelemetry-api-events\1.26.0-alpha\opentelemetry-api-events-1.26.0-alpha.jar;C:\Users\a880701\.m2\repository\io\opentelemetry\opentelemetry-sdk-common\1.26.0\opentelemetry-sdk-common-1.26.0.jar;C:\Users\a880701\.m2\repository\io\opentelemetry\opentelemetry-sdk-extension-autoconfigure-spi\1.26.0\opentelemetry-sdk-extension-autoconfigure-spi-1.26.0.jar;C:\Users\a880701\.m2\repository\io\opentelemetry\opentelemetry-sdk-extension-autoconfigure\1.26.0-alpha\opentelemetry-sdk-extension-autoconfigure-1.26.0-alpha.jar;C:\Users\a880701\.m2\repository\io\opentelemetry\opentelemetry-sdk-trace\1.26.0\opentelemetry-sdk-trace-1.26.0.jar;C:\Users\a880701\.m2\repository\io\opentelemetry\opentelemetry-sdk\1.26.0\opentelemetry-sdk-1.26.0.jar;C:\Users\a880701\.m2\repository\io\opentelemetry\opentelemetry-semconv\1.26.0-alpha\opentelemetry-semconv-1.26.0-alpha.jar;C:\Users\a880701\.m2\repository\net\bytebuddy\byte-buddy\1.14.4\byte-buddy-1.14.4.jar;C:\Users\a880701\.m2\repository\org\apache\commons\commons-exec\1.3\commons-exec-1.3.jar;C:\Users\a880701\.m2\repository\org\asynchttpclient\async-http-client\2.12.3\async-http-client-2.12.3.jar;C:\Users\a880701\.m2\repository\org\asynchttpclient\async-http-client-netty-utils\2.12.3\async-http-client-netty-utils-2.12.3.jar;C:\Users\a880701\.m2\repository\io\netty\netty-codec-socks\4.1.60.Final\netty-codec-socks-4.1.60.Final.jar;C:\Users\a880701\.m2\repository\io\netty\netty-handler-proxy\4.1.60.Final\netty-handler-proxy-4.1.60.Final.jar;C:\Users\a880701\.m2\repository\io\netty\netty-transport-native-epoll\4.1.60.Final\netty-transport-native-epoll-4.1.60.Final-linux-x86_64.jar;C:\Users\a880701\.m2\repository\io\netty\netty-transport-native-kqueue\4.1.60.Final\netty-transport-native-kqueue-4.1.60.Final-osx-x86_64.jar;C:\Users\a880701\.m2\repository\com\typesafe\netty\netty-reactive-streams\2.0.4\netty-reactive-streams-2.0.4.jar;C:\Users\a880701\.m2\repository\com\sun\activation\jakarta.activation\1.2.2\jakarta.activation-1.2.2.jar;C:\Users\a880701\.m2\repository\org\seleniumhq\selenium\selenium-safari-driver\4.10.0\selenium-safari-driver-4.10.0.jar;C:\Users\a880701\.m2\repository\org\seleniumhq\selenium\selenium-support\4.10.0\selenium-support-4.10.0.jar;C:\Users\a880701\.m2\repository\org\junit\jupiter\junit-jupiter-api\5.10.0-RC1\junit-jupiter-api-5.10.0-RC1.jar;C:\Users\a880701\.m2\repository\org\opentest4j\opentest4j\1.3.0\opentest4j-1.3.0.jar;C:\Users\a880701\.m2\repository\org\junit\platform\junit-platform-commons\1.10.0-RC1\junit-platform-commons-1.10.0-RC1.jar;C:\Users\a880701\.m2\repository\org\apiguardian\apiguardian-api\1.1.2\apiguardian-api-1.1.2.jar;C:\Users\a880701\.m2\repository\io\cucumber\cucumber-jvm-deps\1.0.6\cucumber-jvm-deps-1.0.6.jar;C:\Users\a880701\.m2\repository\io\cucumber\cucumber-java\7.13.0\cucumber-java-7.13.0.jar;C:\Users\a880701\.m2\repository\io\cucumber\cucumber-core\7.13.0\cucumber-core-7.13.0.jar;C:\Users\a880701\.m2\repository\io\cucumber\cucumber-gherkin\7.13.0\cucumber-gherkin-7.13.0.jar;C:\Users\a880701\.m2\repository\io\cucumber\cucumber-gherkin-messages\7.13.0\cucumber-gherkin-messages-7.13.0.jar;C:\Users\a880701\.m2\repository\io\cucumber\gherkin\26.2.0\gherkin-26.2.0.jar;C:\Users\a880701\.m2\repository\io\cucumber\messages\22.0.0\messages-22.0.0.jar;C:\Users\a880701\.m2\repository\io\cucumber\tag-expressions\5.0.1\tag-expressions-5.0.1.jar;C:\Users\a880701\.m2\repository\io\cucumber\cucumber-expressions\16.1.2\cucumber-expressions-16.1.2.jar;C:\Users\a880701\.m2\repository\io\cucumber\datatable\7.13.0\datatable-7.13.0.jar;C:\Users\a880701\.m2\repository\io\cucumber\cucumber-plugin\7.13.0\cucumber-plugin-7.13.0.jar;C:\Users\a880701\.m2\repository\io\cucumber\docstring\7.13.0\docstring-7.13.0.jar;C:\Users\a880701\.m2\repository\io\cucumber\html-formatter\20.3.1\html-formatter-20.3.1.jar;C:\Users\a880701\.m2\repository\io\cucumber\junit-xml-formatter\0.2.0\junit-xml-formatter-0.2.0.jar;C:\Users\a880701\.m2\repository\io\cucumber\ci-environment\9.2.0\ci-environment-9.2.0.jar;C:\Users\a880701\.m2\repository\com\vimalselvam\cucumber-extentsreport\3.1.1\cucumber-extentsreport-3.1.1.jar;C:\Users\a880701\.m2\repository\com\aventstack\extentreports\5.0.9\extentreports-5.0.9.jar;C:\Users\a880701\.m2\repository\io\reactivex\rxjava3\rxjava\3.0.4\rxjava-3.0.4.jar;C:\Users\a880701\.m2\repository\org\reactivestreams\reactive-streams\1.0.3\reactive-streams-1.0.3.jar;C:\Users\a880701\.m2\repository\org\freemarker\freemarker\2.3.30\freemarker-2.3.30.jar;C:\Users\a880701\.m2\repository\org\projectlombok\lombok\1.18.12\lombok-1.18.12.jar;C:\Users\a880701\.m2\repository\com\google\code\gson\gson\2.8.6\gson-2.8.6.jar;C:\Users\a880701\.m2\repository\ch\qos\logback\logback-classic\1.4.8\logback-classic-1.4.8.jar;C:\Users\a880701\.m2\repository\ch\qos\logback\logback-core\1.4.8\logback-core-1.4.8.jar;C:\Users\a880701\.m2\repository\org\slf4j\slf4j-api\2.0.7\slf4j-api-2.0.7.jar;C:\Users\a880701\.m2\repository\io\cucumber\cucumber-junit\7.13.0\cucumber-junit-7.13.0.jar;C:\Users\a880701\.m2\repository\junit\junit\4.13.2\junit-4.13.2.jar;C:\Users\a880701\.m2\repository\org\hamcrest\hamcrest-core\1.3\hamcrest-core-1.3.jar;"/>
    <property name="java.vm.vendor" value="Oracle Corporation"/>
    <property name="sun.arch.data.model" value="64"/>
    <property name="user.variant" value=""/>
    <property name="java.vendor.url" value="https://java.oracle.com/"/>
    <property name="user.timezone" value="Europe/Amsterdam"/>
    <property name="os.name" value="Windows 10"/>
    <property name="java.vm.specification.version" value="20"/>
    <property name="sun.java.launcher" value="SUN_STANDARD"/>
    <property name="user.country" value="NL"/>
    <property name="sun.boot.library.path" value="C:\Program Files\Java\jdk-20\bin"/>
    <property name="sun.java.command" value="C:\Users\a880701\AppData\Local\Temp\surefire5511086674597556396\surefirebooter-20230718130554390_3.jar C:\Users\a880701\AppData\Local\Temp\surefire5511086674597556396 2023-07-18T13-05-54_277-jvmRun1 surefire-20230718130554390_1tmp surefire_0-20230718130554390_2tmp"/>
    <property name="jdk.debug" value="release"/>
    <property name="surefire.test.class.path" value="C:\Users\a880701\eclipse-workspace\Cucumber7\target\test-classes;C:\Users\a880701\eclipse-workspace\Cucumber7\target\classes;C:\Users\a880701\.m2\repository\org\seleniumhq\selenium\selenium-java\4.10.0\selenium-java-4.10.0.jar;C:\Users\a880701\.m2\repository\org\seleniumhq\selenium\selenium-api\4.10.0\selenium-api-4.10.0.jar;C:\Users\a880701\.m2\repository\org\seleniumhq\selenium\selenium-chrome-driver\4.10.0\selenium-chrome-driver-4.10.0.jar;C:\Users\a880701\.m2\repository\com\google\auto\service\auto-service-annotations\1.0.1\auto-service-annotations-1.0.1.jar;C:\Users\a880701\.m2\repository\com\google\auto\service\auto-service\1.0.1\auto-service-1.0.1.jar;C:\Users\a880701\.m2\repository\com\google\auto\auto-common\1.2\auto-common-1.2.jar;C:\Users\a880701\.m2\repository\com\google\guava\guava\31.1-jre\guava-31.1-jre.jar;C:\Users\a880701\.m2\repository\com\google\guava\failureaccess\1.0.1\failureaccess-1.0.1.jar;C:\Users\a880701\.m2\repository\com\google\guava\listenablefuture\9999.0-empty-to-avoid-conflict-with-guava\listenablefuture-9999.0-empty-to-avoid-conflict-with-guava.jar;C:\Users\a880701\.m2\repository\com\google\code\findbugs\jsr305\3.0.2\jsr305-3.0.2.jar;C:\Users\a880701\.m2\repository\org\checkerframework\checker-qual\3.12.0\checker-qual-3.12.0.jar;C:\Users\a880701\.m2\repository\com\google\errorprone\error_prone_annotations\2.11.0\error_prone_annotations-2.11.0.jar;C:\Users\a880701\.m2\repository\com\google\j2objc\j2objc-annotations\1.3\j2objc-annotations-1.3.jar;C:\Users\a880701\.m2\repository\org\seleniumhq\selenium\selenium-chromium-driver\4.10.0\selenium-chromium-driver-4.10.0.jar;C:\Users\a880701\.m2\repository\org\seleniumhq\selenium\selenium-json\4.10.0\selenium-json-4.10.0.jar;C:\Users\a880701\.m2\repository\org\seleniumhq\selenium\selenium-manager\4.10.0\selenium-manager-4.10.0.jar;C:\Users\a880701\.m2\repository\org\seleniumhq\selenium\selenium-devtools-v112\4.10.0\selenium-devtools-v112-4.10.0.jar;C:\Users\a880701\.m2\repository\org\seleniumhq\selenium\selenium-devtools-v113\4.10.0\selenium-devtools-v113-4.10.0.jar;C:\Users\a880701\.m2\repository\org\seleniumhq\selenium\selenium-devtools-v114\4.10.0\selenium-devtools-v114-4.10.0.jar;C:\Users\a880701\.m2\repository\org\seleniumhq\selenium\selenium-devtools-v85\4.10.0\selenium-devtools-v85-4.10.0.jar;C:\Users\a880701\.m2\repository\org\seleniumhq\selenium\selenium-edge-driver\4.10.0\selenium-edge-driver-4.10.0.jar;C:\Users\a880701\.m2\repository\org\seleniumhq\selenium\selenium-firefox-driver\4.10.0\selenium-firefox-driver-4.10.0.jar;C:\Users\a880701\.m2\repository\org\seleniumhq\selenium\selenium-http\4.10.0\selenium-http-4.10.0.jar;C:\Users\a880701\.m2\repository\dev\failsafe\failsafe\3.3.1\failsafe-3.3.1.jar;C:\Users\a880701\.m2\repository\org\seleniumhq\selenium\selenium-ie-driver\4.10.0\selenium-ie-driver-4.10.0.jar;C:\Users\a880701\.m2\repository\org\seleniumhq\selenium\selenium-remote-driver\4.10.0\selenium-remote-driver-4.10.0.jar;C:\Users\a880701\.m2\repository\io\netty\netty-buffer\4.1.92.Final\netty-buffer-4.1.92.Final.jar;C:\Users\a880701\.m2\repository\io\netty\netty-codec-http\4.1.92.Final\netty-codec-http-4.1.92.Final.jar;C:\Users\a880701\.m2\repository\io\netty\netty-codec\4.1.92.Final\netty-codec-4.1.92.Final.jar;C:\Users\a880701\.m2\repository\io\netty\netty-handler\4.1.92.Final\netty-handler-4.1.92.Final.jar;C:\Users\a880701\.m2\repository\io\netty\netty-common\4.1.92.Final\netty-common-4.1.92.Final.jar;C:\Users\a880701\.m2\repository\io\netty\netty-transport-classes-epoll\4.1.92.Final\netty-transport-classes-epoll-4.1.92.Final.jar;C:\Users\a880701\.m2\repository\io\netty\netty-transport-classes-kqueue\4.1.92.Final\netty-transport-classes-kqueue-4.1.92.Final.jar;C:\Users\a880701\.m2\repository\io\netty\netty-transport-native-epoll\4.1.92.Final\netty-transport-native-epoll-4.1.92.Final.jar;C:\Users\a880701\.m2\repository\io\netty\netty-transport-native-kqueue\4.1.92.Final\netty-transport-native-kqueue-4.1.92.Final.jar;C:\Users\a880701\.m2\repository\io\netty\netty-transport-native-unix-common\4.1.92.Final\netty-transport-native-unix-common-4.1.92.Final.jar;C:\Users\a880701\.m2\repository\io\netty\netty-transport\4.1.92.Final\netty-transport-4.1.92.Final.jar;C:\Users\a880701\.m2\repository\io\netty\netty-resolver\4.1.92.Final\netty-resolver-4.1.92.Final.jar;C:\Users\a880701\.m2\repository\io\opentelemetry\opentelemetry-api\1.26.0\opentelemetry-api-1.26.0.jar;C:\Users\a880701\.m2\repository\io\opentelemetry\opentelemetry-context\1.26.0\opentelemetry-context-1.26.0.jar;C:\Users\a880701\.m2\repository\io\opentelemetry\opentelemetry-exporter-logging\1.26.0\opentelemetry-exporter-logging-1.26.0.jar;C:\Users\a880701\.m2\repository\io\opentelemetry\opentelemetry-sdk-metrics\1.26.0\opentelemetry-sdk-metrics-1.26.0.jar;C:\Users\a880701\.m2\repository\io\opentelemetry\opentelemetry-extension-incubator\1.26.0-alpha\opentelemetry-extension-incubator-1.26.0-alpha.jar;C:\Users\a880701\.m2\repository\io\opentelemetry\opentelemetry-sdk-logs\1.26.0-alpha\opentelemetry-sdk-logs-1.26.0-alpha.jar;C:\Users\a880701\.m2\repository\io\opentelemetry\opentelemetry-api-logs\1.26.0-alpha\opentelemetry-api-logs-1.26.0-alpha.jar;C:\Users\a880701\.m2\repository\io\opentelemetry\opentelemetry-api-events\1.26.0-alpha\opentelemetry-api-events-1.26.0-alpha.jar;C:\Users\a880701\.m2\repository\io\opentelemetry\opentelemetry-sdk-common\1.26.0\opentelemetry-sdk-common-1.26.0.jar;C:\Users\a880701\.m2\repository\io\opentelemetry\opentelemetry-sdk-extension-autoconfigure-spi\1.26.0\opentelemetry-sdk-extension-autoconfigure-spi-1.26.0.jar;C:\Users\a880701\.m2\repository\io\opentelemetry\opentelemetry-sdk-extension-autoconfigure\1.26.0-alpha\opentelemetry-sdk-extension-autoconfigure-1.26.0-alpha.jar;C:\Users\a880701\.m2\repository\io\opentelemetry\opentelemetry-sdk-trace\1.26.0\opentelemetry-sdk-trace-1.26.0.jar;C:\Users\a880701\.m2\repository\io\opentelemetry\opentelemetry-sdk\1.26.0\opentelemetry-sdk-1.26.0.jar;C:\Users\a880701\.m2\repository\io\opentelemetry\opentelemetry-semconv\1.26.0-alpha\opentelemetry-semconv-1.26.0-alpha.jar;C:\Users\a880701\.m2\repository\net\bytebuddy\byte-buddy\1.14.4\byte-buddy-1.14.4.jar;C:\Users\a880701\.m2\repository\org\apache\commons\commons-exec\1.3\commons-exec-1.3.jar;C:\Users\a880701\.m2\repository\org\asynchttpclient\async-http-client\2.12.3\async-http-client-2.12.3.jar;C:\Users\a880701\.m2\repository\org\asynchttpclient\async-http-client-netty-utils\2.12.3\async-http-client-netty-utils-2.12.3.jar;C:\Users\a880701\.m2\repository\io\netty\netty-codec-socks\4.1.60.Final\netty-codec-socks-4.1.60.Final.jar;C:\Users\a880701\.m2\repository\io\netty\netty-handler-proxy\4.1.60.Final\netty-handler-proxy-4.1.60.Final.jar;C:\Users\a880701\.m2\repository\io\netty\netty-transport-native-epoll\4.1.60.Final\netty-transport-native-epoll-4.1.60.Final-linux-x86_64.jar;C:\Users\a880701\.m2\repository\io\netty\netty-transport-native-kqueue\4.1.60.Final\netty-transport-native-kqueue-4.1.60.Final-osx-x86_64.jar;C:\Users\a880701\.m2\repository\com\typesafe\netty\netty-reactive-streams\2.0.4\netty-reactive-streams-2.0.4.jar;C:\Users\a880701\.m2\repository\com\sun\activation\jakarta.activation\1.2.2\jakarta.activation-1.2.2.jar;C:\Users\a880701\.m2\repository\org\seleniumhq\selenium\selenium-safari-driver\4.10.0\selenium-safari-driver-4.10.0.jar;C:\Users\a880701\.m2\repository\org\seleniumhq\selenium\selenium-support\4.10.0\selenium-support-4.10.0.jar;C:\Users\a880701\.m2\repository\org\junit\jupiter\junit-jupiter-api\5.10.0-RC1\junit-jupiter-api-5.10.0-RC1.jar;C:\Users\a880701\.m2\repository\org\opentest4j\opentest4j\1.3.0\opentest4j-1.3.0.jar;C:\Users\a880701\.m2\repository\org\junit\platform\junit-platform-commons\1.10.0-RC1\junit-platform-commons-1.10.0-RC1.jar;C:\Users\a880701\.m2\repository\org\apiguardian\apiguardian-api\1.1.2\apiguardian-api-1.1.2.jar;C:\Users\a880701\.m2\repository\io\cucumber\cucumber-jvm-deps\1.0.6\cucumber-jvm-deps-1.0.6.jar;C:\Users\a880701\.m2\repository\io\cucumber\cucumber-java\7.13.0\cucumber-java-7.13.0.jar;C:\Users\a880701\.m2\repository\io\cucumber\cucumber-core\7.13.0\cucumber-core-7.13.0.jar;C:\Users\a880701\.m2\repository\io\cucumber\cucumber-gherkin\7.13.0\cucumber-gherkin-7.13.0.jar;C:\Users\a880701\.m2\repository\io\cucumber\cucumber-gherkin-messages\7.13.0\cucumber-gherkin-messages-7.13.0.jar;C:\Users\a880701\.m2\repository\io\cucumber\gherkin\26.2.0\gherkin-26.2.0.jar;C:\Users\a880701\.m2\repository\io\cucumber\messages\22.0.0\messages-22.0.0.jar;C:\Users\a880701\.m2\repository\io\cucumber\tag-expressions\5.0.1\tag-expressions-5.0.1.jar;C:\Users\a880701\.m2\repository\io\cucumber\cucumber-expressions\16.1.2\cucumber-expressions-16.1.2.jar;C:\Users\a880701\.m2\repository\io\cucumber\datatable\7.13.0\datatable-7.13.0.jar;C:\Users\a880701\.m2\repository\io\cucumber\cucumber-plugin\7.13.0\cucumber-plugin-7.13.0.jar;C:\Users\a880701\.m2\repository\io\cucumber\docstring\7.13.0\docstring-7.13.0.jar;C:\Users\a880701\.m2\repository\io\cucumber\html-formatter\20.3.1\html-formatter-20.3.1.jar;C:\Users\a880701\.m2\repository\io\cucumber\junit-xml-formatter\0.2.0\junit-xml-formatter-0.2.0.jar;C:\Users\a880701\.m2\repository\io\cucumber\ci-environment\9.2.0\ci-environment-9.2.0.jar;C:\Users\a880701\.m2\repository\com\vimalselvam\cucumber-extentsreport\3.1.1\cucumber-extentsreport-3.1.1.jar;C:\Users\a880701\.m2\repository\com\aventstack\extentreports\5.0.9\extentreports-5.0.9.jar;C:\Users\a880701\.m2\repository\io\reactivex\rxjava3\rxjava\3.0.4\rxjava-3.0.4.jar;C:\Users\a880701\.m2\repository\org\reactivestreams\reactive-streams\1.0.3\reactive-streams-1.0.3.jar;C:\Users\a880701\.m2\repository\org\freemarker\freemarker\2.3.30\freemarker-2.3.30.jar;C:\Users\a880701\.m2\repository\org\projectlombok\lombok\1.18.12\lombok-1.18.12.jar;C:\Users\a880701\.m2\repository\com\google\code\gson\gson\2.8.6\gson-2.8.6.jar;C:\Users\a880701\.m2\repository\ch\qos\logback\logback-classic\1.4.8\logback-classic-1.4.8.jar;C:\Users\a880701\.m2\repository\ch\qos\logback\logback-core\1.4.8\logback-core-1.4.8.jar;C:\Users\a880701\.m2\repository\org\slf4j\slf4j-api\2.0.7\slf4j-api-2.0.7.jar;C:\Users\a880701\.m2\repository\io\cucumber\cucumber-junit\7.13.0\cucumber-junit-7.13.0.jar;C:\Users\a880701\.m2\repository\junit\junit\4.13.2\junit-4.13.2.jar;C:\Users\a880701\.m2\repository\org\hamcrest\hamcrest-core\1.3\hamcrest-core-1.3.jar;"/>
    <property name="sun.cpu.endian" value="little"/>
    <property name="user.home" value="C:\Users\a880701"/>
    <property name="user.language" value="nl"/>
    <property name="java.specification.vendor" value="Oracle Corporation"/>
    <property name="java.version.date" value="2023-04-18"/>
    <property name="java.home" value="C:\Program Files\Java\jdk-20"/>
    <property name="file.separator" value="\"/>
    <property name="basedir" value="C:\Users\a880701\eclipse-workspace\Cucumber7"/>
    <property name="style.color" value="always"/>
    <property name="java.vm.compressedOopsMode" value="Zero based"/>
    <property name="line.separator" value="&#10;"/>
    <property name="java.vm.specification.vendor" value="Oracle Corporation"/>
    <property name="java.specification.name" value="Java Platform API Specification"/>
    <property name="surefire.real.class.path" value="C:\Users\a880701\AppData\Local\Temp\surefire5511086674597556396\surefirebooter-20230718130554390_3.jar"/>
    <property name="user.script" value=""/>
    <property name="sun.management.compiler" value="HotSpot 64-Bit Tiered Compilers"/>
    <property name="java.runtime.version" value="20.0.1+9-29"/>
    <property name="user.name" value="a880701"/>
    <property name="stdout.encoding" value="Cp1252"/>
    <property name="path.separator" value=";"/>
    <property name="os.version" value="10.0"/>
    <property name="java.runtime.name" value="Java(TM) SE Runtime Environment"/>
    <property name="file.encoding" value="UTF-8"/>
    <property name="java.vm.name" value="Java HotSpot(TM) 64-Bit Server VM"/>
    <property name="localRepository" value="C:\Users\a880701\.m2\repository"/>
    <property name="java.vendor.url.bug" value="https://bugreport.java.com/bugreport/"/>
    <property name="java.io.tmpdir" value="C:\Users\a880701\AppData\Local\Temp\"/>
    <property name="java.version" value="20.0.1"/>
    <property name="user.dir" value="C:\Users\a880701\eclipse-workspace\Cucumber7"/>
    <property name="os.arch" value="amd64"/>
    <property name="java.vm.specification.name" value="Java Virtual Machine Specification"/>
    <property name="sun.os.patch.level" value=""/>
    <property name="native.encoding" value="Cp1252"/>
    <property name="java.library.path" value="C:\Program Files\Java\jdk-20\bin;C:\WINDOWS\Sun\Java\bin;C:\WINDOWS\system32;C:\WINDOWS;C:/Users/a880701/.p2/pool/plugins/org.eclipse.justj.openjdk.hotspot.jre.full.win32.x86_64_20.0.1.v20230425-1611/jre/bin/server;C:/Users/a880701/.p2/pool/plugins/org.eclipse.justj.openjdk.hotspot.jre.full.win32.x86_64_20.0.1.v20230425-1611/jre/bin;C:\Maven\bin;C:\Program Files\Java\jdk-20.0.1;C:\Chromedriver;C:\Geckodriver;C:\Program Files\Common Files\Oracle\Java\javapath;C:\Program Files (x86)\Common Files\Oracle\Java\javapath;C:\WINDOWS\system32;C:\WINDOWS;C:\WINDOWS\System32\Wbem;C:\WINDOWS\System32\WindowsPowerShell\v1.0\;C:\WINDOWS\System32\OpenSSH\;C:\Program Files (x86)\Common Files\Pulse Secure\VC142.CRT\X64\;C:\Program Files (x86)\Common Files\Pulse Secure\VC142.CRT\X86\;C:\Program Files\dotnet\;C:\ProgramData\chocolatey\bin;C:\Program Files\Microsoft SQL Server\150\Tools\Binn\;C:\Program Files\Microsoft SQL Server\Client SDK\ODBC\170\Tools\Binn\;C:\Program Files\nodejs\;C:\Maven\bin;C:\Users\a880701\AppData\Local\Microsoft\WindowsApps;C:\Users\a880701\AppData\Local\Programs\Microsoft VS Code\bin;C:\Users\a880701\AppData\Local\JetBrains\Toolbox\scripts;C:\Users\a880701\.dotnet\tools;C:\Program Files\JetBrains\PyCharm Community Edition 2022.2.3\bin;;C:\Program Files\Tricentis\Mobile Agent;C:\Users\a880701\AppData\Roaming\npm;C:\Users\a880701\AppData\Local\Programs\Git\cmd;;C:\Users\a880701\OneDrive - Atos\Desktop;;."/>
    <property name="java.vm.info" value="mixed mode, sharing"/>
    <property name="stderr.encoding" value="Cp1252"/>
    <property name="java.vendor" value="Oracle Corporation"/>
    <property name="java.vm.version" value="20.0.1+9-29"/>
    <property name="sun.io.unicode.encoding" value="UnicodeLittle"/>
    <property name="java.class.version" value="64.0"/>
  </properties>
  <testcase name="selecteren van een aantal reizen #1" classname="Alleen een bekende Webshop bezoeker mag de reizen zien of boeken" time="10.004">
    <error message="Could not convert arguments for step [^de bezoeker BoekersInfo invult$] defined at &apos;cucumberSteps.Test_Steps.de_bezoeker_BoekersInfo_invult(java.util.List&lt;cucumberSteps.BoekersInfo&gt;)&apos;.&#10;It appears you did not register a data table type." type="io.cucumber.core.exception.CucumberException"><![CDATA[io.cucumber.core.exception.CucumberException: 
Could not convert arguments for step [^de bezoeker BoekersInfo invult$] defined at 'cucumberSteps.Test_Steps.de_bezoeker_BoekersInfo_invult(java.util.List<cucumberSteps.BoekersInfo>)'.
It appears you did not register a data table type.
	at io.cucumber.core.runner.PickleStepDefinitionMatch.registerDataTableTypeInConfiguration(PickleStepDefinitionMatch.java:96)
	at io.cucumber.core.runner.PickleStepDefinitionMatch.runStep(PickleStepDefinitionMatch.java:50)
	at io.cucumber.core.runner.ExecutionMode$1.execute(ExecutionMode.java:10)
	at io.cucumber.core.runner.TestStep.executeStep(TestStep.java:84)
	at io.cucumber.core.runner.TestStep.run(TestStep.java:56)
	at io.cucumber.core.runner.PickleStepTestStep.run(PickleStepTestStep.java:51)
	at io.cucumber.core.runner.TestCase.run(TestCase.java:84)
	at io.cucumber.core.runner.Runner.runPickle(Runner.java:75)
	at io.cucumber.junit.PickleRunners$NoStepDescriptions.lambda$run$0(PickleRunners.java:151)
	at io.cucumber.core.runtime.CucumberExecutionContext.lambda$runTestCase$5(CucumberExecutionContext.java:137)
	at io.cucumber.core.runtime.RethrowingThrowableCollector.executeAndThrow(RethrowingThrowableCollector.java:23)
	at io.cucumber.core.runtime.CucumberExecutionContext.runTestCase(CucumberExecutionContext.java:137)
	at io.cucumber.junit.PickleRunners$NoStepDescriptions.run(PickleRunners.java:148)
	at io.cucumber.junit.FeatureRunner.runChild(FeatureRunner.java:144)
	at io.cucumber.junit.FeatureRunner.runChild(FeatureRunner.java:28)
	at io.cucumber.junit.FeatureRunner.run(FeatureRunner.java:137)
	at io.cucumber.junit.Cucumber.runChild(Cucumber.java:196)
	at io.cucumber.junit.Cucumber.runChild(Cucumber.java:89)
	at io.cucumber.core.runtime.CucumberExecutionContext.lambda$runFeatures$6(CucumberExecutionContext.java:148)
	at io.cucumber.core.runtime.CucumberExecutionContext.execute(CucumberExecutionContext.java:163)
	at io.cucumber.core.runtime.CucumberExecutionContext.runFeatures(CucumberExecutionContext.java:146)
	at io.cucumber.junit.Cucumber$StartAndFinishTestRun.evaluate(Cucumber.java:226)
Caused by: io.cucumber.datatable.UndefinedDataTableTypeException: Can't convert DataTable to List<cucumberSteps.BoekersInfo>.
Please review these problems:

 - There was no table entry or table row transformer registered for cucumberSteps.BoekersInfo.
   Please consider registering a table entry or row transformer.

 - There was no default table entry transformer registered to transform cucumberSteps.BoekersInfo.
   Please consider registering a default table entry transformer.

Note: Usually solving one is enough
	at io.cucumber.datatable.UndefinedDataTableTypeException.listNoConverterDefined(UndefinedDataTableTypeException.java:102)
	at io.cucumber.datatable.DataTableTypeRegistryTableConverter.toList(DataTableTypeRegistryTableConverter.java:144)
	at io.cucumber.datatable.DataTableTypeRegistryTableConverter.convert(DataTableTypeRegistryTableConverter.java:110)
	at io.cucumber.datatable.DataTable.convert(DataTable.java:478)
	at io.cucumber.core.stepexpression.StepExpressionFactory.lambda$createExpression$0(StepExpressionFactory.java:66)
	at io.cucumber.core.stepexpression.DataTableArgument.getValue(DataTableArgument.java:20)
	at io.cucumber.core.runner.PickleStepDefinitionMatch.runStep(PickleStepDefinitionMatch.java:47)
	... 20 more
]]></error>
    <system-out><![CDATA[13:05:55.178 [main] DEBUG io.netty.util.internal.logging.InternalLoggerFactory -- Using SLF4J as the default logging framework
13:05:55.181 [main] DEBUG io.netty.util.ResourceLeakDetector -- -Dio.netty.leakDetection.level: simple
13:05:55.181 [main] DEBUG io.netty.util.ResourceLeakDetector -- -Dio.netty.leakDetection.targetRecords: 4
13:05:55.183 [main] DEBUG io.netty.util.ResourceLeakDetectorFactory -- Loaded default ResourceLeakDetector: io.netty.util.ResourceLeakDetector@10fde30a
13:05:55.193 [main] DEBUG io.netty.util.internal.PlatformDependent0 -- -Dio.netty.noUnsafe: false
13:05:55.193 [main] DEBUG io.netty.util.internal.PlatformDependent0 -- Java version: 20
13:05:55.194 [main] DEBUG io.netty.util.internal.PlatformDependent0 -- sun.misc.Unsafe.theUnsafe: available
13:05:55.194 [main] DEBUG io.netty.util.internal.PlatformDependent0 -- sun.misc.Unsafe.copyMemory: available
13:05:55.194 [main] DEBUG io.netty.util.internal.PlatformDependent0 -- sun.misc.Unsafe.storeFence: available
13:05:55.195 [main] DEBUG io.netty.util.internal.PlatformDependent0 -- java.nio.Buffer.address: available
13:05:55.195 [main] DEBUG io.netty.util.internal.PlatformDependent0 -- direct buffer constructor: unavailable: Reflective setAccessible(true) disabled
13:05:55.195 [main] DEBUG io.netty.util.internal.PlatformDependent0 -- java.nio.Bits.unaligned: available, true
13:05:55.196 [main] DEBUG io.netty.util.internal.PlatformDependent0 -- jdk.internal.misc.Unsafe.allocateUninitializedArray(int): unavailable: class io.netty.util.internal.PlatformDependent0$7 cannot access class jdk.internal.misc.Unsafe (in module java.base) because module java.base does not export jdk.internal.misc to unnamed module @453da22c
13:05:55.196 [main] DEBUG io.netty.util.internal.PlatformDependent0 -- java.nio.DirectByteBuffer.<init>(long, int): unavailable
13:05:55.196 [main] DEBUG io.netty.util.internal.PlatformDependent -- sun.misc.Unsafe: available
13:05:55.197 [main] DEBUG io.netty.util.internal.PlatformDependent -- maxDirectMemory: 8514437120 bytes (maybe)
13:05:55.198 [main] DEBUG io.netty.util.internal.PlatformDependent -- -Dio.netty.tmpdir: C:\Users\a880701\AppData\Local\Temp (java.io.tmpdir)
13:05:55.198 [main] DEBUG io.netty.util.internal.PlatformDependent -- -Dio.netty.bitMode: 64 (sun.arch.data.model)
13:05:55.198 [main] DEBUG io.netty.util.internal.PlatformDependent -- Platform: Windows
13:05:55.198 [main] DEBUG io.netty.util.internal.PlatformDependent -- -Dio.netty.maxDirectMemory: -1 bytes
13:05:55.198 [main] DEBUG io.netty.util.internal.PlatformDependent -- -Dio.netty.uninitializedArrayAllocationThreshold: -1
13:05:55.199 [main] DEBUG io.netty.util.internal.CleanerJava9 -- java.nio.ByteBuffer.cleaner(): available
13:05:55.199 [main] DEBUG io.netty.util.internal.PlatformDependent -- -Dio.netty.noPreferDirect: false
13:05:55.203 [main] DEBUG io.netty.util.internal.PlatformDependent -- org.jctools-core.MpscChunkedArrayQueue: available
13:05:55.213 [main] DEBUG io.netty.util.internal.InternalThreadLocalMap -- -Dio.netty.threadLocalMap.stringBuilder.initialSize: 1024
13:05:55.213 [main] DEBUG io.netty.util.internal.InternalThreadLocalMap -- -Dio.netty.threadLocalMap.stringBuilder.maxSize: 4096
13:05:55.292 [main] DEBUG io.netty.handler.ssl.JdkSslContext -- Default protocols (JDK): [TLSv1.3, TLSv1.2] 
13:05:55.292 [main] DEBUG io.netty.handler.ssl.JdkSslContext -- Default cipher suites (JDK): [TLS_ECDHE_ECDSA_WITH_AES_256_GCM_SHA384, TLS_ECDHE_ECDSA_WITH_AES_128_GCM_SHA256, TLS_ECDHE_RSA_WITH_AES_128_GCM_SHA256, TLS_ECDHE_RSA_WITH_AES_256_GCM_SHA384, TLS_ECDHE_RSA_WITH_AES_128_CBC_SHA, TLS_ECDHE_RSA_WITH_AES_256_CBC_SHA, TLS_RSA_WITH_AES_128_GCM_SHA256, TLS_RSA_WITH_AES_128_CBC_SHA, TLS_RSA_WITH_AES_256_CBC_SHA, TLS_AES_128_GCM_SHA256, TLS_AES_256_GCM_SHA384]
13:05:55.299 [main] DEBUG io.netty.util.concurrent.GlobalEventExecutor -- -Dio.netty.globalEventExecutor.quietPeriodSeconds: 1
13:05:55.305 [main] DEBUG io.netty.channel.MultithreadEventLoopGroup -- -Dio.netty.eventLoopThreads: 32
13:05:55.310 [main] DEBUG io.netty.channel.nio.NioEventLoop -- -Dio.netty.noKeySetOptimization: false
13:05:55.310 [main] DEBUG io.netty.channel.nio.NioEventLoop -- -Dio.netty.selectorAutoRebuildThreshold: 512
13:05:55.355 [main] DEBUG io.netty.buffer.PooledByteBufAllocator -- -Dio.netty.allocator.numHeapArenas: 32
13:05:55.355 [main] DEBUG io.netty.buffer.PooledByteBufAllocator -- -Dio.netty.allocator.numDirectArenas: 32
13:05:55.355 [main] DEBUG io.netty.buffer.PooledByteBufAllocator -- -Dio.netty.allocator.pageSize: 8192
13:05:55.355 [main] DEBUG io.netty.buffer.PooledByteBufAllocator -- -Dio.netty.allocator.maxOrder: 9
13:05:55.355 [main] DEBUG io.netty.buffer.PooledByteBufAllocator -- -Dio.netty.allocator.chunkSize: 4194304
13:05:55.355 [main] DEBUG io.netty.buffer.PooledByteBufAllocator -- -Dio.netty.allocator.smallCacheSize: 256
13:05:55.355 [main] DEBUG io.netty.buffer.PooledByteBufAllocator -- -Dio.netty.allocator.normalCacheSize: 64
13:05:55.355 [main] DEBUG io.netty.buffer.PooledByteBufAllocator -- -Dio.netty.allocator.maxCachedBufferCapacity: 32768
13:05:55.355 [main] DEBUG io.netty.buffer.PooledByteBufAllocator -- -Dio.netty.allocator.cacheTrimInterval: 8192
13:05:55.355 [main] DEBUG io.netty.buffer.PooledByteBufAllocator -- -Dio.netty.allocator.cacheTrimIntervalMillis: 0
13:05:55.355 [main] DEBUG io.netty.buffer.PooledByteBufAllocator -- -Dio.netty.allocator.useCacheForAllThreads: false
13:05:55.356 [main] DEBUG io.netty.buffer.PooledByteBufAllocator -- -Dio.netty.allocator.maxCachedByteBuffersPerChunk: 1023
13:05:55.363 [main] DEBUG io.netty.buffer.ByteBufUtil -- -Dio.netty.allocator.type: pooled
13:05:55.363 [main] DEBUG io.netty.buffer.ByteBufUtil -- -Dio.netty.threadLocalDirectBufferSize: 0
13:05:55.363 [main] DEBUG io.netty.buffer.ByteBufUtil -- -Dio.netty.maxThreadLocalCharBufferSize: 16384
13:05:55.579 [Forwarding newSession on session null to remote] DEBUG io.netty.channel.DefaultChannelId -- -Dio.netty.processId: 36196 (auto-detected)
13:05:55.580 [Forwarding newSession on session null to remote] DEBUG io.netty.util.NetUtil -- -Djava.net.preferIPv4Stack: false
13:05:55.580 [Forwarding newSession on session null to remote] DEBUG io.netty.util.NetUtil -- -Djava.net.preferIPv6Addresses: false
13:05:55.586 [Forwarding newSession on session null to remote] DEBUG io.netty.util.NetUtilInitializations -- Loopback interface: lo (Software Loopback Interface 1, 127.0.0.1)
13:05:55.587 [Forwarding newSession on session null to remote] DEBUG io.netty.util.NetUtil -- Failed to get SOMAXCONN from sysctl and file \proc\sys\net\core\somaxconn. Default: 200
13:05:55.602 [Forwarding newSession on session null to remote] DEBUG io.netty.channel.DefaultChannelId -- -Dio.netty.machineId: 88:a4:c2:ff:fe:09:a0:d1 (auto-detected)
13:05:55.627 [AsyncHttpClient-1-2] DEBUG io.netty.buffer.AbstractByteBuf -- -Dio.netty.buffer.checkAccessible: true
13:05:55.627 [AsyncHttpClient-1-2] DEBUG io.netty.buffer.AbstractByteBuf -- -Dio.netty.buffer.checkBounds: true
13:05:55.627 [AsyncHttpClient-1-2] DEBUG io.netty.util.ResourceLeakDetectorFactory -- Loaded default ResourceLeakDetector: io.netty.util.ResourceLeakDetector@54710a3
13:05:55.636 [AsyncHttpClient-1-2] DEBUG org.asynchttpclient.netty.channel.NettyConnectListener -- Using new Channel '[id: 0x887c25fe, L:/127.0.0.1:65071 - R:localhost/127.0.0.1:12740]' for 'POST' to '/session'
13:05:55.645 [AsyncHttpClient-1-2] DEBUG io.netty.util.Recycler -- -Dio.netty.recycler.maxCapacityPerThread: 4096
13:05:55.645 [AsyncHttpClient-1-2] DEBUG io.netty.util.Recycler -- -Dio.netty.recycler.ratio: 8
13:05:55.645 [AsyncHttpClient-1-2] DEBUG io.netty.util.Recycler -- -Dio.netty.recycler.chunkSize: 32
13:05:55.645 [AsyncHttpClient-1-2] DEBUG io.netty.util.Recycler -- -Dio.netty.recycler.blocking: false
13:05:55.645 [AsyncHttpClient-1-2] DEBUG io.netty.util.Recycler -- -Dio.netty.recycler.batchFastThreadLocalOnly: true
13:05:56.250 [AsyncHttpClient-1-2] DEBUG io.netty.handler.codec.compression.Brotli -- brotli4j not in the classpath; Brotli support will be unavailable.
13:05:56.250 [AsyncHttpClient-1-2] DEBUG org.asynchttpclient.netty.handler.HttpHandler -- 

Request DefaultHttpRequest(decodeResult: success, version: HTTP/1.1)
POST /session HTTP/1.1
User-Agent: selenium/4.10.0 (java windows)
Content-Length: 254
Content-Type: application/json; charset=utf-8
host: localhost:12740
accept: */*

Response DefaultHttpResponse(decodeResult: success, version: HTTP/1.1)
HTTP/1.1 200 OK
Content-Length: 862
Content-Type: application/json; charset=utf-8
cache-control: no-cache

13:05:56.254 [AsyncHttpClient-1-2] DEBUG org.asynchttpclient.netty.channel.ChannelManager -- Adding key: http://localhost:12740 for channel [id: 0x887c25fe, L:/127.0.0.1:65071 - R:localhost/127.0.0.1:12740]
13:05:56.295 [AsyncHttpClient-1-3] DEBUG org.asynchttpclient.netty.channel.NettyConnectListener -- Using new Channel '[id: 0x741322f0, L:/127.0.0.1:65092 - R:localhost/127.0.0.1:65083]' for 'GET' to '/json/version'
13:05:56.297 [AsyncHttpClient-1-3] DEBUG org.asynchttpclient.netty.handler.HttpHandler -- 

Request DefaultFullHttpRequest(decodeResult: success, version: HTTP/1.1, content: EmptyByteBufBE)
GET /json/version HTTP/1.1
User-Agent: selenium/4.10.0 (java windows)
host: localhost:65083
accept: */*

Response DefaultHttpResponse(decodeResult: success, version: HTTP/1.1)
HTTP/1.1 200 OK
Content-Security-Policy: frame-ancestors 'none'
Content-Length: 424
Content-Type: application/json; charset=UTF-8

13:05:56.298 [AsyncHttpClient-1-3] DEBUG org.asynchttpclient.netty.channel.ChannelManager -- Adding key: http://localhost:65083 for channel [id: 0x741322f0, L:/127.0.0.1:65092 - R:localhost/127.0.0.1:65083]
13:05:56.302 [main] DEBUG io.netty.util.internal.ThreadLocalRandom -- -Dio.netty.initialSeedUniquifier: 0x8a6cbebc171d738c
13:05:56.305 [AsyncHttpClient-1-4] DEBUG org.asynchttpclient.netty.channel.NettyConnectListener -- Using new Channel '[id: 0x54786d26, L:/127.0.0.1:65093 - R:localhost/127.0.0.1:65083]' for 'GET' to '/devtools/browser/3be8fe7f-8431-404d-8901-675de672c947'
13:05:56.307 [AsyncHttpClient-1-4] DEBUG org.asynchttpclient.netty.handler.WebSocketHandler -- 

Request DefaultFullHttpRequest(decodeResult: success, version: HTTP/1.1, content: EmptyByteBufBE)
GET /devtools/browser/3be8fe7f-8431-404d-8901-675de672c947 HTTP/1.1
upgrade: websocket
connection: upgrade
sec-websocket-key: Ovs6P2zlUu+4y37FSeVVVg==
sec-websocket-version: 13
origin: http://localhost:65083
host: localhost:65083
accept: */*
user-agent: AHC/2.1

Response DefaultHttpResponse(decodeResult: success, version: HTTP/1.1)
HTTP/1.1 101 WebSocket Protocol Handshake
Upgrade: WebSocket
Connection: Upgrade
Sec-WebSocket-Accept: OVV961yy7skaD++A3rkcAIwV8Yw=

13:05:56.308 [AsyncHttpClient-1-1] DEBUG org.asynchttpclient.netty.channel.DefaultChannelPool -- Entry count for : http://localhost:12740 : 1
13:05:56.308 [AsyncHttpClient-1-1] DEBUG org.asynchttpclient.netty.channel.DefaultChannelPool -- Entry count for : http://localhost:65083 : 1
13:05:56.326 [Forwarding fullscreenCurrentWindow on session db756c82607839ee1aebe9454ce4d454 to remote] DEBUG org.asynchttpclient.netty.request.NettyRequestSender -- Using pooled Channel '[id: 0x887c25fe, L:/127.0.0.1:65071 - R:localhost/127.0.0.1:12740]' for 'POST' to 'http://localhost:12740/session/db756c82607839ee1aebe9454ce4d454/window/fullscreen'
13:05:56.326 [Forwarding fullscreenCurrentWindow on session db756c82607839ee1aebe9454ce4d454 to remote] DEBUG org.asynchttpclient.netty.request.NettyRequestSender -- Using open Channel [id: 0x887c25fe, L:/127.0.0.1:65071 - R:localhost/127.0.0.1:12740] for POST '/session/db756c82607839ee1aebe9454ce4d454/window/fullscreen'
13:05:56.345 [AsyncHttpClient-1-2] DEBUG org.asynchttpclient.netty.handler.HttpHandler -- 

Request DefaultHttpRequest(decodeResult: success, version: HTTP/1.1)
POST /session/db756c82607839ee1aebe9454ce4d454/window/fullscreen HTTP/1.1
User-Agent: selenium/4.10.0 (java windows)
Content-Length: 3
Content-Type: application/json; charset=utf-8
host: localhost:12740
accept: */*

Response DefaultHttpResponse(decodeResult: success, version: HTTP/1.1)
HTTP/1.1 200 OK
Content-Length: 49
Content-Type: application/json; charset=utf-8
cache-control: no-cache

13:05:56.345 [AsyncHttpClient-1-2] DEBUG org.asynchttpclient.netty.channel.ChannelManager -- Adding key: http://localhost:12740 for channel [id: 0x887c25fe, L:/127.0.0.1:65071 - R:localhost/127.0.0.1:12740]
13:05:56.347 [Forwarding get on session db756c82607839ee1aebe9454ce4d454 to remote] DEBUG org.asynchttpclient.netty.request.NettyRequestSender -- Using pooled Channel '[id: 0x887c25fe, L:/127.0.0.1:65071 - R:localhost/127.0.0.1:12740]' for 'POST' to 'http://localhost:12740/session/db756c82607839ee1aebe9454ce4d454/url'
13:05:56.348 [Forwarding get on session db756c82607839ee1aebe9454ce4d454 to remote] DEBUG org.asynchttpclient.netty.request.NettyRequestSender -- Using open Channel [id: 0x887c25fe, L:/127.0.0.1:65071 - R:localhost/127.0.0.1:12740] for POST '/session/db756c82607839ee1aebe9454ce4d454/url'
13:05:57.409 [AsyncHttpClient-1-1] DEBUG org.asynchttpclient.netty.channel.DefaultChannelPool -- Entry count for : http://localhost:65083 : 1
13:05:58.507 [AsyncHttpClient-1-1] DEBUG org.asynchttpclient.netty.channel.DefaultChannelPool -- Entry count for : http://localhost:65083 : 1
13:05:59.616 [AsyncHttpClient-1-1] DEBUG org.asynchttpclient.netty.channel.DefaultChannelPool -- Entry count for : http://localhost:65083 : 1
13:06:00.708 [AsyncHttpClient-1-1] DEBUG org.asynchttpclient.netty.channel.DefaultChannelPool -- Entry count for : http://localhost:65083 : 1
13:06:01.113 [AsyncHttpClient-1-2] DEBUG org.asynchttpclient.netty.handler.HttpHandler -- 

Request DefaultHttpRequest(decodeResult: success, version: HTTP/1.1)
POST /session/db756c82607839ee1aebe9454ce4d454/url HTTP/1.1
User-Agent: selenium/4.10.0 (java windows)
Content-Length: 68
Content-Type: application/json; charset=utf-8
host: localhost:12740
accept: */*

Response DefaultHttpResponse(decodeResult: success, version: HTTP/1.1)
HTTP/1.1 200 OK
Content-Length: 14
Content-Type: application/json; charset=utf-8
cache-control: no-cache

13:06:01.114 [AsyncHttpClient-1-2] DEBUG org.asynchttpclient.netty.channel.ChannelManager -- Adding key: http://localhost:12740 for channel [id: 0x887c25fe, L:/127.0.0.1:65071 - R:localhost/127.0.0.1:12740]
13:06:01.118 [Forwarding findElement on session db756c82607839ee1aebe9454ce4d454 to remote] DEBUG org.asynchttpclient.netty.request.NettyRequestSender -- Using pooled Channel '[id: 0x887c25fe, L:/127.0.0.1:65071 - R:localhost/127.0.0.1:12740]' for 'POST' to 'http://localhost:12740/session/db756c82607839ee1aebe9454ce4d454/element'
13:06:01.118 [Forwarding findElement on session db756c82607839ee1aebe9454ce4d454 to remote] DEBUG org.asynchttpclient.netty.request.NettyRequestSender -- Using open Channel [id: 0x887c25fe, L:/127.0.0.1:65071 - R:localhost/127.0.0.1:12740] for POST '/session/db756c82607839ee1aebe9454ce4d454/element'
13:06:01.127 [AsyncHttpClient-1-2] DEBUG org.asynchttpclient.netty.handler.HttpHandler -- 

Request DefaultHttpRequest(decodeResult: success, version: HTTP/1.1)
POST /session/db756c82607839ee1aebe9454ce4d454/element HTTP/1.1
User-Agent: selenium/4.10.0 (java windows)
Content-Length: 53
Content-Type: application/json; charset=utf-8
host: localhost:12740
accept: */*

Response DefaultHttpResponse(decodeResult: success, version: HTTP/1.1)
HTTP/1.1 200 OK
Content-Length: 95
Content-Type: application/json; charset=utf-8
cache-control: no-cache

13:06:01.128 [AsyncHttpClient-1-2] DEBUG org.asynchttpclient.netty.channel.ChannelManager -- Adding key: http://localhost:12740 for channel [id: 0x887c25fe, L:/127.0.0.1:65071 - R:localhost/127.0.0.1:12740]
13:06:01.130 [Forwarding getTitle on session db756c82607839ee1aebe9454ce4d454 to remote] DEBUG org.asynchttpclient.netty.request.NettyRequestSender -- Using pooled Channel '[id: 0x887c25fe, L:/127.0.0.1:65071 - R:localhost/127.0.0.1:12740]' for 'GET' to 'http://localhost:12740/session/db756c82607839ee1aebe9454ce4d454/title'
13:06:01.130 [Forwarding getTitle on session db756c82607839ee1aebe9454ce4d454 to remote] DEBUG org.asynchttpclient.netty.request.NettyRequestSender -- Using open Channel [id: 0x887c25fe, L:/127.0.0.1:65071 - R:localhost/127.0.0.1:12740] for GET '/session/db756c82607839ee1aebe9454ce4d454/title'
13:06:01.133 [AsyncHttpClient-1-2] DEBUG org.asynchttpclient.netty.handler.HttpHandler -- 

Request DefaultFullHttpRequest(decodeResult: success, version: HTTP/1.1, content: EmptyByteBufBE)
GET /session/db756c82607839ee1aebe9454ce4d454/title HTTP/1.1
User-Agent: selenium/4.10.0 (java windows)
Cache-Control: no-cache
Content-Type: application/json; charset=utf-8
host: localhost:12740
accept: */*

Response DefaultHttpResponse(decodeResult: success, version: HTTP/1.1)
HTTP/1.1 200 OK
Content-Length: 50
Content-Type: application/json; charset=utf-8
cache-control: no-cache

13:06:01.133 [AsyncHttpClient-1-2] DEBUG org.asynchttpclient.netty.channel.ChannelManager -- Adding key: http://localhost:12740 for channel [id: 0x887c25fe, L:/127.0.0.1:65071 - R:localhost/127.0.0.1:12740]
controle LoginPage met succes uitgevoerd
13:06:01.138 [Forwarding findElement on session db756c82607839ee1aebe9454ce4d454 to remote] DEBUG org.asynchttpclient.netty.request.NettyRequestSender -- Using pooled Channel '[id: 0x887c25fe, L:/127.0.0.1:65071 - R:localhost/127.0.0.1:12740]' for 'POST' to 'http://localhost:12740/session/db756c82607839ee1aebe9454ce4d454/element'
13:06:01.138 [Forwarding findElement on session db756c82607839ee1aebe9454ce4d454 to remote] DEBUG org.asynchttpclient.netty.request.NettyRequestSender -- Using open Channel [id: 0x887c25fe, L:/127.0.0.1:65071 - R:localhost/127.0.0.1:12740] for POST '/session/db756c82607839ee1aebe9454ce4d454/element'
13:06:01.144 [AsyncHttpClient-1-2] DEBUG org.asynchttpclient.netty.handler.HttpHandler -- 

Request DefaultHttpRequest(decodeResult: success, version: HTTP/1.1)
POST /session/db756c82607839ee1aebe9454ce4d454/element HTTP/1.1
User-Agent: selenium/4.10.0 (java windows)
Content-Length: 53
Content-Type: application/json; charset=utf-8
host: localhost:12740
accept: */*

Response DefaultHttpResponse(decodeResult: success, version: HTTP/1.1)
HTTP/1.1 200 OK
Content-Length: 95
Content-Type: application/json; charset=utf-8
cache-control: no-cache

13:06:01.144 [AsyncHttpClient-1-2] DEBUG org.asynchttpclient.netty.channel.ChannelManager -- Adding key: http://localhost:12740 for channel [id: 0x887c25fe, L:/127.0.0.1:65071 - R:localhost/127.0.0.1:12740]
13:06:01.146 [Forwarding clearElement on session db756c82607839ee1aebe9454ce4d454 to remote] DEBUG org.asynchttpclient.netty.request.NettyRequestSender -- Using pooled Channel '[id: 0x887c25fe, L:/127.0.0.1:65071 - R:localhost/127.0.0.1:12740]' for 'POST' to 'http://localhost:12740/session/db756c82607839ee1aebe9454ce4d454/element/64852295632E7C229CCFCEFF2D8B861C_element_29/clear'
13:06:01.146 [Forwarding clearElement on session db756c82607839ee1aebe9454ce4d454 to remote] DEBUG org.asynchttpclient.netty.request.NettyRequestSender -- Using open Channel [id: 0x887c25fe, L:/127.0.0.1:65071 - R:localhost/127.0.0.1:12740] for POST '/session/db756c82607839ee1aebe9454ce4d454/element/64852295632E7C229CCFCEFF2D8B861C_element_29/clear'
13:06:01.168 [AsyncHttpClient-1-2] DEBUG org.asynchttpclient.netty.handler.HttpHandler -- 

Request DefaultHttpRequest(decodeResult: success, version: HTTP/1.1)
POST /session/db756c82607839ee1aebe9454ce4d454/element/64852295632E7C229CCFCEFF2D8B861C_element_29/clear HTTP/1.1
User-Agent: selenium/4.10.0 (java windows)
Content-Length: 57
Content-Type: application/json; charset=utf-8
host: localhost:12740
accept: */*

Response DefaultHttpResponse(decodeResult: success, version: HTTP/1.1)
HTTP/1.1 200 OK
Content-Length: 14
Content-Type: application/json; charset=utf-8
cache-control: no-cache

13:06:01.168 [AsyncHttpClient-1-2] DEBUG org.asynchttpclient.netty.channel.ChannelManager -- Adding key: http://localhost:12740 for channel [id: 0x887c25fe, L:/127.0.0.1:65071 - R:localhost/127.0.0.1:12740]
13:06:01.170 [Forwarding findElement on session db756c82607839ee1aebe9454ce4d454 to remote] DEBUG org.asynchttpclient.netty.request.NettyRequestSender -- Using pooled Channel '[id: 0x887c25fe, L:/127.0.0.1:65071 - R:localhost/127.0.0.1:12740]' for 'POST' to 'http://localhost:12740/session/db756c82607839ee1aebe9454ce4d454/element'
13:06:01.170 [Forwarding findElement on session db756c82607839ee1aebe9454ce4d454 to remote] DEBUG org.asynchttpclient.netty.request.NettyRequestSender -- Using open Channel [id: 0x887c25fe, L:/127.0.0.1:65071 - R:localhost/127.0.0.1:12740] for POST '/session/db756c82607839ee1aebe9454ce4d454/element'
13:06:01.176 [AsyncHttpClient-1-2] DEBUG org.asynchttpclient.netty.handler.HttpHandler -- 

Request DefaultHttpRequest(decodeResult: success, version: HTTP/1.1)
POST /session/db756c82607839ee1aebe9454ce4d454/element HTTP/1.1
User-Agent: selenium/4.10.0 (java windows)
Content-Length: 53
Content-Type: application/json; charset=utf-8
host: localhost:12740
accept: */*

Response DefaultHttpResponse(decodeResult: success, version: HTTP/1.1)
HTTP/1.1 200 OK
Content-Length: 95
Content-Type: application/json; charset=utf-8
cache-control: no-cache

13:06:01.177 [AsyncHttpClient-1-2] DEBUG org.asynchttpclient.netty.channel.ChannelManager -- Adding key: http://localhost:12740 for channel [id: 0x887c25fe, L:/127.0.0.1:65071 - R:localhost/127.0.0.1:12740]
13:06:01.179 [Forwarding sendKeysToElement on session db756c82607839ee1aebe9454ce4d454 to remote] DEBUG org.asynchttpclient.netty.request.NettyRequestSender -- Using pooled Channel '[id: 0x887c25fe, L:/127.0.0.1:65071 - R:localhost/127.0.0.1:12740]' for 'POST' to 'http://localhost:12740/session/db756c82607839ee1aebe9454ce4d454/element/64852295632E7C229CCFCEFF2D8B861C_element_29/value'
13:06:01.180 [Forwarding sendKeysToElement on session db756c82607839ee1aebe9454ce4d454 to remote] DEBUG org.asynchttpclient.netty.request.NettyRequestSender -- Using open Channel [id: 0x887c25fe, L:/127.0.0.1:65071 - R:localhost/127.0.0.1:12740] for POST '/session/db756c82607839ee1aebe9454ce4d454/element/64852295632E7C229CCFCEFF2D8B861C_element_29/value'
13:06:01.213 [AsyncHttpClient-1-2] DEBUG org.asynchttpclient.netty.handler.HttpHandler -- 

Request DefaultHttpRequest(decodeResult: success, version: HTTP/1.1)
POST /session/db756c82607839ee1aebe9454ce4d454/element/64852295632E7C229CCFCEFF2D8B861C_element_29/value HTTP/1.1
User-Agent: selenium/4.10.0 (java windows)
Content-Length: 178
Content-Type: application/json; charset=utf-8
host: localhost:12740
accept: */*

Response DefaultHttpResponse(decodeResult: success, version: HTTP/1.1)
HTTP/1.1 200 OK
Content-Length: 14
Content-Type: application/json; charset=utf-8
cache-control: no-cache

13:06:01.213 [AsyncHttpClient-1-2] DEBUG org.asynchttpclient.netty.channel.ChannelManager -- Adding key: http://localhost:12740 for channel [id: 0x887c25fe, L:/127.0.0.1:65071 - R:localhost/127.0.0.1:12740]
13:06:01.215 [Forwarding findElement on session db756c82607839ee1aebe9454ce4d454 to remote] DEBUG org.asynchttpclient.netty.request.NettyRequestSender -- Using pooled Channel '[id: 0x887c25fe, L:/127.0.0.1:65071 - R:localhost/127.0.0.1:12740]' for 'POST' to 'http://localhost:12740/session/db756c82607839ee1aebe9454ce4d454/element'
13:06:01.215 [Forwarding findElement on session db756c82607839ee1aebe9454ce4d454 to remote] DEBUG org.asynchttpclient.netty.request.NettyRequestSender -- Using open Channel [id: 0x887c25fe, L:/127.0.0.1:65071 - R:localhost/127.0.0.1:12740] for POST '/session/db756c82607839ee1aebe9454ce4d454/element'
13:06:01.222 [AsyncHttpClient-1-2] DEBUG org.asynchttpclient.netty.handler.HttpHandler -- 

Request DefaultHttpRequest(decodeResult: success, version: HTTP/1.1)
POST /session/db756c82607839ee1aebe9454ce4d454/element HTTP/1.1
User-Agent: selenium/4.10.0 (java windows)
Content-Length: 53
Content-Type: application/json; charset=utf-8
host: localhost:12740
accept: */*

Response DefaultHttpResponse(decodeResult: success, version: HTTP/1.1)
HTTP/1.1 200 OK
Content-Length: 94
Content-Type: application/json; charset=utf-8
cache-control: no-cache

13:06:01.222 [AsyncHttpClient-1-2] DEBUG org.asynchttpclient.netty.channel.ChannelManager -- Adding key: http://localhost:12740 for channel [id: 0x887c25fe, L:/127.0.0.1:65071 - R:localhost/127.0.0.1:12740]
13:06:01.223 [Forwarding clearElement on session db756c82607839ee1aebe9454ce4d454 to remote] DEBUG org.asynchttpclient.netty.request.NettyRequestSender -- Using pooled Channel '[id: 0x887c25fe, L:/127.0.0.1:65071 - R:localhost/127.0.0.1:12740]' for 'POST' to 'http://localhost:12740/session/db756c82607839ee1aebe9454ce4d454/element/64852295632E7C229CCFCEFF2D8B861C_element_2/clear'
13:06:01.224 [Forwarding clearElement on session db756c82607839ee1aebe9454ce4d454 to remote] DEBUG org.asynchttpclient.netty.request.NettyRequestSender -- Using open Channel [id: 0x887c25fe, L:/127.0.0.1:65071 - R:localhost/127.0.0.1:12740] for POST '/session/db756c82607839ee1aebe9454ce4d454/element/64852295632E7C229CCFCEFF2D8B861C_element_2/clear'
13:06:01.238 [AsyncHttpClient-1-2] DEBUG org.asynchttpclient.netty.handler.HttpHandler -- 

Request DefaultHttpRequest(decodeResult: success, version: HTTP/1.1)
POST /session/db756c82607839ee1aebe9454ce4d454/element/64852295632E7C229CCFCEFF2D8B861C_element_2/clear HTTP/1.1
User-Agent: selenium/4.10.0 (java windows)
Content-Length: 56
Content-Type: application/json; charset=utf-8
host: localhost:12740
accept: */*

Response DefaultHttpResponse(decodeResult: success, version: HTTP/1.1)
HTTP/1.1 200 OK
Content-Length: 14
Content-Type: application/json; charset=utf-8
cache-control: no-cache

13:06:01.239 [AsyncHttpClient-1-2] DEBUG org.asynchttpclient.netty.channel.ChannelManager -- Adding key: http://localhost:12740 for channel [id: 0x887c25fe, L:/127.0.0.1:65071 - R:localhost/127.0.0.1:12740]
13:06:01.240 [Forwarding findElement on session db756c82607839ee1aebe9454ce4d454 to remote] DEBUG org.asynchttpclient.netty.request.NettyRequestSender -- Using pooled Channel '[id: 0x887c25fe, L:/127.0.0.1:65071 - R:localhost/127.0.0.1:12740]' for 'POST' to 'http://localhost:12740/session/db756c82607839ee1aebe9454ce4d454/element'
13:06:01.240 [Forwarding findElement on session db756c82607839ee1aebe9454ce4d454 to remote] DEBUG org.asynchttpclient.netty.request.NettyRequestSender -- Using open Channel [id: 0x887c25fe, L:/127.0.0.1:65071 - R:localhost/127.0.0.1:12740] for POST '/session/db756c82607839ee1aebe9454ce4d454/element'
13:06:01.244 [AsyncHttpClient-1-2] DEBUG org.asynchttpclient.netty.handler.HttpHandler -- 

Request DefaultHttpRequest(decodeResult: success, version: HTTP/1.1)
POST /session/db756c82607839ee1aebe9454ce4d454/element HTTP/1.1
User-Agent: selenium/4.10.0 (java windows)
Content-Length: 53
Content-Type: application/json; charset=utf-8
host: localhost:12740
accept: */*

Response DefaultHttpResponse(decodeResult: success, version: HTTP/1.1)
HTTP/1.1 200 OK
Content-Length: 94
Content-Type: application/json; charset=utf-8
cache-control: no-cache

13:06:01.245 [AsyncHttpClient-1-2] DEBUG org.asynchttpclient.netty.channel.ChannelManager -- Adding key: http://localhost:12740 for channel [id: 0x887c25fe, L:/127.0.0.1:65071 - R:localhost/127.0.0.1:12740]
13:06:01.246 [Forwarding sendKeysToElement on session db756c82607839ee1aebe9454ce4d454 to remote] DEBUG org.asynchttpclient.netty.request.NettyRequestSender -- Using pooled Channel '[id: 0x887c25fe, L:/127.0.0.1:65071 - R:localhost/127.0.0.1:12740]' for 'POST' to 'http://localhost:12740/session/db756c82607839ee1aebe9454ce4d454/element/64852295632E7C229CCFCEFF2D8B861C_element_2/value'
13:06:01.246 [Forwarding sendKeysToElement on session db756c82607839ee1aebe9454ce4d454 to remote] DEBUG org.asynchttpclient.netty.request.NettyRequestSender -- Using open Channel [id: 0x887c25fe, L:/127.0.0.1:65071 - R:localhost/127.0.0.1:12740] for POST '/session/db756c82607839ee1aebe9454ce4d454/element/64852295632E7C229CCFCEFF2D8B861C_element_2/value'
13:06:01.277 [AsyncHttpClient-1-2] DEBUG org.asynchttpclient.netty.handler.HttpHandler -- 

Request DefaultHttpRequest(decodeResult: success, version: HTTP/1.1)
POST /session/db756c82607839ee1aebe9454ce4d454/element/64852295632E7C229CCFCEFF2D8B861C_element_2/value HTTP/1.1
User-Agent: selenium/4.10.0 (java windows)
Content-Length: 257
Content-Type: application/json; charset=utf-8
host: localhost:12740
accept: */*

Response DefaultHttpResponse(decodeResult: success, version: HTTP/1.1)
HTTP/1.1 200 OK
Content-Length: 14
Content-Type: application/json; charset=utf-8
cache-control: no-cache

13:06:01.277 [AsyncHttpClient-1-2] DEBUG org.asynchttpclient.netty.channel.ChannelManager -- Adding key: http://localhost:12740 for channel [id: 0x887c25fe, L:/127.0.0.1:65071 - R:localhost/127.0.0.1:12740]
13:06:01.279 [Forwarding findElement on session db756c82607839ee1aebe9454ce4d454 to remote] DEBUG org.asynchttpclient.netty.request.NettyRequestSender -- Using pooled Channel '[id: 0x887c25fe, L:/127.0.0.1:65071 - R:localhost/127.0.0.1:12740]' for 'POST' to 'http://localhost:12740/session/db756c82607839ee1aebe9454ce4d454/element'
13:06:01.279 [Forwarding findElement on session db756c82607839ee1aebe9454ce4d454 to remote] DEBUG org.asynchttpclient.netty.request.NettyRequestSender -- Using open Channel [id: 0x887c25fe, L:/127.0.0.1:65071 - R:localhost/127.0.0.1:12740] for POST '/session/db756c82607839ee1aebe9454ce4d454/element'
13:06:01.286 [AsyncHttpClient-1-2] DEBUG org.asynchttpclient.netty.handler.HttpHandler -- 

Request DefaultHttpRequest(decodeResult: success, version: HTTP/1.1)
POST /session/db756c82607839ee1aebe9454ce4d454/element HTTP/1.1
User-Agent: selenium/4.10.0 (java windows)
Content-Length: 50
Content-Type: application/json; charset=utf-8
host: localhost:12740
accept: */*

Response DefaultHttpResponse(decodeResult: success, version: HTTP/1.1)
HTTP/1.1 200 OK
Content-Length: 95
Content-Type: application/json; charset=utf-8
cache-control: no-cache

13:06:01.286 [AsyncHttpClient-1-2] DEBUG org.asynchttpclient.netty.channel.ChannelManager -- Adding key: http://localhost:12740 for channel [id: 0x887c25fe, L:/127.0.0.1:65071 - R:localhost/127.0.0.1:12740]
13:06:01.288 [Forwarding clickElement on session db756c82607839ee1aebe9454ce4d454 to remote] DEBUG org.asynchttpclient.netty.request.NettyRequestSender -- Using pooled Channel '[id: 0x887c25fe, L:/127.0.0.1:65071 - R:localhost/127.0.0.1:12740]' for 'POST' to 'http://localhost:12740/session/db756c82607839ee1aebe9454ce4d454/element/64852295632E7C229CCFCEFF2D8B861C_element_31/click'
13:06:01.288 [Forwarding clickElement on session db756c82607839ee1aebe9454ce4d454 to remote] DEBUG org.asynchttpclient.netty.request.NettyRequestSender -- Using open Channel [id: 0x887c25fe, L:/127.0.0.1:65071 - R:localhost/127.0.0.1:12740] for POST '/session/db756c82607839ee1aebe9454ce4d454/element/64852295632E7C229CCFCEFF2D8B861C_element_31/click'
13:06:01.810 [AsyncHttpClient-1-1] DEBUG org.asynchttpclient.netty.channel.DefaultChannelPool -- Entry count for : http://localhost:65083 : 1
13:06:02.906 [AsyncHttpClient-1-1] DEBUG org.asynchttpclient.netty.channel.DefaultChannelPool -- Entry count for : http://localhost:65083 : 1
13:06:03.456 [AsyncHttpClient-1-2] DEBUG org.asynchttpclient.netty.handler.HttpHandler -- 

Request DefaultHttpRequest(decodeResult: success, version: HTTP/1.1)
POST /session/db756c82607839ee1aebe9454ce4d454/element/64852295632E7C229CCFCEFF2D8B861C_element_31/click HTTP/1.1
User-Agent: selenium/4.10.0 (java windows)
Content-Length: 57
Content-Type: application/json; charset=utf-8
host: localhost:12740
accept: */*

Response DefaultHttpResponse(decodeResult: success, version: HTTP/1.1)
HTTP/1.1 200 OK
Content-Length: 14
Content-Type: application/json; charset=utf-8
cache-control: no-cache

13:06:03.456 [AsyncHttpClient-1-2] DEBUG org.asynchttpclient.netty.channel.ChannelManager -- Adding key: http://localhost:12740 for channel [id: 0x887c25fe, L:/127.0.0.1:65071 - R:localhost/127.0.0.1:12740]
login transitie met succes uitgevoerd
13:06:03.462 [Forwarding findElement on session db756c82607839ee1aebe9454ce4d454 to remote] DEBUG org.asynchttpclient.netty.request.NettyRequestSender -- Using pooled Channel '[id: 0x887c25fe, L:/127.0.0.1:65071 - R:localhost/127.0.0.1:12740]' for 'POST' to 'http://localhost:12740/session/db756c82607839ee1aebe9454ce4d454/element'
13:06:03.462 [Forwarding findElement on session db756c82607839ee1aebe9454ce4d454 to remote] DEBUG org.asynchttpclient.netty.request.NettyRequestSender -- Using open Channel [id: 0x887c25fe, L:/127.0.0.1:65071 - R:localhost/127.0.0.1:12740] for POST '/session/db756c82607839ee1aebe9454ce4d454/element'
13:06:03.475 [AsyncHttpClient-1-2] DEBUG org.asynchttpclient.netty.handler.HttpHandler -- 

Request DefaultHttpRequest(decodeResult: success, version: HTTP/1.1)
POST /session/db756c82607839ee1aebe9454ce4d454/element HTTP/1.1
User-Agent: selenium/4.10.0 (java windows)
Content-Length: 58
Content-Type: application/json; charset=utf-8
host: localhost:12740
accept: */*

Response DefaultHttpResponse(decodeResult: success, version: HTTP/1.1)
HTTP/1.1 200 OK
Content-Length: 95
Content-Type: application/json; charset=utf-8
cache-control: no-cache

13:06:03.475 [AsyncHttpClient-1-2] DEBUG org.asynchttpclient.netty.channel.ChannelManager -- Adding key: http://localhost:12740 for channel [id: 0x887c25fe, L:/127.0.0.1:65071 - R:localhost/127.0.0.1:12740]
13:06:03.484 [Forwarding getElementAttribute on session db756c82607839ee1aebe9454ce4d454 to remote] DEBUG org.asynchttpclient.netty.request.NettyRequestSender -- Using pooled Channel '[id: 0x887c25fe, L:/127.0.0.1:65071 - R:localhost/127.0.0.1:12740]' for 'POST' to 'http://localhost:12740/session/db756c82607839ee1aebe9454ce4d454/execute/sync'
13:06:03.484 [Forwarding getElementAttribute on session db756c82607839ee1aebe9454ce4d454 to remote] DEBUG org.asynchttpclient.netty.request.NettyRequestSender -- Using open Channel [id: 0x887c25fe, L:/127.0.0.1:65071 - R:localhost/127.0.0.1:12740] for POST '/session/db756c82607839ee1aebe9454ce4d454/execute/sync'
13:06:03.494 [AsyncHttpClient-1-2] DEBUG org.asynchttpclient.netty.handler.HttpHandler -- 

Request DefaultHttpRequest(decodeResult: success, version: HTTP/1.1)
POST /session/db756c82607839ee1aebe9454ce4d454/execute/sync HTTP/1.1
User-Agent: selenium/4.10.0 (java windows)
Content-Length: 47375
Content-Type: application/json; charset=utf-8
host: localhost:12740
accept: */*

Response DefaultHttpResponse(decodeResult: success, version: HTTP/1.1)
HTTP/1.1 200 OK
Content-Length: 28
Content-Type: application/json; charset=utf-8
cache-control: no-cache

13:06:03.494 [AsyncHttpClient-1-2] DEBUG org.asynchttpclient.netty.channel.ChannelManager -- Adding key: http://localhost:12740 for channel [id: 0x887c25fe, L:/127.0.0.1:65071 - R:localhost/127.0.0.1:12740]
13:06:03.495 [Forwarding findElement on session db756c82607839ee1aebe9454ce4d454 to remote] DEBUG org.asynchttpclient.netty.request.NettyRequestSender -- Using pooled Channel '[id: 0x887c25fe, L:/127.0.0.1:65071 - R:localhost/127.0.0.1:12740]' for 'POST' to 'http://localhost:12740/session/db756c82607839ee1aebe9454ce4d454/element'
13:06:03.495 [Forwarding findElement on session db756c82607839ee1aebe9454ce4d454 to remote] DEBUG org.asynchttpclient.netty.request.NettyRequestSender -- Using open Channel [id: 0x887c25fe, L:/127.0.0.1:65071 - R:localhost/127.0.0.1:12740] for POST '/session/db756c82607839ee1aebe9454ce4d454/element'
13:06:03.502 [AsyncHttpClient-1-2] DEBUG org.asynchttpclient.netty.handler.HttpHandler -- 

Request DefaultHttpRequest(decodeResult: success, version: HTTP/1.1)
POST /session/db756c82607839ee1aebe9454ce4d454/element HTTP/1.1
User-Agent: selenium/4.10.0 (java windows)
Content-Length: 53
Content-Type: application/json; charset=utf-8
host: localhost:12740
accept: */*

Response DefaultHttpResponse(decodeResult: success, version: HTTP/1.1)
HTTP/1.1 200 OK
Content-Length: 95
Content-Type: application/json; charset=utf-8
cache-control: no-cache

13:06:03.502 [AsyncHttpClient-1-2] DEBUG org.asynchttpclient.netty.channel.ChannelManager -- Adding key: http://localhost:12740 for channel [id: 0x887c25fe, L:/127.0.0.1:65071 - R:localhost/127.0.0.1:12740]
13:06:03.503 [Forwarding getTitle on session db756c82607839ee1aebe9454ce4d454 to remote] DEBUG org.asynchttpclient.netty.request.NettyRequestSender -- Using pooled Channel '[id: 0x887c25fe, L:/127.0.0.1:65071 - R:localhost/127.0.0.1:12740]' for 'GET' to 'http://localhost:12740/session/db756c82607839ee1aebe9454ce4d454/title'
13:06:03.503 [Forwarding getTitle on session db756c82607839ee1aebe9454ce4d454 to remote] DEBUG org.asynchttpclient.netty.request.NettyRequestSender -- Using open Channel [id: 0x887c25fe, L:/127.0.0.1:65071 - R:localhost/127.0.0.1:12740] for GET '/session/db756c82607839ee1aebe9454ce4d454/title'
13:06:03.505 [AsyncHttpClient-1-2] DEBUG org.asynchttpclient.netty.handler.HttpHandler -- 

Request DefaultFullHttpRequest(decodeResult: success, version: HTTP/1.1, content: EmptyByteBufBE)
GET /session/db756c82607839ee1aebe9454ce4d454/title HTTP/1.1
User-Agent: selenium/4.10.0 (java windows)
Cache-Control: no-cache
Content-Type: application/json; charset=utf-8
host: localhost:12740
accept: */*

Response DefaultHttpResponse(decodeResult: success, version: HTTP/1.1)
HTTP/1.1 200 OK
Content-Length: 38
Content-Type: application/json; charset=utf-8
cache-control: no-cache

13:06:03.505 [AsyncHttpClient-1-2] DEBUG org.asynchttpclient.netty.channel.ChannelManager -- Adding key: http://localhost:12740 for channel [id: 0x887c25fe, L:/127.0.0.1:65071 - R:localhost/127.0.0.1:12740]
controle SearchPage met succes uitgevoerd
13:06:03.506 [Forwarding findElement on session db756c82607839ee1aebe9454ce4d454 to remote] DEBUG org.asynchttpclient.netty.request.NettyRequestSender -- Using pooled Channel '[id: 0x887c25fe, L:/127.0.0.1:65071 - R:localhost/127.0.0.1:12740]' for 'POST' to 'http://localhost:12740/session/db756c82607839ee1aebe9454ce4d454/element'
13:06:03.506 [Forwarding findElement on session db756c82607839ee1aebe9454ce4d454 to remote] DEBUG org.asynchttpclient.netty.request.NettyRequestSender -- Using open Channel [id: 0x887c25fe, L:/127.0.0.1:65071 - R:localhost/127.0.0.1:12740] for POST '/session/db756c82607839ee1aebe9454ce4d454/element'
13:06:03.510 [AsyncHttpClient-1-2] DEBUG org.asynchttpclient.netty.handler.HttpHandler -- 

Request DefaultHttpRequest(decodeResult: success, version: HTTP/1.1)
POST /session/db756c82607839ee1aebe9454ce4d454/element HTTP/1.1
User-Agent: selenium/4.10.0 (java windows)
Content-Length: 58
Content-Type: application/json; charset=utf-8
host: localhost:12740
accept: */*

Response DefaultHttpResponse(decodeResult: success, version: HTTP/1.1)
HTTP/1.1 200 OK
Content-Length: 95
Content-Type: application/json; charset=utf-8
cache-control: no-cache

13:06:03.510 [AsyncHttpClient-1-2] DEBUG org.asynchttpclient.netty.channel.ChannelManager -- Adding key: http://localhost:12740 for channel [id: 0x887c25fe, L:/127.0.0.1:65071 - R:localhost/127.0.0.1:12740]
13:06:03.513 [Forwarding getElementAttribute on session db756c82607839ee1aebe9454ce4d454 to remote] DEBUG org.asynchttpclient.netty.request.NettyRequestSender -- Using pooled Channel '[id: 0x887c25fe, L:/127.0.0.1:65071 - R:localhost/127.0.0.1:12740]' for 'POST' to 'http://localhost:12740/session/db756c82607839ee1aebe9454ce4d454/execute/sync'
13:06:03.513 [Forwarding getElementAttribute on session db756c82607839ee1aebe9454ce4d454 to remote] DEBUG org.asynchttpclient.netty.request.NettyRequestSender -- Using open Channel [id: 0x887c25fe, L:/127.0.0.1:65071 - R:localhost/127.0.0.1:12740] for POST '/session/db756c82607839ee1aebe9454ce4d454/execute/sync'
13:06:03.522 [AsyncHttpClient-1-2] DEBUG org.asynchttpclient.netty.handler.HttpHandler -- 

Request DefaultHttpRequest(decodeResult: success, version: HTTP/1.1)
POST /session/db756c82607839ee1aebe9454ce4d454/execute/sync HTTP/1.1
User-Agent: selenium/4.10.0 (java windows)
Content-Length: 47375
Content-Type: application/json; charset=utf-8
host: localhost:12740
accept: */*

Response DefaultHttpResponse(decodeResult: success, version: HTTP/1.1)
HTTP/1.1 200 OK
Content-Length: 28
Content-Type: application/json; charset=utf-8
cache-control: no-cache

13:06:03.522 [AsyncHttpClient-1-2] DEBUG org.asynchttpclient.netty.channel.ChannelManager -- Adding key: http://localhost:12740 for channel [id: 0x887c25fe, L:/127.0.0.1:65071 - R:localhost/127.0.0.1:12740]
13:06:03.523 [Forwarding findElement on session db756c82607839ee1aebe9454ce4d454 to remote] DEBUG org.asynchttpclient.netty.request.NettyRequestSender -- Using pooled Channel '[id: 0x887c25fe, L:/127.0.0.1:65071 - R:localhost/127.0.0.1:12740]' for 'POST' to 'http://localhost:12740/session/db756c82607839ee1aebe9454ce4d454/element'
13:06:03.523 [Forwarding findElement on session db756c82607839ee1aebe9454ce4d454 to remote] DEBUG org.asynchttpclient.netty.request.NettyRequestSender -- Using open Channel [id: 0x887c25fe, L:/127.0.0.1:65071 - R:localhost/127.0.0.1:12740] for POST '/session/db756c82607839ee1aebe9454ce4d454/element'
13:06:03.528 [AsyncHttpClient-1-2] DEBUG org.asynchttpclient.netty.handler.HttpHandler -- 

Request DefaultHttpRequest(decodeResult: success, version: HTTP/1.1)
POST /session/db756c82607839ee1aebe9454ce4d454/element HTTP/1.1
User-Agent: selenium/4.10.0 (java windows)
Content-Length: 53
Content-Type: application/json; charset=utf-8
host: localhost:12740
accept: */*

Response DefaultHttpResponse(decodeResult: success, version: HTTP/1.1)
HTTP/1.1 200 OK
Content-Length: 95
Content-Type: application/json; charset=utf-8
cache-control: no-cache

13:06:03.528 [AsyncHttpClient-1-2] DEBUG org.asynchttpclient.netty.channel.ChannelManager -- Adding key: http://localhost:12740 for channel [id: 0x887c25fe, L:/127.0.0.1:65071 - R:localhost/127.0.0.1:12740]
13:06:03.528 [Forwarding getTitle on session db756c82607839ee1aebe9454ce4d454 to remote] DEBUG org.asynchttpclient.netty.request.NettyRequestSender -- Using pooled Channel '[id: 0x887c25fe, L:/127.0.0.1:65071 - R:localhost/127.0.0.1:12740]' for 'GET' to 'http://localhost:12740/session/db756c82607839ee1aebe9454ce4d454/title'
13:06:03.528 [Forwarding getTitle on session db756c82607839ee1aebe9454ce4d454 to remote] DEBUG org.asynchttpclient.netty.request.NettyRequestSender -- Using open Channel [id: 0x887c25fe, L:/127.0.0.1:65071 - R:localhost/127.0.0.1:12740] for GET '/session/db756c82607839ee1aebe9454ce4d454/title'
13:06:03.531 [AsyncHttpClient-1-2] DEBUG org.asynchttpclient.netty.handler.HttpHandler -- 

Request DefaultFullHttpRequest(decodeResult: success, version: HTTP/1.1, content: EmptyByteBufBE)
GET /session/db756c82607839ee1aebe9454ce4d454/title HTTP/1.1
User-Agent: selenium/4.10.0 (java windows)
Cache-Control: no-cache
Content-Type: application/json; charset=utf-8
host: localhost:12740
accept: */*

Response DefaultHttpResponse(decodeResult: success, version: HTTP/1.1)
HTTP/1.1 200 OK
Content-Length: 38
Content-Type: application/json; charset=utf-8
cache-control: no-cache

13:06:03.531 [AsyncHttpClient-1-2] DEBUG org.asynchttpclient.netty.channel.ChannelManager -- Adding key: http://localhost:12740 for channel [id: 0x887c25fe, L:/127.0.0.1:65071 - R:localhost/127.0.0.1:12740]
controle SearchPage met succes uitgevoerd
13:06:03.535 [Forwarding findElement on session db756c82607839ee1aebe9454ce4d454 to remote] DEBUG org.asynchttpclient.netty.request.NettyRequestSender -- Using pooled Channel '[id: 0x887c25fe, L:/127.0.0.1:65071 - R:localhost/127.0.0.1:12740]' for 'POST' to 'http://localhost:12740/session/db756c82607839ee1aebe9454ce4d454/element'
13:06:03.535 [Forwarding findElement on session db756c82607839ee1aebe9454ce4d454 to remote] DEBUG org.asynchttpclient.netty.request.NettyRequestSender -- Using open Channel [id: 0x887c25fe, L:/127.0.0.1:65071 - R:localhost/127.0.0.1:12740] for POST '/session/db756c82607839ee1aebe9454ce4d454/element'
13:06:03.539 [AsyncHttpClient-1-2] DEBUG org.asynchttpclient.netty.handler.HttpHandler -- 

Request DefaultHttpRequest(decodeResult: success, version: HTTP/1.1)
POST /session/db756c82607839ee1aebe9454ce4d454/element HTTP/1.1
User-Agent: selenium/4.10.0 (java windows)
Content-Length: 53
Content-Type: application/json; charset=utf-8
host: localhost:12740
accept: */*

Response DefaultHttpResponse(decodeResult: success, version: HTTP/1.1)
HTTP/1.1 200 OK
Content-Length: 95
Content-Type: application/json; charset=utf-8
cache-control: no-cache

13:06:03.540 [AsyncHttpClient-1-2] DEBUG org.asynchttpclient.netty.channel.ChannelManager -- Adding key: http://localhost:12740 for channel [id: 0x887c25fe, L:/127.0.0.1:65071 - R:localhost/127.0.0.1:12740]
13:06:03.540 [Forwarding getElementTagName on session db756c82607839ee1aebe9454ce4d454 to remote] DEBUG org.asynchttpclient.netty.request.NettyRequestSender -- Using pooled Channel '[id: 0x887c25fe, L:/127.0.0.1:65071 - R:localhost/127.0.0.1:12740]' for 'GET' to 'http://localhost:12740/session/db756c82607839ee1aebe9454ce4d454/element/4D659CCE43662C88843FF45985DAF69B_element_41/name'
13:06:03.540 [Forwarding getElementTagName on session db756c82607839ee1aebe9454ce4d454 to remote] DEBUG org.asynchttpclient.netty.request.NettyRequestSender -- Using open Channel [id: 0x887c25fe, L:/127.0.0.1:65071 - R:localhost/127.0.0.1:12740] for GET '/session/db756c82607839ee1aebe9454ce4d454/element/4D659CCE43662C88843FF45985DAF69B_element_41/name'
13:06:03.543 [AsyncHttpClient-1-2] DEBUG org.asynchttpclient.netty.handler.HttpHandler -- 

Request DefaultFullHttpRequest(decodeResult: success, version: HTTP/1.1, content: EmptyByteBufBE)
GET /session/db756c82607839ee1aebe9454ce4d454/element/4D659CCE43662C88843FF45985DAF69B_element_41/name HTTP/1.1
User-Agent: selenium/4.10.0 (java windows)
Cache-Control: no-cache
Content-Type: application/json; charset=utf-8
host: localhost:12740
accept: */*

Response DefaultHttpResponse(decodeResult: success, version: HTTP/1.1)
HTTP/1.1 200 OK
Content-Length: 18
Content-Type: application/json; charset=utf-8
cache-control: no-cache

13:06:03.543 [AsyncHttpClient-1-2] DEBUG org.asynchttpclient.netty.channel.ChannelManager -- Adding key: http://localhost:12740 for channel [id: 0x887c25fe, L:/127.0.0.1:65071 - R:localhost/127.0.0.1:12740]
13:06:03.544 [Forwarding getElementDomAttribute on session db756c82607839ee1aebe9454ce4d454 to remote] DEBUG org.asynchttpclient.netty.request.NettyRequestSender -- Using pooled Channel '[id: 0x887c25fe, L:/127.0.0.1:65071 - R:localhost/127.0.0.1:12740]' for 'GET' to 'http://localhost:12740/session/db756c82607839ee1aebe9454ce4d454/element/4D659CCE43662C88843FF45985DAF69B_element_41/attribute/multiple'
13:06:03.544 [Forwarding getElementDomAttribute on session db756c82607839ee1aebe9454ce4d454 to remote] DEBUG org.asynchttpclient.netty.request.NettyRequestSender -- Using open Channel [id: 0x887c25fe, L:/127.0.0.1:65071 - R:localhost/127.0.0.1:12740] for GET '/session/db756c82607839ee1aebe9454ce4d454/element/4D659CCE43662C88843FF45985DAF69B_element_41/attribute/multiple'
13:06:03.547 [AsyncHttpClient-1-2] DEBUG org.asynchttpclient.netty.handler.HttpHandler -- 

Request DefaultFullHttpRequest(decodeResult: success, version: HTTP/1.1, content: EmptyByteBufBE)
GET /session/db756c82607839ee1aebe9454ce4d454/element/4D659CCE43662C88843FF45985DAF69B_element_41/attribute/multiple HTTP/1.1
User-Agent: selenium/4.10.0 (java windows)
Cache-Control: no-cache
Content-Type: application/json; charset=utf-8
host: localhost:12740
accept: */*

Response DefaultHttpResponse(decodeResult: success, version: HTTP/1.1)
HTTP/1.1 200 OK
Content-Length: 14
Content-Type: application/json; charset=utf-8
cache-control: no-cache

13:06:03.547 [AsyncHttpClient-1-2] DEBUG org.asynchttpclient.netty.channel.ChannelManager -- Adding key: http://localhost:12740 for channel [id: 0x887c25fe, L:/127.0.0.1:65071 - R:localhost/127.0.0.1:12740]
13:06:03.547 [Forwarding isElementEnabled on session db756c82607839ee1aebe9454ce4d454 to remote] DEBUG org.asynchttpclient.netty.request.NettyRequestSender -- Using pooled Channel '[id: 0x887c25fe, L:/127.0.0.1:65071 - R:localhost/127.0.0.1:12740]' for 'GET' to 'http://localhost:12740/session/db756c82607839ee1aebe9454ce4d454/element/4D659CCE43662C88843FF45985DAF69B_element_41/enabled'
13:06:03.547 [Forwarding isElementEnabled on session db756c82607839ee1aebe9454ce4d454 to remote] DEBUG org.asynchttpclient.netty.request.NettyRequestSender -- Using open Channel [id: 0x887c25fe, L:/127.0.0.1:65071 - R:localhost/127.0.0.1:12740] for GET '/session/db756c82607839ee1aebe9454ce4d454/element/4D659CCE43662C88843FF45985DAF69B_element_41/enabled'
13:06:03.552 [AsyncHttpClient-1-2] DEBUG org.asynchttpclient.netty.handler.HttpHandler -- 

Request DefaultFullHttpRequest(decodeResult: success, version: HTTP/1.1, content: EmptyByteBufBE)
GET /session/db756c82607839ee1aebe9454ce4d454/element/4D659CCE43662C88843FF45985DAF69B_element_41/enabled HTTP/1.1
User-Agent: selenium/4.10.0 (java windows)
Cache-Control: no-cache
Content-Type: application/json; charset=utf-8
host: localhost:12740
accept: */*

Response DefaultHttpResponse(decodeResult: success, version: HTTP/1.1)
HTTP/1.1 200 OK
Content-Length: 14
Content-Type: application/json; charset=utf-8
cache-control: no-cache

13:06:03.553 [AsyncHttpClient-1-2] DEBUG org.asynchttpclient.netty.channel.ChannelManager -- Adding key: http://localhost:12740 for channel [id: 0x887c25fe, L:/127.0.0.1:65071 - R:localhost/127.0.0.1:12740]
13:06:03.554 [Forwarding findChildElements on session db756c82607839ee1aebe9454ce4d454 to remote] DEBUG org.asynchttpclient.netty.request.NettyRequestSender -- Using pooled Channel '[id: 0x887c25fe, L:/127.0.0.1:65071 - R:localhost/127.0.0.1:12740]' for 'POST' to 'http://localhost:12740/session/db756c82607839ee1aebe9454ce4d454/element/4D659CCE43662C88843FF45985DAF69B_element_41/elements'
13:06:03.554 [Forwarding findChildElements on session db756c82607839ee1aebe9454ce4d454 to remote] DEBUG org.asynchttpclient.netty.request.NettyRequestSender -- Using open Channel [id: 0x887c25fe, L:/127.0.0.1:65071 - R:localhost/127.0.0.1:12740] for POST '/session/db756c82607839ee1aebe9454ce4d454/element/4D659CCE43662C88843FF45985DAF69B_element_41/elements'
13:06:03.562 [AsyncHttpClient-1-2] DEBUG org.asynchttpclient.netty.handler.HttpHandler -- 

Request DefaultHttpRequest(decodeResult: success, version: HTTP/1.1)
POST /session/db756c82607839ee1aebe9454ce4d454/element/4D659CCE43662C88843FF45985DAF69B_element_41/elements HTTP/1.1
User-Agent: selenium/4.10.0 (java windows)
Content-Length: 132
Content-Type: application/json; charset=utf-8
host: localhost:12740
accept: */*

Response DefaultHttpResponse(decodeResult: success, version: HTTP/1.1)
HTTP/1.1 200 OK
Content-Length: 97
Content-Type: application/json; charset=utf-8
cache-control: no-cache

13:06:03.562 [AsyncHttpClient-1-2] DEBUG org.asynchttpclient.netty.channel.ChannelManager -- Adding key: http://localhost:12740 for channel [id: 0x887c25fe, L:/127.0.0.1:65071 - R:localhost/127.0.0.1:12740]
13:06:03.565 [Forwarding isElementEnabled on session db756c82607839ee1aebe9454ce4d454 to remote] DEBUG org.asynchttpclient.netty.request.NettyRequestSender -- Using pooled Channel '[id: 0x887c25fe, L:/127.0.0.1:65071 - R:localhost/127.0.0.1:12740]' for 'GET' to 'http://localhost:12740/session/db756c82607839ee1aebe9454ce4d454/element/4D659CCE43662C88843FF45985DAF69B_element_42/enabled'
13:06:03.565 [Forwarding isElementEnabled on session db756c82607839ee1aebe9454ce4d454 to remote] DEBUG org.asynchttpclient.netty.request.NettyRequestSender -- Using open Channel [id: 0x887c25fe, L:/127.0.0.1:65071 - R:localhost/127.0.0.1:12740] for GET '/session/db756c82607839ee1aebe9454ce4d454/element/4D659CCE43662C88843FF45985DAF69B_element_42/enabled'
13:06:03.569 [AsyncHttpClient-1-2] DEBUG org.asynchttpclient.netty.handler.HttpHandler -- 

Request DefaultFullHttpRequest(decodeResult: success, version: HTTP/1.1, content: EmptyByteBufBE)
GET /session/db756c82607839ee1aebe9454ce4d454/element/4D659CCE43662C88843FF45985DAF69B_element_42/enabled HTTP/1.1
User-Agent: selenium/4.10.0 (java windows)
Cache-Control: no-cache
Content-Type: application/json; charset=utf-8
host: localhost:12740
accept: */*

Response DefaultHttpResponse(decodeResult: success, version: HTTP/1.1)
HTTP/1.1 200 OK
Content-Length: 14
Content-Type: application/json; charset=utf-8
cache-control: no-cache

13:06:03.569 [AsyncHttpClient-1-2] DEBUG org.asynchttpclient.netty.channel.ChannelManager -- Adding key: http://localhost:12740 for channel [id: 0x887c25fe, L:/127.0.0.1:65071 - R:localhost/127.0.0.1:12740]
13:06:03.570 [Forwarding isElementSelected on session db756c82607839ee1aebe9454ce4d454 to remote] DEBUG org.asynchttpclient.netty.request.NettyRequestSender -- Using pooled Channel '[id: 0x887c25fe, L:/127.0.0.1:65071 - R:localhost/127.0.0.1:12740]' for 'GET' to 'http://localhost:12740/session/db756c82607839ee1aebe9454ce4d454/element/4D659CCE43662C88843FF45985DAF69B_element_42/selected'
13:06:03.570 [Forwarding isElementSelected on session db756c82607839ee1aebe9454ce4d454 to remote] DEBUG org.asynchttpclient.netty.request.NettyRequestSender -- Using open Channel [id: 0x887c25fe, L:/127.0.0.1:65071 - R:localhost/127.0.0.1:12740] for GET '/session/db756c82607839ee1aebe9454ce4d454/element/4D659CCE43662C88843FF45985DAF69B_element_42/selected'
13:06:03.575 [AsyncHttpClient-1-2] DEBUG org.asynchttpclient.netty.handler.HttpHandler -- 

Request DefaultFullHttpRequest(decodeResult: success, version: HTTP/1.1, content: EmptyByteBufBE)
GET /session/db756c82607839ee1aebe9454ce4d454/element/4D659CCE43662C88843FF45985DAF69B_element_42/selected HTTP/1.1
User-Agent: selenium/4.10.0 (java windows)
Cache-Control: no-cache
Content-Type: application/json; charset=utf-8
host: localhost:12740
accept: */*

Response DefaultHttpResponse(decodeResult: success, version: HTTP/1.1)
HTTP/1.1 200 OK
Content-Length: 15
Content-Type: application/json; charset=utf-8
cache-control: no-cache

13:06:03.575 [AsyncHttpClient-1-2] DEBUG org.asynchttpclient.netty.channel.ChannelManager -- Adding key: http://localhost:12740 for channel [id: 0x887c25fe, L:/127.0.0.1:65071 - R:localhost/127.0.0.1:12740]
13:06:03.576 [Forwarding clickElement on session db756c82607839ee1aebe9454ce4d454 to remote] DEBUG org.asynchttpclient.netty.request.NettyRequestSender -- Using pooled Channel '[id: 0x887c25fe, L:/127.0.0.1:65071 - R:localhost/127.0.0.1:12740]' for 'POST' to 'http://localhost:12740/session/db756c82607839ee1aebe9454ce4d454/element/4D659CCE43662C88843FF45985DAF69B_element_42/click'
13:06:03.576 [Forwarding clickElement on session db756c82607839ee1aebe9454ce4d454 to remote] DEBUG org.asynchttpclient.netty.request.NettyRequestSender -- Using open Channel [id: 0x887c25fe, L:/127.0.0.1:65071 - R:localhost/127.0.0.1:12740] for POST '/session/db756c82607839ee1aebe9454ce4d454/element/4D659CCE43662C88843FF45985DAF69B_element_42/click'
13:06:03.589 [AsyncHttpClient-1-2] DEBUG org.asynchttpclient.netty.handler.HttpHandler -- 

Request DefaultHttpRequest(decodeResult: success, version: HTTP/1.1)
POST /session/db756c82607839ee1aebe9454ce4d454/element/4D659CCE43662C88843FF45985DAF69B_element_42/click HTTP/1.1
User-Agent: selenium/4.10.0 (java windows)
Content-Length: 57
Content-Type: application/json; charset=utf-8
host: localhost:12740
accept: */*

Response DefaultHttpResponse(decodeResult: success, version: HTTP/1.1)
HTTP/1.1 200 OK
Content-Length: 14
Content-Type: application/json; charset=utf-8
cache-control: no-cache

13:06:03.590 [AsyncHttpClient-1-2] DEBUG org.asynchttpclient.netty.channel.ChannelManager -- Adding key: http://localhost:12740 for channel [id: 0x887c25fe, L:/127.0.0.1:65071 - R:localhost/127.0.0.1:12740]
13:06:03.592 [Forwarding findElement on session db756c82607839ee1aebe9454ce4d454 to remote] DEBUG org.asynchttpclient.netty.request.NettyRequestSender -- Using pooled Channel '[id: 0x887c25fe, L:/127.0.0.1:65071 - R:localhost/127.0.0.1:12740]' for 'POST' to 'http://localhost:12740/session/db756c82607839ee1aebe9454ce4d454/element'
13:06:03.592 [Forwarding findElement on session db756c82607839ee1aebe9454ce4d454 to remote] DEBUG org.asynchttpclient.netty.request.NettyRequestSender -- Using open Channel [id: 0x887c25fe, L:/127.0.0.1:65071 - R:localhost/127.0.0.1:12740] for POST '/session/db756c82607839ee1aebe9454ce4d454/element'
13:06:03.598 [AsyncHttpClient-1-2] DEBUG org.asynchttpclient.netty.handler.HttpHandler -- 

Request DefaultHttpRequest(decodeResult: success, version: HTTP/1.1)
POST /session/db756c82607839ee1aebe9454ce4d454/element HTTP/1.1
User-Agent: selenium/4.10.0 (java windows)
Content-Length: 53
Content-Type: application/json; charset=utf-8
host: localhost:12740
accept: */*

Response DefaultHttpResponse(decodeResult: success, version: HTTP/1.1)
HTTP/1.1 200 OK
Content-Length: 95
Content-Type: application/json; charset=utf-8
cache-control: no-cache

13:06:03.598 [AsyncHttpClient-1-2] DEBUG org.asynchttpclient.netty.channel.ChannelManager -- Adding key: http://localhost:12740 for channel [id: 0x887c25fe, L:/127.0.0.1:65071 - R:localhost/127.0.0.1:12740]
13:06:03.599 [Forwarding getElementTagName on session db756c82607839ee1aebe9454ce4d454 to remote] DEBUG org.asynchttpclient.netty.request.NettyRequestSender -- Using pooled Channel '[id: 0x887c25fe, L:/127.0.0.1:65071 - R:localhost/127.0.0.1:12740]' for 'GET' to 'http://localhost:12740/session/db756c82607839ee1aebe9454ce4d454/element/4D659CCE43662C88843FF45985DAF69B_element_43/name'
13:06:03.599 [Forwarding getElementTagName on session db756c82607839ee1aebe9454ce4d454 to remote] DEBUG org.asynchttpclient.netty.request.NettyRequestSender -- Using open Channel [id: 0x887c25fe, L:/127.0.0.1:65071 - R:localhost/127.0.0.1:12740] for GET '/session/db756c82607839ee1aebe9454ce4d454/element/4D659CCE43662C88843FF45985DAF69B_element_43/name'
13:06:03.602 [AsyncHttpClient-1-2] DEBUG org.asynchttpclient.netty.handler.HttpHandler -- 

Request DefaultFullHttpRequest(decodeResult: success, version: HTTP/1.1, content: EmptyByteBufBE)
GET /session/db756c82607839ee1aebe9454ce4d454/element/4D659CCE43662C88843FF45985DAF69B_element_43/name HTTP/1.1
User-Agent: selenium/4.10.0 (java windows)
Cache-Control: no-cache
Content-Type: application/json; charset=utf-8
host: localhost:12740
accept: */*

Response DefaultHttpResponse(decodeResult: success, version: HTTP/1.1)
HTTP/1.1 200 OK
Content-Length: 18
Content-Type: application/json; charset=utf-8
cache-control: no-cache

13:06:03.602 [AsyncHttpClient-1-2] DEBUG org.asynchttpclient.netty.channel.ChannelManager -- Adding key: http://localhost:12740 for channel [id: 0x887c25fe, L:/127.0.0.1:65071 - R:localhost/127.0.0.1:12740]
13:06:03.602 [Forwarding getElementDomAttribute on session db756c82607839ee1aebe9454ce4d454 to remote] DEBUG org.asynchttpclient.netty.request.NettyRequestSender -- Using pooled Channel '[id: 0x887c25fe, L:/127.0.0.1:65071 - R:localhost/127.0.0.1:12740]' for 'GET' to 'http://localhost:12740/session/db756c82607839ee1aebe9454ce4d454/element/4D659CCE43662C88843FF45985DAF69B_element_43/attribute/multiple'
13:06:03.602 [Forwarding getElementDomAttribute on session db756c82607839ee1aebe9454ce4d454 to remote] DEBUG org.asynchttpclient.netty.request.NettyRequestSender -- Using open Channel [id: 0x887c25fe, L:/127.0.0.1:65071 - R:localhost/127.0.0.1:12740] for GET '/session/db756c82607839ee1aebe9454ce4d454/element/4D659CCE43662C88843FF45985DAF69B_element_43/attribute/multiple'
13:06:03.606 [AsyncHttpClient-1-2] DEBUG org.asynchttpclient.netty.handler.HttpHandler -- 

Request DefaultFullHttpRequest(decodeResult: success, version: HTTP/1.1, content: EmptyByteBufBE)
GET /session/db756c82607839ee1aebe9454ce4d454/element/4D659CCE43662C88843FF45985DAF69B_element_43/attribute/multiple HTTP/1.1
User-Agent: selenium/4.10.0 (java windows)
Cache-Control: no-cache
Content-Type: application/json; charset=utf-8
host: localhost:12740
accept: */*

Response DefaultHttpResponse(decodeResult: success, version: HTTP/1.1)
HTTP/1.1 200 OK
Content-Length: 14
Content-Type: application/json; charset=utf-8
cache-control: no-cache

13:06:03.607 [AsyncHttpClient-1-2] DEBUG org.asynchttpclient.netty.channel.ChannelManager -- Adding key: http://localhost:12740 for channel [id: 0x887c25fe, L:/127.0.0.1:65071 - R:localhost/127.0.0.1:12740]
13:06:03.607 [Forwarding isElementEnabled on session db756c82607839ee1aebe9454ce4d454 to remote] DEBUG org.asynchttpclient.netty.request.NettyRequestSender -- Using pooled Channel '[id: 0x887c25fe, L:/127.0.0.1:65071 - R:localhost/127.0.0.1:12740]' for 'GET' to 'http://localhost:12740/session/db756c82607839ee1aebe9454ce4d454/element/4D659CCE43662C88843FF45985DAF69B_element_43/enabled'
13:06:03.607 [Forwarding isElementEnabled on session db756c82607839ee1aebe9454ce4d454 to remote] DEBUG org.asynchttpclient.netty.request.NettyRequestSender -- Using open Channel [id: 0x887c25fe, L:/127.0.0.1:65071 - R:localhost/127.0.0.1:12740] for GET '/session/db756c82607839ee1aebe9454ce4d454/element/4D659CCE43662C88843FF45985DAF69B_element_43/enabled'
13:06:03.611 [AsyncHttpClient-1-2] DEBUG org.asynchttpclient.netty.handler.HttpHandler -- 

Request DefaultFullHttpRequest(decodeResult: success, version: HTTP/1.1, content: EmptyByteBufBE)
GET /session/db756c82607839ee1aebe9454ce4d454/element/4D659CCE43662C88843FF45985DAF69B_element_43/enabled HTTP/1.1
User-Agent: selenium/4.10.0 (java windows)
Cache-Control: no-cache
Content-Type: application/json; charset=utf-8
host: localhost:12740
accept: */*

Response DefaultHttpResponse(decodeResult: success, version: HTTP/1.1)
HTTP/1.1 200 OK
Content-Length: 14
Content-Type: application/json; charset=utf-8
cache-control: no-cache

13:06:03.611 [AsyncHttpClient-1-2] DEBUG org.asynchttpclient.netty.channel.ChannelManager -- Adding key: http://localhost:12740 for channel [id: 0x887c25fe, L:/127.0.0.1:65071 - R:localhost/127.0.0.1:12740]
13:06:03.612 [Forwarding findChildElements on session db756c82607839ee1aebe9454ce4d454 to remote] DEBUG org.asynchttpclient.netty.request.NettyRequestSender -- Using pooled Channel '[id: 0x887c25fe, L:/127.0.0.1:65071 - R:localhost/127.0.0.1:12740]' for 'POST' to 'http://localhost:12740/session/db756c82607839ee1aebe9454ce4d454/element/4D659CCE43662C88843FF45985DAF69B_element_43/elements'
13:06:03.612 [Forwarding findChildElements on session db756c82607839ee1aebe9454ce4d454 to remote] DEBUG org.asynchttpclient.netty.request.NettyRequestSender -- Using open Channel [id: 0x887c25fe, L:/127.0.0.1:65071 - R:localhost/127.0.0.1:12740] for POST '/session/db756c82607839ee1aebe9454ce4d454/element/4D659CCE43662C88843FF45985DAF69B_element_43/elements'
13:06:03.618 [AsyncHttpClient-1-2] DEBUG org.asynchttpclient.netty.handler.HttpHandler -- 

Request DefaultHttpRequest(decodeResult: success, version: HTTP/1.1)
POST /session/db756c82607839ee1aebe9454ce4d454/element/4D659CCE43662C88843FF45985DAF69B_element_43/elements HTTP/1.1
User-Agent: selenium/4.10.0 (java windows)
Content-Length: 127
Content-Type: application/json; charset=utf-8
host: localhost:12740
accept: */*

Response DefaultHttpResponse(decodeResult: success, version: HTTP/1.1)
HTTP/1.1 200 OK
Content-Length: 97
Content-Type: application/json; charset=utf-8
cache-control: no-cache

13:06:03.618 [AsyncHttpClient-1-2] DEBUG org.asynchttpclient.netty.channel.ChannelManager -- Adding key: http://localhost:12740 for channel [id: 0x887c25fe, L:/127.0.0.1:65071 - R:localhost/127.0.0.1:12740]
13:06:03.619 [Forwarding isElementEnabled on session db756c82607839ee1aebe9454ce4d454 to remote] DEBUG org.asynchttpclient.netty.request.NettyRequestSender -- Using pooled Channel '[id: 0x887c25fe, L:/127.0.0.1:65071 - R:localhost/127.0.0.1:12740]' for 'GET' to 'http://localhost:12740/session/db756c82607839ee1aebe9454ce4d454/element/4D659CCE43662C88843FF45985DAF69B_element_44/enabled'
13:06:03.619 [Forwarding isElementEnabled on session db756c82607839ee1aebe9454ce4d454 to remote] DEBUG org.asynchttpclient.netty.request.NettyRequestSender -- Using open Channel [id: 0x887c25fe, L:/127.0.0.1:65071 - R:localhost/127.0.0.1:12740] for GET '/session/db756c82607839ee1aebe9454ce4d454/element/4D659CCE43662C88843FF45985DAF69B_element_44/enabled'
13:06:03.622 [AsyncHttpClient-1-2] DEBUG org.asynchttpclient.netty.handler.HttpHandler -- 

Request DefaultFullHttpRequest(decodeResult: success, version: HTTP/1.1, content: EmptyByteBufBE)
GET /session/db756c82607839ee1aebe9454ce4d454/element/4D659CCE43662C88843FF45985DAF69B_element_44/enabled HTTP/1.1
User-Agent: selenium/4.10.0 (java windows)
Cache-Control: no-cache
Content-Type: application/json; charset=utf-8
host: localhost:12740
accept: */*

Response DefaultHttpResponse(decodeResult: success, version: HTTP/1.1)
HTTP/1.1 200 OK
Content-Length: 14
Content-Type: application/json; charset=utf-8
cache-control: no-cache

13:06:03.622 [AsyncHttpClient-1-2] DEBUG org.asynchttpclient.netty.channel.ChannelManager -- Adding key: http://localhost:12740 for channel [id: 0x887c25fe, L:/127.0.0.1:65071 - R:localhost/127.0.0.1:12740]
13:06:03.623 [Forwarding isElementSelected on session db756c82607839ee1aebe9454ce4d454 to remote] DEBUG org.asynchttpclient.netty.request.NettyRequestSender -- Using pooled Channel '[id: 0x887c25fe, L:/127.0.0.1:65071 - R:localhost/127.0.0.1:12740]' for 'GET' to 'http://localhost:12740/session/db756c82607839ee1aebe9454ce4d454/element/4D659CCE43662C88843FF45985DAF69B_element_44/selected'
13:06:03.623 [Forwarding isElementSelected on session db756c82607839ee1aebe9454ce4d454 to remote] DEBUG org.asynchttpclient.netty.request.NettyRequestSender -- Using open Channel [id: 0x887c25fe, L:/127.0.0.1:65071 - R:localhost/127.0.0.1:12740] for GET '/session/db756c82607839ee1aebe9454ce4d454/element/4D659CCE43662C88843FF45985DAF69B_element_44/selected'
13:06:03.626 [AsyncHttpClient-1-2] DEBUG org.asynchttpclient.netty.handler.HttpHandler -- 

Request DefaultFullHttpRequest(decodeResult: success, version: HTTP/1.1, content: EmptyByteBufBE)
GET /session/db756c82607839ee1aebe9454ce4d454/element/4D659CCE43662C88843FF45985DAF69B_element_44/selected HTTP/1.1
User-Agent: selenium/4.10.0 (java windows)
Cache-Control: no-cache
Content-Type: application/json; charset=utf-8
host: localhost:12740
accept: */*

Response DefaultHttpResponse(decodeResult: success, version: HTTP/1.1)
HTTP/1.1 200 OK
Content-Length: 14
Content-Type: application/json; charset=utf-8
cache-control: no-cache

13:06:03.626 [AsyncHttpClient-1-2] DEBUG org.asynchttpclient.netty.channel.ChannelManager -- Adding key: http://localhost:12740 for channel [id: 0x887c25fe, L:/127.0.0.1:65071 - R:localhost/127.0.0.1:12740]
13:06:03.627 [Forwarding findElement on session db756c82607839ee1aebe9454ce4d454 to remote] DEBUG org.asynchttpclient.netty.request.NettyRequestSender -- Using pooled Channel '[id: 0x887c25fe, L:/127.0.0.1:65071 - R:localhost/127.0.0.1:12740]' for 'POST' to 'http://localhost:12740/session/db756c82607839ee1aebe9454ce4d454/element'
13:06:03.627 [Forwarding findElement on session db756c82607839ee1aebe9454ce4d454 to remote] DEBUG org.asynchttpclient.netty.request.NettyRequestSender -- Using open Channel [id: 0x887c25fe, L:/127.0.0.1:65071 - R:localhost/127.0.0.1:12740] for POST '/session/db756c82607839ee1aebe9454ce4d454/element'
13:06:03.633 [AsyncHttpClient-1-2] DEBUG org.asynchttpclient.netty.handler.HttpHandler -- 

Request DefaultHttpRequest(decodeResult: success, version: HTTP/1.1)
POST /session/db756c82607839ee1aebe9454ce4d454/element HTTP/1.1
User-Agent: selenium/4.10.0 (java windows)
Content-Length: 55
Content-Type: application/json; charset=utf-8
host: localhost:12740
accept: */*

Response DefaultHttpResponse(decodeResult: success, version: HTTP/1.1)
HTTP/1.1 200 OK
Content-Length: 95
Content-Type: application/json; charset=utf-8
cache-control: no-cache

13:06:03.633 [AsyncHttpClient-1-2] DEBUG org.asynchttpclient.netty.channel.ChannelManager -- Adding key: http://localhost:12740 for channel [id: 0x887c25fe, L:/127.0.0.1:65071 - R:localhost/127.0.0.1:12740]
13:06:03.633 [Forwarding getElementTagName on session db756c82607839ee1aebe9454ce4d454 to remote] DEBUG org.asynchttpclient.netty.request.NettyRequestSender -- Using pooled Channel '[id: 0x887c25fe, L:/127.0.0.1:65071 - R:localhost/127.0.0.1:12740]' for 'GET' to 'http://localhost:12740/session/db756c82607839ee1aebe9454ce4d454/element/4D659CCE43662C88843FF45985DAF69B_element_45/name'
13:06:03.633 [Forwarding getElementTagName on session db756c82607839ee1aebe9454ce4d454 to remote] DEBUG org.asynchttpclient.netty.request.NettyRequestSender -- Using open Channel [id: 0x887c25fe, L:/127.0.0.1:65071 - R:localhost/127.0.0.1:12740] for GET '/session/db756c82607839ee1aebe9454ce4d454/element/4D659CCE43662C88843FF45985DAF69B_element_45/name'
13:06:03.636 [AsyncHttpClient-1-2] DEBUG org.asynchttpclient.netty.handler.HttpHandler -- 

Request DefaultFullHttpRequest(decodeResult: success, version: HTTP/1.1, content: EmptyByteBufBE)
GET /session/db756c82607839ee1aebe9454ce4d454/element/4D659CCE43662C88843FF45985DAF69B_element_45/name HTTP/1.1
User-Agent: selenium/4.10.0 (java windows)
Cache-Control: no-cache
Content-Type: application/json; charset=utf-8
host: localhost:12740
accept: */*

Response DefaultHttpResponse(decodeResult: success, version: HTTP/1.1)
HTTP/1.1 200 OK
Content-Length: 18
Content-Type: application/json; charset=utf-8
cache-control: no-cache

13:06:03.636 [AsyncHttpClient-1-2] DEBUG org.asynchttpclient.netty.channel.ChannelManager -- Adding key: http://localhost:12740 for channel [id: 0x887c25fe, L:/127.0.0.1:65071 - R:localhost/127.0.0.1:12740]
13:06:03.637 [Forwarding getElementDomAttribute on session db756c82607839ee1aebe9454ce4d454 to remote] DEBUG org.asynchttpclient.netty.request.NettyRequestSender -- Using pooled Channel '[id: 0x887c25fe, L:/127.0.0.1:65071 - R:localhost/127.0.0.1:12740]' for 'GET' to 'http://localhost:12740/session/db756c82607839ee1aebe9454ce4d454/element/4D659CCE43662C88843FF45985DAF69B_element_45/attribute/multiple'
13:06:03.637 [Forwarding getElementDomAttribute on session db756c82607839ee1aebe9454ce4d454 to remote] DEBUG org.asynchttpclient.netty.request.NettyRequestSender -- Using open Channel [id: 0x887c25fe, L:/127.0.0.1:65071 - R:localhost/127.0.0.1:12740] for GET '/session/db756c82607839ee1aebe9454ce4d454/element/4D659CCE43662C88843FF45985DAF69B_element_45/attribute/multiple'
13:06:03.641 [AsyncHttpClient-1-2] DEBUG org.asynchttpclient.netty.handler.HttpHandler -- 

Request DefaultFullHttpRequest(decodeResult: success, version: HTTP/1.1, content: EmptyByteBufBE)
GET /session/db756c82607839ee1aebe9454ce4d454/element/4D659CCE43662C88843FF45985DAF69B_element_45/attribute/multiple HTTP/1.1
User-Agent: selenium/4.10.0 (java windows)
Cache-Control: no-cache
Content-Type: application/json; charset=utf-8
host: localhost:12740
accept: */*

Response DefaultHttpResponse(decodeResult: success, version: HTTP/1.1)
HTTP/1.1 200 OK
Content-Length: 14
Content-Type: application/json; charset=utf-8
cache-control: no-cache

13:06:03.641 [AsyncHttpClient-1-2] DEBUG org.asynchttpclient.netty.channel.ChannelManager -- Adding key: http://localhost:12740 for channel [id: 0x887c25fe, L:/127.0.0.1:65071 - R:localhost/127.0.0.1:12740]
13:06:03.641 [Forwarding isElementEnabled on session db756c82607839ee1aebe9454ce4d454 to remote] DEBUG org.asynchttpclient.netty.request.NettyRequestSender -- Using pooled Channel '[id: 0x887c25fe, L:/127.0.0.1:65071 - R:localhost/127.0.0.1:12740]' for 'GET' to 'http://localhost:12740/session/db756c82607839ee1aebe9454ce4d454/element/4D659CCE43662C88843FF45985DAF69B_element_45/enabled'
13:06:03.641 [Forwarding isElementEnabled on session db756c82607839ee1aebe9454ce4d454 to remote] DEBUG org.asynchttpclient.netty.request.NettyRequestSender -- Using open Channel [id: 0x887c25fe, L:/127.0.0.1:65071 - R:localhost/127.0.0.1:12740] for GET '/session/db756c82607839ee1aebe9454ce4d454/element/4D659CCE43662C88843FF45985DAF69B_element_45/enabled'
13:06:03.645 [AsyncHttpClient-1-2] DEBUG org.asynchttpclient.netty.handler.HttpHandler -- 

Request DefaultFullHttpRequest(decodeResult: success, version: HTTP/1.1, content: EmptyByteBufBE)
GET /session/db756c82607839ee1aebe9454ce4d454/element/4D659CCE43662C88843FF45985DAF69B_element_45/enabled HTTP/1.1
User-Agent: selenium/4.10.0 (java windows)
Cache-Control: no-cache
Content-Type: application/json; charset=utf-8
host: localhost:12740
accept: */*

Response DefaultHttpResponse(decodeResult: success, version: HTTP/1.1)
HTTP/1.1 200 OK
Content-Length: 14
Content-Type: application/json; charset=utf-8
cache-control: no-cache

13:06:03.646 [AsyncHttpClient-1-2] DEBUG org.asynchttpclient.netty.channel.ChannelManager -- Adding key: http://localhost:12740 for channel [id: 0x887c25fe, L:/127.0.0.1:65071 - R:localhost/127.0.0.1:12740]
13:06:03.646 [Forwarding findChildElements on session db756c82607839ee1aebe9454ce4d454 to remote] DEBUG org.asynchttpclient.netty.request.NettyRequestSender -- Using pooled Channel '[id: 0x887c25fe, L:/127.0.0.1:65071 - R:localhost/127.0.0.1:12740]' for 'POST' to 'http://localhost:12740/session/db756c82607839ee1aebe9454ce4d454/element/4D659CCE43662C88843FF45985DAF69B_element_45/elements'
13:06:03.647 [Forwarding findChildElements on session db756c82607839ee1aebe9454ce4d454 to remote] DEBUG org.asynchttpclient.netty.request.NettyRequestSender -- Using open Channel [id: 0x887c25fe, L:/127.0.0.1:65071 - R:localhost/127.0.0.1:12740] for POST '/session/db756c82607839ee1aebe9454ce4d454/element/4D659CCE43662C88843FF45985DAF69B_element_45/elements'
13:06:03.654 [AsyncHttpClient-1-2] DEBUG org.asynchttpclient.netty.handler.HttpHandler -- 

Request DefaultHttpRequest(decodeResult: success, version: HTTP/1.1)
POST /session/db756c82607839ee1aebe9454ce4d454/element/4D659CCE43662C88843FF45985DAF69B_element_45/elements HTTP/1.1
User-Agent: selenium/4.10.0 (java windows)
Content-Length: 145
Content-Type: application/json; charset=utf-8
host: localhost:12740
accept: */*

Response DefaultHttpResponse(decodeResult: success, version: HTTP/1.1)
HTTP/1.1 200 OK
Content-Length: 97
Content-Type: application/json; charset=utf-8
cache-control: no-cache

13:06:03.654 [AsyncHttpClient-1-2] DEBUG org.asynchttpclient.netty.channel.ChannelManager -- Adding key: http://localhost:12740 for channel [id: 0x887c25fe, L:/127.0.0.1:65071 - R:localhost/127.0.0.1:12740]
13:06:03.655 [Forwarding isElementEnabled on session db756c82607839ee1aebe9454ce4d454 to remote] DEBUG org.asynchttpclient.netty.request.NettyRequestSender -- Using pooled Channel '[id: 0x887c25fe, L:/127.0.0.1:65071 - R:localhost/127.0.0.1:12740]' for 'GET' to 'http://localhost:12740/session/db756c82607839ee1aebe9454ce4d454/element/4D659CCE43662C88843FF45985DAF69B_element_46/enabled'
13:06:03.655 [Forwarding isElementEnabled on session db756c82607839ee1aebe9454ce4d454 to remote] DEBUG org.asynchttpclient.netty.request.NettyRequestSender -- Using open Channel [id: 0x887c25fe, L:/127.0.0.1:65071 - R:localhost/127.0.0.1:12740] for GET '/session/db756c82607839ee1aebe9454ce4d454/element/4D659CCE43662C88843FF45985DAF69B_element_46/enabled'
13:06:03.659 [AsyncHttpClient-1-2] DEBUG org.asynchttpclient.netty.handler.HttpHandler -- 

Request DefaultFullHttpRequest(decodeResult: success, version: HTTP/1.1, content: EmptyByteBufBE)
GET /session/db756c82607839ee1aebe9454ce4d454/element/4D659CCE43662C88843FF45985DAF69B_element_46/enabled HTTP/1.1
User-Agent: selenium/4.10.0 (java windows)
Cache-Control: no-cache
Content-Type: application/json; charset=utf-8
host: localhost:12740
accept: */*

Response DefaultHttpResponse(decodeResult: success, version: HTTP/1.1)
HTTP/1.1 200 OK
Content-Length: 14
Content-Type: application/json; charset=utf-8
cache-control: no-cache

13:06:03.659 [AsyncHttpClient-1-2] DEBUG org.asynchttpclient.netty.channel.ChannelManager -- Adding key: http://localhost:12740 for channel [id: 0x887c25fe, L:/127.0.0.1:65071 - R:localhost/127.0.0.1:12740]
13:06:03.660 [Forwarding isElementSelected on session db756c82607839ee1aebe9454ce4d454 to remote] DEBUG org.asynchttpclient.netty.request.NettyRequestSender -- Using pooled Channel '[id: 0x887c25fe, L:/127.0.0.1:65071 - R:localhost/127.0.0.1:12740]' for 'GET' to 'http://localhost:12740/session/db756c82607839ee1aebe9454ce4d454/element/4D659CCE43662C88843FF45985DAF69B_element_46/selected'
13:06:03.660 [Forwarding isElementSelected on session db756c82607839ee1aebe9454ce4d454 to remote] DEBUG org.asynchttpclient.netty.request.NettyRequestSender -- Using open Channel [id: 0x887c25fe, L:/127.0.0.1:65071 - R:localhost/127.0.0.1:12740] for GET '/session/db756c82607839ee1aebe9454ce4d454/element/4D659CCE43662C88843FF45985DAF69B_element_46/selected'
13:06:03.663 [AsyncHttpClient-1-2] DEBUG org.asynchttpclient.netty.handler.HttpHandler -- 

Request DefaultFullHttpRequest(decodeResult: success, version: HTTP/1.1, content: EmptyByteBufBE)
GET /session/db756c82607839ee1aebe9454ce4d454/element/4D659CCE43662C88843FF45985DAF69B_element_46/selected HTTP/1.1
User-Agent: selenium/4.10.0 (java windows)
Cache-Control: no-cache
Content-Type: application/json; charset=utf-8
host: localhost:12740
accept: */*

Response DefaultHttpResponse(decodeResult: success, version: HTTP/1.1)
HTTP/1.1 200 OK
Content-Length: 14
Content-Type: application/json; charset=utf-8
cache-control: no-cache

13:06:03.663 [AsyncHttpClient-1-2] DEBUG org.asynchttpclient.netty.channel.ChannelManager -- Adding key: http://localhost:12740 for channel [id: 0x887c25fe, L:/127.0.0.1:65071 - R:localhost/127.0.0.1:12740]
13:06:03.664 [Forwarding findElement on session db756c82607839ee1aebe9454ce4d454 to remote] DEBUG org.asynchttpclient.netty.request.NettyRequestSender -- Using pooled Channel '[id: 0x887c25fe, L:/127.0.0.1:65071 - R:localhost/127.0.0.1:12740]' for 'POST' to 'http://localhost:12740/session/db756c82607839ee1aebe9454ce4d454/element'
13:06:03.664 [Forwarding findElement on session db756c82607839ee1aebe9454ce4d454 to remote] DEBUG org.asynchttpclient.netty.request.NettyRequestSender -- Using open Channel [id: 0x887c25fe, L:/127.0.0.1:65071 - R:localhost/127.0.0.1:12740] for POST '/session/db756c82607839ee1aebe9454ce4d454/element'
13:06:03.671 [AsyncHttpClient-1-2] DEBUG org.asynchttpclient.netty.handler.HttpHandler -- 

Request DefaultHttpRequest(decodeResult: success, version: HTTP/1.1)
POST /session/db756c82607839ee1aebe9454ce4d454/element HTTP/1.1
User-Agent: selenium/4.10.0 (java windows)
Content-Length: 56
Content-Type: application/json; charset=utf-8
host: localhost:12740
accept: */*

Response DefaultHttpResponse(decodeResult: success, version: HTTP/1.1)
HTTP/1.1 200 OK
Content-Length: 95
Content-Type: application/json; charset=utf-8
cache-control: no-cache

13:06:03.671 [AsyncHttpClient-1-2] DEBUG org.asynchttpclient.netty.channel.ChannelManager -- Adding key: http://localhost:12740 for channel [id: 0x887c25fe, L:/127.0.0.1:65071 - R:localhost/127.0.0.1:12740]
13:06:03.672 [Forwarding clearElement on session db756c82607839ee1aebe9454ce4d454 to remote] DEBUG org.asynchttpclient.netty.request.NettyRequestSender -- Using pooled Channel '[id: 0x887c25fe, L:/127.0.0.1:65071 - R:localhost/127.0.0.1:12740]' for 'POST' to 'http://localhost:12740/session/db756c82607839ee1aebe9454ce4d454/element/4D659CCE43662C88843FF45985DAF69B_element_47/clear'
13:06:03.672 [Forwarding clearElement on session db756c82607839ee1aebe9454ce4d454 to remote] DEBUG org.asynchttpclient.netty.request.NettyRequestSender -- Using open Channel [id: 0x887c25fe, L:/127.0.0.1:65071 - R:localhost/127.0.0.1:12740] for POST '/session/db756c82607839ee1aebe9454ce4d454/element/4D659CCE43662C88843FF45985DAF69B_element_47/clear'
13:06:03.686 [AsyncHttpClient-1-2] DEBUG org.asynchttpclient.netty.handler.HttpHandler -- 

Request DefaultHttpRequest(decodeResult: success, version: HTTP/1.1)
POST /session/db756c82607839ee1aebe9454ce4d454/element/4D659CCE43662C88843FF45985DAF69B_element_47/clear HTTP/1.1
User-Agent: selenium/4.10.0 (java windows)
Content-Length: 57
Content-Type: application/json; charset=utf-8
host: localhost:12740
accept: */*

Response DefaultHttpResponse(decodeResult: success, version: HTTP/1.1)
HTTP/1.1 200 OK
Content-Length: 14
Content-Type: application/json; charset=utf-8
cache-control: no-cache

13:06:03.686 [AsyncHttpClient-1-2] DEBUG org.asynchttpclient.netty.channel.ChannelManager -- Adding key: http://localhost:12740 for channel [id: 0x887c25fe, L:/127.0.0.1:65071 - R:localhost/127.0.0.1:12740]
13:06:03.688 [Forwarding findElement on session db756c82607839ee1aebe9454ce4d454 to remote] DEBUG org.asynchttpclient.netty.request.NettyRequestSender -- Using pooled Channel '[id: 0x887c25fe, L:/127.0.0.1:65071 - R:localhost/127.0.0.1:12740]' for 'POST' to 'http://localhost:12740/session/db756c82607839ee1aebe9454ce4d454/element'
13:06:03.688 [Forwarding findElement on session db756c82607839ee1aebe9454ce4d454 to remote] DEBUG org.asynchttpclient.netty.request.NettyRequestSender -- Using open Channel [id: 0x887c25fe, L:/127.0.0.1:65071 - R:localhost/127.0.0.1:12740] for POST '/session/db756c82607839ee1aebe9454ce4d454/element'
13:06:03.695 [AsyncHttpClient-1-2] DEBUG org.asynchttpclient.netty.handler.HttpHandler -- 

Request DefaultHttpRequest(decodeResult: success, version: HTTP/1.1)
POST /session/db756c82607839ee1aebe9454ce4d454/element HTTP/1.1
User-Agent: selenium/4.10.0 (java windows)
Content-Length: 56
Content-Type: application/json; charset=utf-8
host: localhost:12740
accept: */*

Response DefaultHttpResponse(decodeResult: success, version: HTTP/1.1)
HTTP/1.1 200 OK
Content-Length: 95
Content-Type: application/json; charset=utf-8
cache-control: no-cache

13:06:03.695 [AsyncHttpClient-1-2] DEBUG org.asynchttpclient.netty.channel.ChannelManager -- Adding key: http://localhost:12740 for channel [id: 0x887c25fe, L:/127.0.0.1:65071 - R:localhost/127.0.0.1:12740]
13:06:03.700 [Forwarding sendKeysToElement on session db756c82607839ee1aebe9454ce4d454 to remote] DEBUG org.asynchttpclient.netty.request.NettyRequestSender -- Using pooled Channel '[id: 0x887c25fe, L:/127.0.0.1:65071 - R:localhost/127.0.0.1:12740]' for 'POST' to 'http://localhost:12740/session/db756c82607839ee1aebe9454ce4d454/element/4D659CCE43662C88843FF45985DAF69B_element_47/value'
13:06:03.700 [Forwarding sendKeysToElement on session db756c82607839ee1aebe9454ce4d454 to remote] DEBUG org.asynchttpclient.netty.request.NettyRequestSender -- Using open Channel [id: 0x887c25fe, L:/127.0.0.1:65071 - R:localhost/127.0.0.1:12740] for POST '/session/db756c82607839ee1aebe9454ce4d454/element/4D659CCE43662C88843FF45985DAF69B_element_47/value'
13:06:03.736 [AsyncHttpClient-1-2] DEBUG org.asynchttpclient.netty.handler.HttpHandler -- 

Request DefaultHttpRequest(decodeResult: success, version: HTTP/1.1)
POST /session/db756c82607839ee1aebe9454ce4d454/element/4D659CCE43662C88843FF45985DAF69B_element_47/value HTTP/1.1
User-Agent: selenium/4.10.0 (java windows)
Content-Length: 342
Content-Type: application/json; charset=utf-8
host: localhost:12740
accept: */*

Response DefaultHttpResponse(decodeResult: success, version: HTTP/1.1)
HTTP/1.1 200 OK
Content-Length: 14
Content-Type: application/json; charset=utf-8
cache-control: no-cache

13:06:03.736 [AsyncHttpClient-1-2] DEBUG org.asynchttpclient.netty.channel.ChannelManager -- Adding key: http://localhost:12740 for channel [id: 0x887c25fe, L:/127.0.0.1:65071 - R:localhost/127.0.0.1:12740]
13:06:03.739 [Forwarding findElement on session db756c82607839ee1aebe9454ce4d454 to remote] DEBUG org.asynchttpclient.netty.request.NettyRequestSender -- Using pooled Channel '[id: 0x887c25fe, L:/127.0.0.1:65071 - R:localhost/127.0.0.1:12740]' for 'POST' to 'http://localhost:12740/session/db756c82607839ee1aebe9454ce4d454/element'
13:06:03.739 [Forwarding findElement on session db756c82607839ee1aebe9454ce4d454 to remote] DEBUG org.asynchttpclient.netty.request.NettyRequestSender -- Using open Channel [id: 0x887c25fe, L:/127.0.0.1:65071 - R:localhost/127.0.0.1:12740] for POST '/session/db756c82607839ee1aebe9454ce4d454/element'
13:06:03.746 [AsyncHttpClient-1-2] DEBUG org.asynchttpclient.netty.handler.HttpHandler -- 

Request DefaultHttpRequest(decodeResult: success, version: HTTP/1.1)
POST /session/db756c82607839ee1aebe9454ce4d454/element HTTP/1.1
User-Agent: selenium/4.10.0 (java windows)
Content-Length: 51
Content-Type: application/json; charset=utf-8
host: localhost:12740
accept: */*

Response DefaultHttpResponse(decodeResult: success, version: HTTP/1.1)
HTTP/1.1 200 OK
Content-Length: 95
Content-Type: application/json; charset=utf-8
cache-control: no-cache

13:06:03.747 [AsyncHttpClient-1-2] DEBUG org.asynchttpclient.netty.channel.ChannelManager -- Adding key: http://localhost:12740 for channel [id: 0x887c25fe, L:/127.0.0.1:65071 - R:localhost/127.0.0.1:12740]
13:06:03.747 [Forwarding clickElement on session db756c82607839ee1aebe9454ce4d454 to remote] DEBUG org.asynchttpclient.netty.request.NettyRequestSender -- Using pooled Channel '[id: 0x887c25fe, L:/127.0.0.1:65071 - R:localhost/127.0.0.1:12740]' for 'POST' to 'http://localhost:12740/session/db756c82607839ee1aebe9454ce4d454/element/4D659CCE43662C88843FF45985DAF69B_element_50/click'
13:06:03.747 [Forwarding clickElement on session db756c82607839ee1aebe9454ce4d454 to remote] DEBUG org.asynchttpclient.netty.request.NettyRequestSender -- Using open Channel [id: 0x887c25fe, L:/127.0.0.1:65071 - R:localhost/127.0.0.1:12740] for POST '/session/db756c82607839ee1aebe9454ce4d454/element/4D659CCE43662C88843FF45985DAF69B_element_50/click'
13:06:04.013 [AsyncHttpClient-1-1] DEBUG org.asynchttpclient.netty.channel.DefaultChannelPool -- Entry count for : http://localhost:65083 : 1
13:06:04.363 [AsyncHttpClient-1-2] DEBUG org.asynchttpclient.netty.handler.HttpHandler -- 

Request DefaultHttpRequest(decodeResult: success, version: HTTP/1.1)
POST /session/db756c82607839ee1aebe9454ce4d454/element/4D659CCE43662C88843FF45985DAF69B_element_50/click HTTP/1.1
User-Agent: selenium/4.10.0 (java windows)
Content-Length: 57
Content-Type: application/json; charset=utf-8
host: localhost:12740
accept: */*

Response DefaultHttpResponse(decodeResult: success, version: HTTP/1.1)
HTTP/1.1 200 OK
Content-Length: 14
Content-Type: application/json; charset=utf-8
cache-control: no-cache

13:06:04.363 [AsyncHttpClient-1-2] DEBUG org.asynchttpclient.netty.channel.ChannelManager -- Adding key: http://localhost:12740 for channel [id: 0x887c25fe, L:/127.0.0.1:65071 - R:localhost/127.0.0.1:12740]
makeFirstSelection transitie met succes uitgevoerd
13:06:04.365 [Forwarding findElement on session db756c82607839ee1aebe9454ce4d454 to remote] DEBUG org.asynchttpclient.netty.request.NettyRequestSender -- Using pooled Channel '[id: 0x887c25fe, L:/127.0.0.1:65071 - R:localhost/127.0.0.1:12740]' for 'POST' to 'http://localhost:12740/session/db756c82607839ee1aebe9454ce4d454/element'
13:06:04.365 [Forwarding findElement on session db756c82607839ee1aebe9454ce4d454 to remote] DEBUG org.asynchttpclient.netty.request.NettyRequestSender -- Using open Channel [id: 0x887c25fe, L:/127.0.0.1:65071 - R:localhost/127.0.0.1:12740] for POST '/session/db756c82607839ee1aebe9454ce4d454/element'
13:06:04.373 [AsyncHttpClient-1-2] DEBUG org.asynchttpclient.netty.handler.HttpHandler -- 

Request DefaultHttpRequest(decodeResult: success, version: HTTP/1.1)
POST /session/db756c82607839ee1aebe9454ce4d454/element HTTP/1.1
User-Agent: selenium/4.10.0 (java windows)
Content-Length: 58
Content-Type: application/json; charset=utf-8
host: localhost:12740
accept: */*

Response DefaultHttpResponse(decodeResult: success, version: HTTP/1.1)
HTTP/1.1 200 OK
Content-Length: 95
Content-Type: application/json; charset=utf-8
cache-control: no-cache

13:06:04.373 [AsyncHttpClient-1-2] DEBUG org.asynchttpclient.netty.channel.ChannelManager -- Adding key: http://localhost:12740 for channel [id: 0x887c25fe, L:/127.0.0.1:65071 - R:localhost/127.0.0.1:12740]
13:06:04.375 [Forwarding clickElement on session db756c82607839ee1aebe9454ce4d454 to remote] DEBUG org.asynchttpclient.netty.request.NettyRequestSender -- Using pooled Channel '[id: 0x887c25fe, L:/127.0.0.1:65071 - R:localhost/127.0.0.1:12740]' for 'POST' to 'http://localhost:12740/session/db756c82607839ee1aebe9454ce4d454/element/4777C1233208E7D373F9B070E74D06BB_element_59/click'
13:06:04.375 [Forwarding clickElement on session db756c82607839ee1aebe9454ce4d454 to remote] DEBUG org.asynchttpclient.netty.request.NettyRequestSender -- Using open Channel [id: 0x887c25fe, L:/127.0.0.1:65071 - R:localhost/127.0.0.1:12740] for POST '/session/db756c82607839ee1aebe9454ce4d454/element/4777C1233208E7D373F9B070E74D06BB_element_59/click'
13:06:04.395 [AsyncHttpClient-1-2] DEBUG org.asynchttpclient.netty.handler.HttpHandler -- 

Request DefaultHttpRequest(decodeResult: success, version: HTTP/1.1)
POST /session/db756c82607839ee1aebe9454ce4d454/element/4777C1233208E7D373F9B070E74D06BB_element_59/click HTTP/1.1
User-Agent: selenium/4.10.0 (java windows)
Content-Length: 57
Content-Type: application/json; charset=utf-8
host: localhost:12740
accept: */*

Response DefaultHttpResponse(decodeResult: success, version: HTTP/1.1)
HTTP/1.1 200 OK
Content-Length: 14
Content-Type: application/json; charset=utf-8
cache-control: no-cache

13:06:04.395 [AsyncHttpClient-1-2] DEBUG org.asynchttpclient.netty.channel.ChannelManager -- Adding key: http://localhost:12740 for channel [id: 0x887c25fe, L:/127.0.0.1:65071 - R:localhost/127.0.0.1:12740]
13:06:04.396 [Forwarding findElement on session db756c82607839ee1aebe9454ce4d454 to remote] DEBUG org.asynchttpclient.netty.request.NettyRequestSender -- Using pooled Channel '[id: 0x887c25fe, L:/127.0.0.1:65071 - R:localhost/127.0.0.1:12740]' for 'POST' to 'http://localhost:12740/session/db756c82607839ee1aebe9454ce4d454/element'
13:06:04.396 [Forwarding findElement on session db756c82607839ee1aebe9454ce4d454 to remote] DEBUG org.asynchttpclient.netty.request.NettyRequestSender -- Using open Channel [id: 0x887c25fe, L:/127.0.0.1:65071 - R:localhost/127.0.0.1:12740] for POST '/session/db756c82607839ee1aebe9454ce4d454/element'
13:06:04.402 [AsyncHttpClient-1-2] DEBUG org.asynchttpclient.netty.handler.HttpHandler -- 

Request DefaultHttpRequest(decodeResult: success, version: HTTP/1.1)
POST /session/db756c82607839ee1aebe9454ce4d454/element HTTP/1.1
User-Agent: selenium/4.10.0 (java windows)
Content-Length: 53
Content-Type: application/json; charset=utf-8
host: localhost:12740
accept: */*

Response DefaultHttpResponse(decodeResult: success, version: HTTP/1.1)
HTTP/1.1 200 OK
Content-Length: 95
Content-Type: application/json; charset=utf-8
cache-control: no-cache

13:06:04.402 [AsyncHttpClient-1-2] DEBUG org.asynchttpclient.netty.channel.ChannelManager -- Adding key: http://localhost:12740 for channel [id: 0x887c25fe, L:/127.0.0.1:65071 - R:localhost/127.0.0.1:12740]
13:06:04.404 [Forwarding clickElement on session db756c82607839ee1aebe9454ce4d454 to remote] DEBUG org.asynchttpclient.netty.request.NettyRequestSender -- Using pooled Channel '[id: 0x887c25fe, L:/127.0.0.1:65071 - R:localhost/127.0.0.1:12740]' for 'POST' to 'http://localhost:12740/session/db756c82607839ee1aebe9454ce4d454/element/4777C1233208E7D373F9B070E74D06BB_element_60/click'
13:06:04.404 [Forwarding clickElement on session db756c82607839ee1aebe9454ce4d454 to remote] DEBUG org.asynchttpclient.netty.request.NettyRequestSender -- Using open Channel [id: 0x887c25fe, L:/127.0.0.1:65071 - R:localhost/127.0.0.1:12740] for POST '/session/db756c82607839ee1aebe9454ce4d454/element/4777C1233208E7D373F9B070E74D06BB_element_60/click'
13:06:05.008 [AsyncHttpClient-1-2] DEBUG org.asynchttpclient.netty.handler.HttpHandler -- 

Request DefaultHttpRequest(decodeResult: success, version: HTTP/1.1)
POST /session/db756c82607839ee1aebe9454ce4d454/element/4777C1233208E7D373F9B070E74D06BB_element_60/click HTTP/1.1
User-Agent: selenium/4.10.0 (java windows)
Content-Length: 57
Content-Type: application/json; charset=utf-8
host: localhost:12740
accept: */*

Response DefaultHttpResponse(decodeResult: success, version: HTTP/1.1)
HTTP/1.1 200 OK
Content-Length: 14
Content-Type: application/json; charset=utf-8
cache-control: no-cache

13:06:05.008 [AsyncHttpClient-1-2] DEBUG org.asynchttpclient.netty.channel.ChannelManager -- Adding key: http://localhost:12740 for channel [id: 0x887c25fe, L:/127.0.0.1:65071 - R:localhost/127.0.0.1:12740]
transitie SelectPage.select met succes uitgevoerd
]]></system-out>
    <system-err><![CDATA[jul 18, 2023 1:05:55 P.M. org.openqa.selenium.remote.service.DriverService$Builder getLogOutput
INFO: Driver logs no longer sent to console by default; https://www.selenium.dev/documentation/webdriver/drivers/service/#setting-log-output
]]></system-err>
  </testcase>
  <testcase name="selecteren van een aantal reizen #2" classname="Alleen een bekende Webshop bezoeker mag de reizen zien of boeken" time="8.818">
    <error message="Could not convert arguments for step [^de bezoeker BoekersInfo invult$] defined at &apos;cucumberSteps.Test_Steps.de_bezoeker_BoekersInfo_invult(java.util.List&lt;cucumberSteps.BoekersInfo&gt;)&apos;.&#10;It appears you did not register a data table type." type="io.cucumber.core.exception.CucumberException"><![CDATA[io.cucumber.core.exception.CucumberException: 
Could not convert arguments for step [^de bezoeker BoekersInfo invult$] defined at 'cucumberSteps.Test_Steps.de_bezoeker_BoekersInfo_invult(java.util.List<cucumberSteps.BoekersInfo>)'.
It appears you did not register a data table type.
	at io.cucumber.core.runner.PickleStepDefinitionMatch.registerDataTableTypeInConfiguration(PickleStepDefinitionMatch.java:96)
	at io.cucumber.core.runner.PickleStepDefinitionMatch.runStep(PickleStepDefinitionMatch.java:50)
	at io.cucumber.core.runner.ExecutionMode$1.execute(ExecutionMode.java:10)
	at io.cucumber.core.runner.TestStep.executeStep(TestStep.java:84)
	at io.cucumber.core.runner.TestStep.run(TestStep.java:56)
	at io.cucumber.core.runner.PickleStepTestStep.run(PickleStepTestStep.java:51)
	at io.cucumber.core.runner.TestCase.run(TestCase.java:84)
	at io.cucumber.core.runner.Runner.runPickle(Runner.java:75)
	at io.cucumber.junit.PickleRunners$NoStepDescriptions.lambda$run$0(PickleRunners.java:151)
	at io.cucumber.core.runtime.CucumberExecutionContext.lambda$runTestCase$5(CucumberExecutionContext.java:137)
	at io.cucumber.core.runtime.RethrowingThrowableCollector.executeAndThrow(RethrowingThrowableCollector.java:23)
	at io.cucumber.core.runtime.CucumberExecutionContext.runTestCase(CucumberExecutionContext.java:137)
	at io.cucumber.junit.PickleRunners$NoStepDescriptions.run(PickleRunners.java:148)
	at io.cucumber.junit.FeatureRunner.runChild(FeatureRunner.java:144)
	at io.cucumber.junit.FeatureRunner.runChild(FeatureRunner.java:28)
	at io.cucumber.junit.FeatureRunner.run(FeatureRunner.java:137)
	at io.cucumber.junit.Cucumber.runChild(Cucumber.java:196)
	at io.cucumber.junit.Cucumber.runChild(Cucumber.java:89)
	at io.cucumber.core.runtime.CucumberExecutionContext.lambda$runFeatures$6(CucumberExecutionContext.java:148)
	at io.cucumber.core.runtime.CucumberExecutionContext.execute(CucumberExecutionContext.java:163)
	at io.cucumber.core.runtime.CucumberExecutionContext.runFeatures(CucumberExecutionContext.java:146)
	at io.cucumber.junit.Cucumber$StartAndFinishTestRun.evaluate(Cucumber.java:226)
Caused by: io.cucumber.datatable.UndefinedDataTableTypeException: Can't convert DataTable to List<cucumberSteps.BoekersInfo>.
Please review these problems:

 - There was no table entry or table row transformer registered for cucumberSteps.BoekersInfo.
   Please consider registering a table entry or row transformer.

 - There was no default table entry transformer registered to transform cucumberSteps.BoekersInfo.
   Please consider registering a default table entry transformer.

Note: Usually solving one is enough
	at io.cucumber.datatable.UndefinedDataTableTypeException.listNoConverterDefined(UndefinedDataTableTypeException.java:102)
	at io.cucumber.datatable.DataTableTypeRegistryTableConverter.toList(DataTableTypeRegistryTableConverter.java:144)
	at io.cucumber.datatable.DataTableTypeRegistryTableConverter.convert(DataTableTypeRegistryTableConverter.java:110)
	at io.cucumber.datatable.DataTable.convert(DataTable.java:478)
	at io.cucumber.core.stepexpression.StepExpressionFactory.lambda$createExpression$0(StepExpressionFactory.java:66)
	at io.cucumber.core.stepexpression.DataTableArgument.getValue(DataTableArgument.java:20)
	at io.cucumber.core.runner.PickleStepDefinitionMatch.runStep(PickleStepDefinitionMatch.java:47)
	... 20 more
]]></error>
    <system-out><![CDATA[13:06:05.108 [AsyncHttpClient-1-1] DEBUG org.asynchttpclient.netty.channel.DefaultChannelPool -- Entry count for : http://localhost:12740 : 1
13:06:05.108 [AsyncHttpClient-1-1] DEBUG org.asynchttpclient.netty.channel.DefaultChannelPool -- Entry count for : http://localhost:65083 : 1
13:06:05.130 [AsyncHttpClient-1-5] DEBUG org.asynchttpclient.netty.channel.NettyConnectListener -- Using new Channel '[id: 0x4cd98f46, L:/127.0.0.1:65136 - R:localhost/127.0.0.1:30099]' for 'POST' to '/session'
13:06:05.739 [AsyncHttpClient-1-5] DEBUG org.asynchttpclient.netty.handler.HttpHandler -- 

Request DefaultHttpRequest(decodeResult: success, version: HTTP/1.1)
POST /session HTTP/1.1
User-Agent: selenium/4.10.0 (java windows)
Content-Length: 254
Content-Type: application/json; charset=utf-8
host: localhost:30099
accept: */*

Response DefaultHttpResponse(decodeResult: success, version: HTTP/1.1)
HTTP/1.1 200 OK
Content-Length: 863
Content-Type: application/json; charset=utf-8
cache-control: no-cache

13:06:05.740 [AsyncHttpClient-1-5] DEBUG org.asynchttpclient.netty.channel.ChannelManager -- Adding key: http://localhost:30099 for channel [id: 0x4cd98f46, L:/127.0.0.1:65136 - R:localhost/127.0.0.1:30099]
13:06:05.744 [AsyncHttpClient-1-6] DEBUG org.asynchttpclient.netty.channel.NettyConnectListener -- Using new Channel '[id: 0xda299b6b, L:/127.0.0.1:65148 - R:localhost/127.0.0.1:65137]' for 'GET' to '/json/version'
13:06:05.747 [AsyncHttpClient-1-6] DEBUG org.asynchttpclient.netty.handler.HttpHandler -- 

Request DefaultFullHttpRequest(decodeResult: success, version: HTTP/1.1, content: EmptyByteBufBE)
GET /json/version HTTP/1.1
User-Agent: selenium/4.10.0 (java windows)
host: localhost:65137
accept: */*

Response DefaultHttpResponse(decodeResult: success, version: HTTP/1.1)
HTTP/1.1 200 OK
Content-Security-Policy: frame-ancestors 'none'
Content-Length: 424
Content-Type: application/json; charset=UTF-8

13:06:05.747 [AsyncHttpClient-1-6] DEBUG org.asynchttpclient.netty.channel.ChannelManager -- Adding key: http://localhost:65137 for channel [id: 0xda299b6b, L:/127.0.0.1:65148 - R:localhost/127.0.0.1:65137]
13:06:05.747 [AsyncHttpClient-1-7] DEBUG org.asynchttpclient.netty.channel.NettyConnectListener -- Using new Channel '[id: 0x14753fe9, L:/127.0.0.1:65149 - R:localhost/127.0.0.1:65137]' for 'GET' to '/devtools/browser/c278b757-75ad-45ec-8c9c-ac5e8da3f4e4'
13:06:05.749 [AsyncHttpClient-1-7] DEBUG org.asynchttpclient.netty.handler.WebSocketHandler -- 

Request DefaultFullHttpRequest(decodeResult: success, version: HTTP/1.1, content: EmptyByteBufBE)
GET /devtools/browser/c278b757-75ad-45ec-8c9c-ac5e8da3f4e4 HTTP/1.1
upgrade: websocket
connection: upgrade
sec-websocket-key: ZgvyORAmGCia0/rarVNBmA==
sec-websocket-version: 13
origin: http://localhost:65137
host: localhost:65137
accept: */*
user-agent: AHC/2.1

Response DefaultHttpResponse(decodeResult: success, version: HTTP/1.1)
HTTP/1.1 101 WebSocket Protocol Handshake
Upgrade: WebSocket
Connection: Upgrade
Sec-WebSocket-Accept: 26vajEmnhqWtFM4zGPFMFigXSGo=

13:06:05.751 [Forwarding fullscreenCurrentWindow on session fbb98c4684ab24811069d515af5b44da to remote] DEBUG org.asynchttpclient.netty.request.NettyRequestSender -- Using pooled Channel '[id: 0x4cd98f46, L:/127.0.0.1:65136 - R:localhost/127.0.0.1:30099]' for 'POST' to 'http://localhost:30099/session/fbb98c4684ab24811069d515af5b44da/window/fullscreen'
13:06:05.751 [Forwarding fullscreenCurrentWindow on session fbb98c4684ab24811069d515af5b44da to remote] DEBUG org.asynchttpclient.netty.request.NettyRequestSender -- Using open Channel [id: 0x4cd98f46, L:/127.0.0.1:65136 - R:localhost/127.0.0.1:30099] for POST '/session/fbb98c4684ab24811069d515af5b44da/window/fullscreen'
13:06:05.768 [AsyncHttpClient-1-5] DEBUG org.asynchttpclient.netty.handler.HttpHandler -- 

Request DefaultHttpRequest(decodeResult: success, version: HTTP/1.1)
POST /session/fbb98c4684ab24811069d515af5b44da/window/fullscreen HTTP/1.1
User-Agent: selenium/4.10.0 (java windows)
Content-Length: 3
Content-Type: application/json; charset=utf-8
host: localhost:30099
accept: */*

Response DefaultHttpResponse(decodeResult: success, version: HTTP/1.1)
HTTP/1.1 200 OK
Content-Length: 49
Content-Type: application/json; charset=utf-8
cache-control: no-cache

13:06:05.769 [AsyncHttpClient-1-5] DEBUG org.asynchttpclient.netty.channel.ChannelManager -- Adding key: http://localhost:30099 for channel [id: 0x4cd98f46, L:/127.0.0.1:65136 - R:localhost/127.0.0.1:30099]
13:06:05.771 [Forwarding get on session fbb98c4684ab24811069d515af5b44da to remote] DEBUG org.asynchttpclient.netty.request.NettyRequestSender -- Using pooled Channel '[id: 0x4cd98f46, L:/127.0.0.1:65136 - R:localhost/127.0.0.1:30099]' for 'POST' to 'http://localhost:30099/session/fbb98c4684ab24811069d515af5b44da/url'
13:06:05.771 [Forwarding get on session fbb98c4684ab24811069d515af5b44da to remote] DEBUG org.asynchttpclient.netty.request.NettyRequestSender -- Using open Channel [id: 0x4cd98f46, L:/127.0.0.1:65136 - R:localhost/127.0.0.1:30099] for POST '/session/fbb98c4684ab24811069d515af5b44da/url'
13:06:06.211 [AsyncHttpClient-1-1] DEBUG org.asynchttpclient.netty.channel.DefaultChannelPool -- Entry count for : http://localhost:12740 : 1
13:06:06.211 [AsyncHttpClient-1-1] DEBUG org.asynchttpclient.netty.channel.DefaultChannelPool -- Entry count for : http://localhost:65083 : 1
13:06:06.211 [AsyncHttpClient-1-1] DEBUG org.asynchttpclient.netty.channel.DefaultChannelPool -- Entry count for : http://localhost:65137 : 1
13:06:07.317 [AsyncHttpClient-1-1] DEBUG org.asynchttpclient.netty.channel.DefaultChannelPool -- Entry count for : http://localhost:12740 : 1
13:06:07.317 [AsyncHttpClient-1-1] DEBUG org.asynchttpclient.netty.channel.DefaultChannelPool -- Entry count for : http://localhost:65083 : 1
13:06:07.317 [AsyncHttpClient-1-1] DEBUG org.asynchttpclient.netty.channel.DefaultChannelPool -- Entry count for : http://localhost:65137 : 1
13:06:08.409 [AsyncHttpClient-1-1] DEBUG org.asynchttpclient.netty.channel.DefaultChannelPool -- Entry count for : http://localhost:12740 : 1
13:06:08.409 [AsyncHttpClient-1-1] DEBUG org.asynchttpclient.netty.channel.DefaultChannelPool -- Entry count for : http://localhost:65083 : 1
13:06:08.409 [AsyncHttpClient-1-1] DEBUG org.asynchttpclient.netty.channel.DefaultChannelPool -- Entry count for : http://localhost:65137 : 1
13:06:09.517 [AsyncHttpClient-1-1] DEBUG org.asynchttpclient.netty.channel.DefaultChannelPool -- Entry count for : http://localhost:12740 : 1
13:06:09.517 [AsyncHttpClient-1-1] DEBUG org.asynchttpclient.netty.channel.DefaultChannelPool -- Entry count for : http://localhost:65083 : 1
13:06:09.517 [AsyncHttpClient-1-1] DEBUG org.asynchttpclient.netty.channel.DefaultChannelPool -- Entry count for : http://localhost:65137 : 1
13:06:10.007 [AsyncHttpClient-1-5] DEBUG org.asynchttpclient.netty.handler.HttpHandler -- 

Request DefaultHttpRequest(decodeResult: success, version: HTTP/1.1)
POST /session/fbb98c4684ab24811069d515af5b44da/url HTTP/1.1
User-Agent: selenium/4.10.0 (java windows)
Content-Length: 68
Content-Type: application/json; charset=utf-8
host: localhost:30099
accept: */*

Response DefaultHttpResponse(decodeResult: success, version: HTTP/1.1)
HTTP/1.1 200 OK
Content-Length: 14
Content-Type: application/json; charset=utf-8
cache-control: no-cache

13:06:10.007 [AsyncHttpClient-1-5] DEBUG org.asynchttpclient.netty.channel.ChannelManager -- Adding key: http://localhost:30099 for channel [id: 0x4cd98f46, L:/127.0.0.1:65136 - R:localhost/127.0.0.1:30099]
13:06:10.008 [Forwarding findElement on session fbb98c4684ab24811069d515af5b44da to remote] DEBUG org.asynchttpclient.netty.request.NettyRequestSender -- Using pooled Channel '[id: 0x4cd98f46, L:/127.0.0.1:65136 - R:localhost/127.0.0.1:30099]' for 'POST' to 'http://localhost:30099/session/fbb98c4684ab24811069d515af5b44da/element'
13:06:10.008 [Forwarding findElement on session fbb98c4684ab24811069d515af5b44da to remote] DEBUG org.asynchttpclient.netty.request.NettyRequestSender -- Using open Channel [id: 0x4cd98f46, L:/127.0.0.1:65136 - R:localhost/127.0.0.1:30099] for POST '/session/fbb98c4684ab24811069d515af5b44da/element'
13:06:10.018 [AsyncHttpClient-1-5] DEBUG org.asynchttpclient.netty.handler.HttpHandler -- 

Request DefaultHttpRequest(decodeResult: success, version: HTTP/1.1)
POST /session/fbb98c4684ab24811069d515af5b44da/element HTTP/1.1
User-Agent: selenium/4.10.0 (java windows)
Content-Length: 53
Content-Type: application/json; charset=utf-8
host: localhost:30099
accept: */*

Response DefaultHttpResponse(decodeResult: success, version: HTTP/1.1)
HTTP/1.1 200 OK
Content-Length: 95
Content-Type: application/json; charset=utf-8
cache-control: no-cache

13:06:10.018 [AsyncHttpClient-1-5] DEBUG org.asynchttpclient.netty.channel.ChannelManager -- Adding key: http://localhost:30099 for channel [id: 0x4cd98f46, L:/127.0.0.1:65136 - R:localhost/127.0.0.1:30099]
13:06:10.019 [Forwarding getTitle on session fbb98c4684ab24811069d515af5b44da to remote] DEBUG org.asynchttpclient.netty.request.NettyRequestSender -- Using pooled Channel '[id: 0x4cd98f46, L:/127.0.0.1:65136 - R:localhost/127.0.0.1:30099]' for 'GET' to 'http://localhost:30099/session/fbb98c4684ab24811069d515af5b44da/title'
13:06:10.019 [Forwarding getTitle on session fbb98c4684ab24811069d515af5b44da to remote] DEBUG org.asynchttpclient.netty.request.NettyRequestSender -- Using open Channel [id: 0x4cd98f46, L:/127.0.0.1:65136 - R:localhost/127.0.0.1:30099] for GET '/session/fbb98c4684ab24811069d515af5b44da/title'
13:06:10.023 [AsyncHttpClient-1-5] DEBUG org.asynchttpclient.netty.handler.HttpHandler -- 

Request DefaultFullHttpRequest(decodeResult: success, version: HTTP/1.1, content: EmptyByteBufBE)
GET /session/fbb98c4684ab24811069d515af5b44da/title HTTP/1.1
User-Agent: selenium/4.10.0 (java windows)
Cache-Control: no-cache
Content-Type: application/json; charset=utf-8
host: localhost:30099
accept: */*

Response DefaultHttpResponse(decodeResult: success, version: HTTP/1.1)
HTTP/1.1 200 OK
Content-Length: 50
Content-Type: application/json; charset=utf-8
cache-control: no-cache

13:06:10.023 [AsyncHttpClient-1-5] DEBUG org.asynchttpclient.netty.channel.ChannelManager -- Adding key: http://localhost:30099 for channel [id: 0x4cd98f46, L:/127.0.0.1:65136 - R:localhost/127.0.0.1:30099]
controle LoginPage met succes uitgevoerd
13:06:10.024 [Forwarding findElement on session fbb98c4684ab24811069d515af5b44da to remote] DEBUG org.asynchttpclient.netty.request.NettyRequestSender -- Using pooled Channel '[id: 0x4cd98f46, L:/127.0.0.1:65136 - R:localhost/127.0.0.1:30099]' for 'POST' to 'http://localhost:30099/session/fbb98c4684ab24811069d515af5b44da/element'
13:06:10.024 [Forwarding findElement on session fbb98c4684ab24811069d515af5b44da to remote] DEBUG org.asynchttpclient.netty.request.NettyRequestSender -- Using open Channel [id: 0x4cd98f46, L:/127.0.0.1:65136 - R:localhost/127.0.0.1:30099] for POST '/session/fbb98c4684ab24811069d515af5b44da/element'
13:06:10.028 [AsyncHttpClient-1-5] DEBUG org.asynchttpclient.netty.handler.HttpHandler -- 

Request DefaultHttpRequest(decodeResult: success, version: HTTP/1.1)
POST /session/fbb98c4684ab24811069d515af5b44da/element HTTP/1.1
User-Agent: selenium/4.10.0 (java windows)
Content-Length: 53
Content-Type: application/json; charset=utf-8
host: localhost:30099
accept: */*

Response DefaultHttpResponse(decodeResult: success, version: HTTP/1.1)
HTTP/1.1 200 OK
Content-Length: 95
Content-Type: application/json; charset=utf-8
cache-control: no-cache

13:06:10.029 [AsyncHttpClient-1-5] DEBUG org.asynchttpclient.netty.channel.ChannelManager -- Adding key: http://localhost:30099 for channel [id: 0x4cd98f46, L:/127.0.0.1:65136 - R:localhost/127.0.0.1:30099]
13:06:10.029 [Forwarding clearElement on session fbb98c4684ab24811069d515af5b44da to remote] DEBUG org.asynchttpclient.netty.request.NettyRequestSender -- Using pooled Channel '[id: 0x4cd98f46, L:/127.0.0.1:65136 - R:localhost/127.0.0.1:30099]' for 'POST' to 'http://localhost:30099/session/fbb98c4684ab24811069d515af5b44da/element/3E87A774753E18F96B95131828A29BF9_element_27/clear'
13:06:10.029 [Forwarding clearElement on session fbb98c4684ab24811069d515af5b44da to remote] DEBUG org.asynchttpclient.netty.request.NettyRequestSender -- Using open Channel [id: 0x4cd98f46, L:/127.0.0.1:65136 - R:localhost/127.0.0.1:30099] for POST '/session/fbb98c4684ab24811069d515af5b44da/element/3E87A774753E18F96B95131828A29BF9_element_27/clear'
13:06:10.053 [AsyncHttpClient-1-5] DEBUG org.asynchttpclient.netty.handler.HttpHandler -- 

Request DefaultHttpRequest(decodeResult: success, version: HTTP/1.1)
POST /session/fbb98c4684ab24811069d515af5b44da/element/3E87A774753E18F96B95131828A29BF9_element_27/clear HTTP/1.1
User-Agent: selenium/4.10.0 (java windows)
Content-Length: 57
Content-Type: application/json; charset=utf-8
host: localhost:30099
accept: */*

Response DefaultHttpResponse(decodeResult: success, version: HTTP/1.1)
HTTP/1.1 200 OK
Content-Length: 14
Content-Type: application/json; charset=utf-8
cache-control: no-cache

13:06:10.054 [AsyncHttpClient-1-5] DEBUG org.asynchttpclient.netty.channel.ChannelManager -- Adding key: http://localhost:30099 for channel [id: 0x4cd98f46, L:/127.0.0.1:65136 - R:localhost/127.0.0.1:30099]
13:06:10.055 [Forwarding findElement on session fbb98c4684ab24811069d515af5b44da to remote] DEBUG org.asynchttpclient.netty.request.NettyRequestSender -- Using pooled Channel '[id: 0x4cd98f46, L:/127.0.0.1:65136 - R:localhost/127.0.0.1:30099]' for 'POST' to 'http://localhost:30099/session/fbb98c4684ab24811069d515af5b44da/element'
13:06:10.055 [Forwarding findElement on session fbb98c4684ab24811069d515af5b44da to remote] DEBUG org.asynchttpclient.netty.request.NettyRequestSender -- Using open Channel [id: 0x4cd98f46, L:/127.0.0.1:65136 - R:localhost/127.0.0.1:30099] for POST '/session/fbb98c4684ab24811069d515af5b44da/element'
13:06:10.059 [AsyncHttpClient-1-5] DEBUG org.asynchttpclient.netty.handler.HttpHandler -- 

Request DefaultHttpRequest(decodeResult: success, version: HTTP/1.1)
POST /session/fbb98c4684ab24811069d515af5b44da/element HTTP/1.1
User-Agent: selenium/4.10.0 (java windows)
Content-Length: 53
Content-Type: application/json; charset=utf-8
host: localhost:30099
accept: */*

Response DefaultHttpResponse(decodeResult: success, version: HTTP/1.1)
HTTP/1.1 200 OK
Content-Length: 95
Content-Type: application/json; charset=utf-8
cache-control: no-cache

13:06:10.059 [AsyncHttpClient-1-5] DEBUG org.asynchttpclient.netty.channel.ChannelManager -- Adding key: http://localhost:30099 for channel [id: 0x4cd98f46, L:/127.0.0.1:65136 - R:localhost/127.0.0.1:30099]
13:06:10.060 [Forwarding sendKeysToElement on session fbb98c4684ab24811069d515af5b44da to remote] DEBUG org.asynchttpclient.netty.request.NettyRequestSender -- Using pooled Channel '[id: 0x4cd98f46, L:/127.0.0.1:65136 - R:localhost/127.0.0.1:30099]' for 'POST' to 'http://localhost:30099/session/fbb98c4684ab24811069d515af5b44da/element/3E87A774753E18F96B95131828A29BF9_element_27/value'
13:06:10.060 [Forwarding sendKeysToElement on session fbb98c4684ab24811069d515af5b44da to remote] DEBUG org.asynchttpclient.netty.request.NettyRequestSender -- Using open Channel [id: 0x4cd98f46, L:/127.0.0.1:65136 - R:localhost/127.0.0.1:30099] for POST '/session/fbb98c4684ab24811069d515af5b44da/element/3E87A774753E18F96B95131828A29BF9_element_27/value'
13:06:10.089 [AsyncHttpClient-1-5] DEBUG org.asynchttpclient.netty.handler.HttpHandler -- 

Request DefaultHttpRequest(decodeResult: success, version: HTTP/1.1)
POST /session/fbb98c4684ab24811069d515af5b44da/element/3E87A774753E18F96B95131828A29BF9_element_27/value HTTP/1.1
User-Agent: selenium/4.10.0 (java windows)
Content-Length: 178
Content-Type: application/json; charset=utf-8
host: localhost:30099
accept: */*

Response DefaultHttpResponse(decodeResult: success, version: HTTP/1.1)
HTTP/1.1 200 OK
Content-Length: 14
Content-Type: application/json; charset=utf-8
cache-control: no-cache

13:06:10.089 [AsyncHttpClient-1-5] DEBUG org.asynchttpclient.netty.channel.ChannelManager -- Adding key: http://localhost:30099 for channel [id: 0x4cd98f46, L:/127.0.0.1:65136 - R:localhost/127.0.0.1:30099]
13:06:10.090 [Forwarding findElement on session fbb98c4684ab24811069d515af5b44da to remote] DEBUG org.asynchttpclient.netty.request.NettyRequestSender -- Using pooled Channel '[id: 0x4cd98f46, L:/127.0.0.1:65136 - R:localhost/127.0.0.1:30099]' for 'POST' to 'http://localhost:30099/session/fbb98c4684ab24811069d515af5b44da/element'
13:06:10.090 [Forwarding findElement on session fbb98c4684ab24811069d515af5b44da to remote] DEBUG org.asynchttpclient.netty.request.NettyRequestSender -- Using open Channel [id: 0x4cd98f46, L:/127.0.0.1:65136 - R:localhost/127.0.0.1:30099] for POST '/session/fbb98c4684ab24811069d515af5b44da/element'
13:06:10.097 [AsyncHttpClient-1-5] DEBUG org.asynchttpclient.netty.handler.HttpHandler -- 

Request DefaultHttpRequest(decodeResult: success, version: HTTP/1.1)
POST /session/fbb98c4684ab24811069d515af5b44da/element HTTP/1.1
User-Agent: selenium/4.10.0 (java windows)
Content-Length: 53
Content-Type: application/json; charset=utf-8
host: localhost:30099
accept: */*

Response DefaultHttpResponse(decodeResult: success, version: HTTP/1.1)
HTTP/1.1 200 OK
Content-Length: 94
Content-Type: application/json; charset=utf-8
cache-control: no-cache

13:06:10.097 [AsyncHttpClient-1-5] DEBUG org.asynchttpclient.netty.channel.ChannelManager -- Adding key: http://localhost:30099 for channel [id: 0x4cd98f46, L:/127.0.0.1:65136 - R:localhost/127.0.0.1:30099]
13:06:10.098 [Forwarding clearElement on session fbb98c4684ab24811069d515af5b44da to remote] DEBUG org.asynchttpclient.netty.request.NettyRequestSender -- Using pooled Channel '[id: 0x4cd98f46, L:/127.0.0.1:65136 - R:localhost/127.0.0.1:30099]' for 'POST' to 'http://localhost:30099/session/fbb98c4684ab24811069d515af5b44da/element/3E87A774753E18F96B95131828A29BF9_element_2/clear'
13:06:10.098 [Forwarding clearElement on session fbb98c4684ab24811069d515af5b44da to remote] DEBUG org.asynchttpclient.netty.request.NettyRequestSender -- Using open Channel [id: 0x4cd98f46, L:/127.0.0.1:65136 - R:localhost/127.0.0.1:30099] for POST '/session/fbb98c4684ab24811069d515af5b44da/element/3E87A774753E18F96B95131828A29BF9_element_2/clear'
13:06:10.110 [AsyncHttpClient-1-5] DEBUG org.asynchttpclient.netty.handler.HttpHandler -- 

Request DefaultHttpRequest(decodeResult: success, version: HTTP/1.1)
POST /session/fbb98c4684ab24811069d515af5b44da/element/3E87A774753E18F96B95131828A29BF9_element_2/clear HTTP/1.1
User-Agent: selenium/4.10.0 (java windows)
Content-Length: 56
Content-Type: application/json; charset=utf-8
host: localhost:30099
accept: */*

Response DefaultHttpResponse(decodeResult: success, version: HTTP/1.1)
HTTP/1.1 200 OK
Content-Length: 14
Content-Type: application/json; charset=utf-8
cache-control: no-cache

13:06:10.111 [AsyncHttpClient-1-5] DEBUG org.asynchttpclient.netty.channel.ChannelManager -- Adding key: http://localhost:30099 for channel [id: 0x4cd98f46, L:/127.0.0.1:65136 - R:localhost/127.0.0.1:30099]
13:06:10.112 [Forwarding findElement on session fbb98c4684ab24811069d515af5b44da to remote] DEBUG org.asynchttpclient.netty.request.NettyRequestSender -- Using pooled Channel '[id: 0x4cd98f46, L:/127.0.0.1:65136 - R:localhost/127.0.0.1:30099]' for 'POST' to 'http://localhost:30099/session/fbb98c4684ab24811069d515af5b44da/element'
13:06:10.112 [Forwarding findElement on session fbb98c4684ab24811069d515af5b44da to remote] DEBUG org.asynchttpclient.netty.request.NettyRequestSender -- Using open Channel [id: 0x4cd98f46, L:/127.0.0.1:65136 - R:localhost/127.0.0.1:30099] for POST '/session/fbb98c4684ab24811069d515af5b44da/element'
13:06:10.116 [AsyncHttpClient-1-5] DEBUG org.asynchttpclient.netty.handler.HttpHandler -- 

Request DefaultHttpRequest(decodeResult: success, version: HTTP/1.1)
POST /session/fbb98c4684ab24811069d515af5b44da/element HTTP/1.1
User-Agent: selenium/4.10.0 (java windows)
Content-Length: 53
Content-Type: application/json; charset=utf-8
host: localhost:30099
accept: */*

Response DefaultHttpResponse(decodeResult: success, version: HTTP/1.1)
HTTP/1.1 200 OK
Content-Length: 94
Content-Type: application/json; charset=utf-8
cache-control: no-cache

13:06:10.116 [AsyncHttpClient-1-5] DEBUG org.asynchttpclient.netty.channel.ChannelManager -- Adding key: http://localhost:30099 for channel [id: 0x4cd98f46, L:/127.0.0.1:65136 - R:localhost/127.0.0.1:30099]
13:06:10.117 [Forwarding sendKeysToElement on session fbb98c4684ab24811069d515af5b44da to remote] DEBUG org.asynchttpclient.netty.request.NettyRequestSender -- Using pooled Channel '[id: 0x4cd98f46, L:/127.0.0.1:65136 - R:localhost/127.0.0.1:30099]' for 'POST' to 'http://localhost:30099/session/fbb98c4684ab24811069d515af5b44da/element/3E87A774753E18F96B95131828A29BF9_element_2/value'
13:06:10.117 [Forwarding sendKeysToElement on session fbb98c4684ab24811069d515af5b44da to remote] DEBUG org.asynchttpclient.netty.request.NettyRequestSender -- Using open Channel [id: 0x4cd98f46, L:/127.0.0.1:65136 - R:localhost/127.0.0.1:30099] for POST '/session/fbb98c4684ab24811069d515af5b44da/element/3E87A774753E18F96B95131828A29BF9_element_2/value'
13:06:10.148 [AsyncHttpClient-1-5] DEBUG org.asynchttpclient.netty.handler.HttpHandler -- 

Request DefaultHttpRequest(decodeResult: success, version: HTTP/1.1)
POST /session/fbb98c4684ab24811069d515af5b44da/element/3E87A774753E18F96B95131828A29BF9_element_2/value HTTP/1.1
User-Agent: selenium/4.10.0 (java windows)
Content-Length: 257
Content-Type: application/json; charset=utf-8
host: localhost:30099
accept: */*

Response DefaultHttpResponse(decodeResult: success, version: HTTP/1.1)
HTTP/1.1 200 OK
Content-Length: 14
Content-Type: application/json; charset=utf-8
cache-control: no-cache

13:06:10.148 [AsyncHttpClient-1-5] DEBUG org.asynchttpclient.netty.channel.ChannelManager -- Adding key: http://localhost:30099 for channel [id: 0x4cd98f46, L:/127.0.0.1:65136 - R:localhost/127.0.0.1:30099]
13:06:10.149 [Forwarding findElement on session fbb98c4684ab24811069d515af5b44da to remote] DEBUG org.asynchttpclient.netty.request.NettyRequestSender -- Using pooled Channel '[id: 0x4cd98f46, L:/127.0.0.1:65136 - R:localhost/127.0.0.1:30099]' for 'POST' to 'http://localhost:30099/session/fbb98c4684ab24811069d515af5b44da/element'
13:06:10.149 [Forwarding findElement on session fbb98c4684ab24811069d515af5b44da to remote] DEBUG org.asynchttpclient.netty.request.NettyRequestSender -- Using open Channel [id: 0x4cd98f46, L:/127.0.0.1:65136 - R:localhost/127.0.0.1:30099] for POST '/session/fbb98c4684ab24811069d515af5b44da/element'
13:06:10.156 [AsyncHttpClient-1-5] DEBUG org.asynchttpclient.netty.handler.HttpHandler -- 

Request DefaultHttpRequest(decodeResult: success, version: HTTP/1.1)
POST /session/fbb98c4684ab24811069d515af5b44da/element HTTP/1.1
User-Agent: selenium/4.10.0 (java windows)
Content-Length: 50
Content-Type: application/json; charset=utf-8
host: localhost:30099
accept: */*

Response DefaultHttpResponse(decodeResult: success, version: HTTP/1.1)
HTTP/1.1 200 OK
Content-Length: 95
Content-Type: application/json; charset=utf-8
cache-control: no-cache

13:06:10.156 [AsyncHttpClient-1-5] DEBUG org.asynchttpclient.netty.channel.ChannelManager -- Adding key: http://localhost:30099 for channel [id: 0x4cd98f46, L:/127.0.0.1:65136 - R:localhost/127.0.0.1:30099]
13:06:10.158 [Forwarding clickElement on session fbb98c4684ab24811069d515af5b44da to remote] DEBUG org.asynchttpclient.netty.request.NettyRequestSender -- Using pooled Channel '[id: 0x4cd98f46, L:/127.0.0.1:65136 - R:localhost/127.0.0.1:30099]' for 'POST' to 'http://localhost:30099/session/fbb98c4684ab24811069d515af5b44da/element/3E87A774753E18F96B95131828A29BF9_element_29/click'
13:06:10.158 [Forwarding clickElement on session fbb98c4684ab24811069d515af5b44da to remote] DEBUG org.asynchttpclient.netty.request.NettyRequestSender -- Using open Channel [id: 0x4cd98f46, L:/127.0.0.1:65136 - R:localhost/127.0.0.1:30099] for POST '/session/fbb98c4684ab24811069d515af5b44da/element/3E87A774753E18F96B95131828A29BF9_element_29/click'
13:06:10.609 [AsyncHttpClient-1-1] DEBUG org.asynchttpclient.netty.channel.DefaultChannelPool -- Entry count for : http://localhost:12740 : 1
13:06:10.609 [AsyncHttpClient-1-1] DEBUG org.asynchttpclient.netty.channel.DefaultChannelPool -- Entry count for : http://localhost:65083 : 1
13:06:10.609 [AsyncHttpClient-1-1] DEBUG org.asynchttpclient.netty.channel.DefaultChannelPool -- Entry count for : http://localhost:65137 : 1
13:06:11.709 [AsyncHttpClient-1-1] DEBUG org.asynchttpclient.netty.channel.DefaultChannelPool -- Entry count for : http://localhost:12740 : 1
13:06:11.709 [AsyncHttpClient-1-1] DEBUG org.asynchttpclient.netty.channel.DefaultChannelPool -- Entry count for : http://localhost:65083 : 1
13:06:11.709 [AsyncHttpClient-1-1] DEBUG org.asynchttpclient.netty.channel.DefaultChannelPool -- Entry count for : http://localhost:65137 : 1
13:06:12.059 [AsyncHttpClient-1-5] DEBUG org.asynchttpclient.netty.handler.HttpHandler -- 

Request DefaultHttpRequest(decodeResult: success, version: HTTP/1.1)
POST /session/fbb98c4684ab24811069d515af5b44da/element/3E87A774753E18F96B95131828A29BF9_element_29/click HTTP/1.1
User-Agent: selenium/4.10.0 (java windows)
Content-Length: 57
Content-Type: application/json; charset=utf-8
host: localhost:30099
accept: */*

Response DefaultHttpResponse(decodeResult: success, version: HTTP/1.1)
HTTP/1.1 200 OK
Content-Length: 14
Content-Type: application/json; charset=utf-8
cache-control: no-cache

13:06:12.059 [AsyncHttpClient-1-5] DEBUG org.asynchttpclient.netty.channel.ChannelManager -- Adding key: http://localhost:30099 for channel [id: 0x4cd98f46, L:/127.0.0.1:65136 - R:localhost/127.0.0.1:30099]
login transitie met succes uitgevoerd
13:06:12.061 [Forwarding findElement on session fbb98c4684ab24811069d515af5b44da to remote] DEBUG org.asynchttpclient.netty.request.NettyRequestSender -- Using pooled Channel '[id: 0x4cd98f46, L:/127.0.0.1:65136 - R:localhost/127.0.0.1:30099]' for 'POST' to 'http://localhost:30099/session/fbb98c4684ab24811069d515af5b44da/element'
13:06:12.061 [Forwarding findElement on session fbb98c4684ab24811069d515af5b44da to remote] DEBUG org.asynchttpclient.netty.request.NettyRequestSender -- Using open Channel [id: 0x4cd98f46, L:/127.0.0.1:65136 - R:localhost/127.0.0.1:30099] for POST '/session/fbb98c4684ab24811069d515af5b44da/element'
13:06:12.072 [AsyncHttpClient-1-5] DEBUG org.asynchttpclient.netty.handler.HttpHandler -- 

Request DefaultHttpRequest(decodeResult: success, version: HTTP/1.1)
POST /session/fbb98c4684ab24811069d515af5b44da/element HTTP/1.1
User-Agent: selenium/4.10.0 (java windows)
Content-Length: 58
Content-Type: application/json; charset=utf-8
host: localhost:30099
accept: */*

Response DefaultHttpResponse(decodeResult: success, version: HTTP/1.1)
HTTP/1.1 200 OK
Content-Length: 95
Content-Type: application/json; charset=utf-8
cache-control: no-cache

13:06:12.073 [AsyncHttpClient-1-5] DEBUG org.asynchttpclient.netty.channel.ChannelManager -- Adding key: http://localhost:30099 for channel [id: 0x4cd98f46, L:/127.0.0.1:65136 - R:localhost/127.0.0.1:30099]
13:06:12.075 [Forwarding getElementAttribute on session fbb98c4684ab24811069d515af5b44da to remote] DEBUG org.asynchttpclient.netty.request.NettyRequestSender -- Using pooled Channel '[id: 0x4cd98f46, L:/127.0.0.1:65136 - R:localhost/127.0.0.1:30099]' for 'POST' to 'http://localhost:30099/session/fbb98c4684ab24811069d515af5b44da/execute/sync'
13:06:12.075 [Forwarding getElementAttribute on session fbb98c4684ab24811069d515af5b44da to remote] DEBUG org.asynchttpclient.netty.request.NettyRequestSender -- Using open Channel [id: 0x4cd98f46, L:/127.0.0.1:65136 - R:localhost/127.0.0.1:30099] for POST '/session/fbb98c4684ab24811069d515af5b44da/execute/sync'
13:06:12.083 [AsyncHttpClient-1-5] DEBUG org.asynchttpclient.netty.handler.HttpHandler -- 

Request DefaultHttpRequest(decodeResult: success, version: HTTP/1.1)
POST /session/fbb98c4684ab24811069d515af5b44da/execute/sync HTTP/1.1
User-Agent: selenium/4.10.0 (java windows)
Content-Length: 47375
Content-Type: application/json; charset=utf-8
host: localhost:30099
accept: */*

Response DefaultHttpResponse(decodeResult: success, version: HTTP/1.1)
HTTP/1.1 200 OK
Content-Length: 28
Content-Type: application/json; charset=utf-8
cache-control: no-cache

13:06:12.083 [AsyncHttpClient-1-5] DEBUG org.asynchttpclient.netty.channel.ChannelManager -- Adding key: http://localhost:30099 for channel [id: 0x4cd98f46, L:/127.0.0.1:65136 - R:localhost/127.0.0.1:30099]
13:06:12.084 [Forwarding findElement on session fbb98c4684ab24811069d515af5b44da to remote] DEBUG org.asynchttpclient.netty.request.NettyRequestSender -- Using pooled Channel '[id: 0x4cd98f46, L:/127.0.0.1:65136 - R:localhost/127.0.0.1:30099]' for 'POST' to 'http://localhost:30099/session/fbb98c4684ab24811069d515af5b44da/element'
13:06:12.084 [Forwarding findElement on session fbb98c4684ab24811069d515af5b44da to remote] DEBUG org.asynchttpclient.netty.request.NettyRequestSender -- Using open Channel [id: 0x4cd98f46, L:/127.0.0.1:65136 - R:localhost/127.0.0.1:30099] for POST '/session/fbb98c4684ab24811069d515af5b44da/element'
13:06:12.089 [AsyncHttpClient-1-5] DEBUG org.asynchttpclient.netty.handler.HttpHandler -- 

Request DefaultHttpRequest(decodeResult: success, version: HTTP/1.1)
POST /session/fbb98c4684ab24811069d515af5b44da/element HTTP/1.1
User-Agent: selenium/4.10.0 (java windows)
Content-Length: 53
Content-Type: application/json; charset=utf-8
host: localhost:30099
accept: */*

Response DefaultHttpResponse(decodeResult: success, version: HTTP/1.1)
HTTP/1.1 200 OK
Content-Length: 95
Content-Type: application/json; charset=utf-8
cache-control: no-cache

13:06:12.089 [AsyncHttpClient-1-5] DEBUG org.asynchttpclient.netty.channel.ChannelManager -- Adding key: http://localhost:30099 for channel [id: 0x4cd98f46, L:/127.0.0.1:65136 - R:localhost/127.0.0.1:30099]
13:06:12.090 [Forwarding getTitle on session fbb98c4684ab24811069d515af5b44da to remote] DEBUG org.asynchttpclient.netty.request.NettyRequestSender -- Using pooled Channel '[id: 0x4cd98f46, L:/127.0.0.1:65136 - R:localhost/127.0.0.1:30099]' for 'GET' to 'http://localhost:30099/session/fbb98c4684ab24811069d515af5b44da/title'
13:06:12.090 [Forwarding getTitle on session fbb98c4684ab24811069d515af5b44da to remote] DEBUG org.asynchttpclient.netty.request.NettyRequestSender -- Using open Channel [id: 0x4cd98f46, L:/127.0.0.1:65136 - R:localhost/127.0.0.1:30099] for GET '/session/fbb98c4684ab24811069d515af5b44da/title'
13:06:12.093 [AsyncHttpClient-1-5] DEBUG org.asynchttpclient.netty.handler.HttpHandler -- 

Request DefaultFullHttpRequest(decodeResult: success, version: HTTP/1.1, content: EmptyByteBufBE)
GET /session/fbb98c4684ab24811069d515af5b44da/title HTTP/1.1
User-Agent: selenium/4.10.0 (java windows)
Cache-Control: no-cache
Content-Type: application/json; charset=utf-8
host: localhost:30099
accept: */*

Response DefaultHttpResponse(decodeResult: success, version: HTTP/1.1)
HTTP/1.1 200 OK
Content-Length: 38
Content-Type: application/json; charset=utf-8
cache-control: no-cache

13:06:12.093 [AsyncHttpClient-1-5] DEBUG org.asynchttpclient.netty.channel.ChannelManager -- Adding key: http://localhost:30099 for channel [id: 0x4cd98f46, L:/127.0.0.1:65136 - R:localhost/127.0.0.1:30099]
controle SearchPage met succes uitgevoerd
13:06:12.094 [Forwarding findElement on session fbb98c4684ab24811069d515af5b44da to remote] DEBUG org.asynchttpclient.netty.request.NettyRequestSender -- Using pooled Channel '[id: 0x4cd98f46, L:/127.0.0.1:65136 - R:localhost/127.0.0.1:30099]' for 'POST' to 'http://localhost:30099/session/fbb98c4684ab24811069d515af5b44da/element'
13:06:12.094 [Forwarding findElement on session fbb98c4684ab24811069d515af5b44da to remote] DEBUG org.asynchttpclient.netty.request.NettyRequestSender -- Using open Channel [id: 0x4cd98f46, L:/127.0.0.1:65136 - R:localhost/127.0.0.1:30099] for POST '/session/fbb98c4684ab24811069d515af5b44da/element'
13:06:12.098 [AsyncHttpClient-1-5] DEBUG org.asynchttpclient.netty.handler.HttpHandler -- 

Request DefaultHttpRequest(decodeResult: success, version: HTTP/1.1)
POST /session/fbb98c4684ab24811069d515af5b44da/element HTTP/1.1
User-Agent: selenium/4.10.0 (java windows)
Content-Length: 58
Content-Type: application/json; charset=utf-8
host: localhost:30099
accept: */*

Response DefaultHttpResponse(decodeResult: success, version: HTTP/1.1)
HTTP/1.1 200 OK
Content-Length: 95
Content-Type: application/json; charset=utf-8
cache-control: no-cache

13:06:12.098 [AsyncHttpClient-1-5] DEBUG org.asynchttpclient.netty.channel.ChannelManager -- Adding key: http://localhost:30099 for channel [id: 0x4cd98f46, L:/127.0.0.1:65136 - R:localhost/127.0.0.1:30099]
13:06:12.100 [Forwarding getElementAttribute on session fbb98c4684ab24811069d515af5b44da to remote] DEBUG org.asynchttpclient.netty.request.NettyRequestSender -- Using pooled Channel '[id: 0x4cd98f46, L:/127.0.0.1:65136 - R:localhost/127.0.0.1:30099]' for 'POST' to 'http://localhost:30099/session/fbb98c4684ab24811069d515af5b44da/execute/sync'
13:06:12.100 [Forwarding getElementAttribute on session fbb98c4684ab24811069d515af5b44da to remote] DEBUG org.asynchttpclient.netty.request.NettyRequestSender -- Using open Channel [id: 0x4cd98f46, L:/127.0.0.1:65136 - R:localhost/127.0.0.1:30099] for POST '/session/fbb98c4684ab24811069d515af5b44da/execute/sync'
13:06:12.107 [AsyncHttpClient-1-5] DEBUG org.asynchttpclient.netty.handler.HttpHandler -- 

Request DefaultHttpRequest(decodeResult: success, version: HTTP/1.1)
POST /session/fbb98c4684ab24811069d515af5b44da/execute/sync HTTP/1.1
User-Agent: selenium/4.10.0 (java windows)
Content-Length: 47375
Content-Type: application/json; charset=utf-8
host: localhost:30099
accept: */*

Response DefaultHttpResponse(decodeResult: success, version: HTTP/1.1)
HTTP/1.1 200 OK
Content-Length: 28
Content-Type: application/json; charset=utf-8
cache-control: no-cache

13:06:12.108 [AsyncHttpClient-1-5] DEBUG org.asynchttpclient.netty.channel.ChannelManager -- Adding key: http://localhost:30099 for channel [id: 0x4cd98f46, L:/127.0.0.1:65136 - R:localhost/127.0.0.1:30099]
13:06:12.108 [Forwarding findElement on session fbb98c4684ab24811069d515af5b44da to remote] DEBUG org.asynchttpclient.netty.request.NettyRequestSender -- Using pooled Channel '[id: 0x4cd98f46, L:/127.0.0.1:65136 - R:localhost/127.0.0.1:30099]' for 'POST' to 'http://localhost:30099/session/fbb98c4684ab24811069d515af5b44da/element'
13:06:12.108 [Forwarding findElement on session fbb98c4684ab24811069d515af5b44da to remote] DEBUG org.asynchttpclient.netty.request.NettyRequestSender -- Using open Channel [id: 0x4cd98f46, L:/127.0.0.1:65136 - R:localhost/127.0.0.1:30099] for POST '/session/fbb98c4684ab24811069d515af5b44da/element'
13:06:12.112 [AsyncHttpClient-1-5] DEBUG org.asynchttpclient.netty.handler.HttpHandler -- 

Request DefaultHttpRequest(decodeResult: success, version: HTTP/1.1)
POST /session/fbb98c4684ab24811069d515af5b44da/element HTTP/1.1
User-Agent: selenium/4.10.0 (java windows)
Content-Length: 53
Content-Type: application/json; charset=utf-8
host: localhost:30099
accept: */*

Response DefaultHttpResponse(decodeResult: success, version: HTTP/1.1)
HTTP/1.1 200 OK
Content-Length: 95
Content-Type: application/json; charset=utf-8
cache-control: no-cache

13:06:12.112 [AsyncHttpClient-1-5] DEBUG org.asynchttpclient.netty.channel.ChannelManager -- Adding key: http://localhost:30099 for channel [id: 0x4cd98f46, L:/127.0.0.1:65136 - R:localhost/127.0.0.1:30099]
13:06:12.113 [Forwarding getTitle on session fbb98c4684ab24811069d515af5b44da to remote] DEBUG org.asynchttpclient.netty.request.NettyRequestSender -- Using pooled Channel '[id: 0x4cd98f46, L:/127.0.0.1:65136 - R:localhost/127.0.0.1:30099]' for 'GET' to 'http://localhost:30099/session/fbb98c4684ab24811069d515af5b44da/title'
13:06:12.113 [Forwarding getTitle on session fbb98c4684ab24811069d515af5b44da to remote] DEBUG org.asynchttpclient.netty.request.NettyRequestSender -- Using open Channel [id: 0x4cd98f46, L:/127.0.0.1:65136 - R:localhost/127.0.0.1:30099] for GET '/session/fbb98c4684ab24811069d515af5b44da/title'
13:06:12.115 [AsyncHttpClient-1-5] DEBUG org.asynchttpclient.netty.handler.HttpHandler -- 

Request DefaultFullHttpRequest(decodeResult: success, version: HTTP/1.1, content: EmptyByteBufBE)
GET /session/fbb98c4684ab24811069d515af5b44da/title HTTP/1.1
User-Agent: selenium/4.10.0 (java windows)
Cache-Control: no-cache
Content-Type: application/json; charset=utf-8
host: localhost:30099
accept: */*

Response DefaultHttpResponse(decodeResult: success, version: HTTP/1.1)
HTTP/1.1 200 OK
Content-Length: 38
Content-Type: application/json; charset=utf-8
cache-control: no-cache

13:06:12.115 [AsyncHttpClient-1-5] DEBUG org.asynchttpclient.netty.channel.ChannelManager -- Adding key: http://localhost:30099 for channel [id: 0x4cd98f46, L:/127.0.0.1:65136 - R:localhost/127.0.0.1:30099]
controle SearchPage met succes uitgevoerd
13:06:12.116 [Forwarding findElement on session fbb98c4684ab24811069d515af5b44da to remote] DEBUG org.asynchttpclient.netty.request.NettyRequestSender -- Using pooled Channel '[id: 0x4cd98f46, L:/127.0.0.1:65136 - R:localhost/127.0.0.1:30099]' for 'POST' to 'http://localhost:30099/session/fbb98c4684ab24811069d515af5b44da/element'
13:06:12.116 [Forwarding findElement on session fbb98c4684ab24811069d515af5b44da to remote] DEBUG org.asynchttpclient.netty.request.NettyRequestSender -- Using open Channel [id: 0x4cd98f46, L:/127.0.0.1:65136 - R:localhost/127.0.0.1:30099] for POST '/session/fbb98c4684ab24811069d515af5b44da/element'
13:06:12.121 [AsyncHttpClient-1-5] DEBUG org.asynchttpclient.netty.handler.HttpHandler -- 

Request DefaultHttpRequest(decodeResult: success, version: HTTP/1.1)
POST /session/fbb98c4684ab24811069d515af5b44da/element HTTP/1.1
User-Agent: selenium/4.10.0 (java windows)
Content-Length: 53
Content-Type: application/json; charset=utf-8
host: localhost:30099
accept: */*

Response DefaultHttpResponse(decodeResult: success, version: HTTP/1.1)
HTTP/1.1 200 OK
Content-Length: 95
Content-Type: application/json; charset=utf-8
cache-control: no-cache

13:06:12.121 [AsyncHttpClient-1-5] DEBUG org.asynchttpclient.netty.channel.ChannelManager -- Adding key: http://localhost:30099 for channel [id: 0x4cd98f46, L:/127.0.0.1:65136 - R:localhost/127.0.0.1:30099]
13:06:12.122 [Forwarding getElementTagName on session fbb98c4684ab24811069d515af5b44da to remote] DEBUG org.asynchttpclient.netty.request.NettyRequestSender -- Using pooled Channel '[id: 0x4cd98f46, L:/127.0.0.1:65136 - R:localhost/127.0.0.1:30099]' for 'GET' to 'http://localhost:30099/session/fbb98c4684ab24811069d515af5b44da/element/409BB10F733B8BD2E80FC2DF51729D7A_element_39/name'
13:06:12.122 [Forwarding getElementTagName on session fbb98c4684ab24811069d515af5b44da to remote] DEBUG org.asynchttpclient.netty.request.NettyRequestSender -- Using open Channel [id: 0x4cd98f46, L:/127.0.0.1:65136 - R:localhost/127.0.0.1:30099] for GET '/session/fbb98c4684ab24811069d515af5b44da/element/409BB10F733B8BD2E80FC2DF51729D7A_element_39/name'
13:06:12.125 [AsyncHttpClient-1-5] DEBUG org.asynchttpclient.netty.handler.HttpHandler -- 

Request DefaultFullHttpRequest(decodeResult: success, version: HTTP/1.1, content: EmptyByteBufBE)
GET /session/fbb98c4684ab24811069d515af5b44da/element/409BB10F733B8BD2E80FC2DF51729D7A_element_39/name HTTP/1.1
User-Agent: selenium/4.10.0 (java windows)
Cache-Control: no-cache
Content-Type: application/json; charset=utf-8
host: localhost:30099
accept: */*

Response DefaultHttpResponse(decodeResult: success, version: HTTP/1.1)
HTTP/1.1 200 OK
Content-Length: 18
Content-Type: application/json; charset=utf-8
cache-control: no-cache

13:06:12.125 [AsyncHttpClient-1-5] DEBUG org.asynchttpclient.netty.channel.ChannelManager -- Adding key: http://localhost:30099 for channel [id: 0x4cd98f46, L:/127.0.0.1:65136 - R:localhost/127.0.0.1:30099]
13:06:12.125 [Forwarding getElementDomAttribute on session fbb98c4684ab24811069d515af5b44da to remote] DEBUG org.asynchttpclient.netty.request.NettyRequestSender -- Using pooled Channel '[id: 0x4cd98f46, L:/127.0.0.1:65136 - R:localhost/127.0.0.1:30099]' for 'GET' to 'http://localhost:30099/session/fbb98c4684ab24811069d515af5b44da/element/409BB10F733B8BD2E80FC2DF51729D7A_element_39/attribute/multiple'
13:06:12.125 [Forwarding getElementDomAttribute on session fbb98c4684ab24811069d515af5b44da to remote] DEBUG org.asynchttpclient.netty.request.NettyRequestSender -- Using open Channel [id: 0x4cd98f46, L:/127.0.0.1:65136 - R:localhost/127.0.0.1:30099] for GET '/session/fbb98c4684ab24811069d515af5b44da/element/409BB10F733B8BD2E80FC2DF51729D7A_element_39/attribute/multiple'
13:06:12.128 [AsyncHttpClient-1-5] DEBUG org.asynchttpclient.netty.handler.HttpHandler -- 

Request DefaultFullHttpRequest(decodeResult: success, version: HTTP/1.1, content: EmptyByteBufBE)
GET /session/fbb98c4684ab24811069d515af5b44da/element/409BB10F733B8BD2E80FC2DF51729D7A_element_39/attribute/multiple HTTP/1.1
User-Agent: selenium/4.10.0 (java windows)
Cache-Control: no-cache
Content-Type: application/json; charset=utf-8
host: localhost:30099
accept: */*

Response DefaultHttpResponse(decodeResult: success, version: HTTP/1.1)
HTTP/1.1 200 OK
Content-Length: 14
Content-Type: application/json; charset=utf-8
cache-control: no-cache

13:06:12.128 [AsyncHttpClient-1-5] DEBUG org.asynchttpclient.netty.channel.ChannelManager -- Adding key: http://localhost:30099 for channel [id: 0x4cd98f46, L:/127.0.0.1:65136 - R:localhost/127.0.0.1:30099]
13:06:12.128 [Forwarding isElementEnabled on session fbb98c4684ab24811069d515af5b44da to remote] DEBUG org.asynchttpclient.netty.request.NettyRequestSender -- Using pooled Channel '[id: 0x4cd98f46, L:/127.0.0.1:65136 - R:localhost/127.0.0.1:30099]' for 'GET' to 'http://localhost:30099/session/fbb98c4684ab24811069d515af5b44da/element/409BB10F733B8BD2E80FC2DF51729D7A_element_39/enabled'
13:06:12.128 [Forwarding isElementEnabled on session fbb98c4684ab24811069d515af5b44da to remote] DEBUG org.asynchttpclient.netty.request.NettyRequestSender -- Using open Channel [id: 0x4cd98f46, L:/127.0.0.1:65136 - R:localhost/127.0.0.1:30099] for GET '/session/fbb98c4684ab24811069d515af5b44da/element/409BB10F733B8BD2E80FC2DF51729D7A_element_39/enabled'
13:06:12.132 [AsyncHttpClient-1-5] DEBUG org.asynchttpclient.netty.handler.HttpHandler -- 

Request DefaultFullHttpRequest(decodeResult: success, version: HTTP/1.1, content: EmptyByteBufBE)
GET /session/fbb98c4684ab24811069d515af5b44da/element/409BB10F733B8BD2E80FC2DF51729D7A_element_39/enabled HTTP/1.1
User-Agent: selenium/4.10.0 (java windows)
Cache-Control: no-cache
Content-Type: application/json; charset=utf-8
host: localhost:30099
accept: */*

Response DefaultHttpResponse(decodeResult: success, version: HTTP/1.1)
HTTP/1.1 200 OK
Content-Length: 14
Content-Type: application/json; charset=utf-8
cache-control: no-cache

13:06:12.132 [AsyncHttpClient-1-5] DEBUG org.asynchttpclient.netty.channel.ChannelManager -- Adding key: http://localhost:30099 for channel [id: 0x4cd98f46, L:/127.0.0.1:65136 - R:localhost/127.0.0.1:30099]
13:06:12.133 [Forwarding findChildElements on session fbb98c4684ab24811069d515af5b44da to remote] DEBUG org.asynchttpclient.netty.request.NettyRequestSender -- Using pooled Channel '[id: 0x4cd98f46, L:/127.0.0.1:65136 - R:localhost/127.0.0.1:30099]' for 'POST' to 'http://localhost:30099/session/fbb98c4684ab24811069d515af5b44da/element/409BB10F733B8BD2E80FC2DF51729D7A_element_39/elements'
13:06:12.133 [Forwarding findChildElements on session fbb98c4684ab24811069d515af5b44da to remote] DEBUG org.asynchttpclient.netty.request.NettyRequestSender -- Using open Channel [id: 0x4cd98f46, L:/127.0.0.1:65136 - R:localhost/127.0.0.1:30099] for POST '/session/fbb98c4684ab24811069d515af5b44da/element/409BB10F733B8BD2E80FC2DF51729D7A_element_39/elements'
13:06:12.140 [AsyncHttpClient-1-5] DEBUG org.asynchttpclient.netty.handler.HttpHandler -- 

Request DefaultHttpRequest(decodeResult: success, version: HTTP/1.1)
POST /session/fbb98c4684ab24811069d515af5b44da/element/409BB10F733B8BD2E80FC2DF51729D7A_element_39/elements HTTP/1.1
User-Agent: selenium/4.10.0 (java windows)
Content-Length: 131
Content-Type: application/json; charset=utf-8
host: localhost:30099
accept: */*

Response DefaultHttpResponse(decodeResult: success, version: HTTP/1.1)
HTTP/1.1 200 OK
Content-Length: 97
Content-Type: application/json; charset=utf-8
cache-control: no-cache

13:06:12.141 [AsyncHttpClient-1-5] DEBUG org.asynchttpclient.netty.channel.ChannelManager -- Adding key: http://localhost:30099 for channel [id: 0x4cd98f46, L:/127.0.0.1:65136 - R:localhost/127.0.0.1:30099]
13:06:12.142 [Forwarding isElementEnabled on session fbb98c4684ab24811069d515af5b44da to remote] DEBUG org.asynchttpclient.netty.request.NettyRequestSender -- Using pooled Channel '[id: 0x4cd98f46, L:/127.0.0.1:65136 - R:localhost/127.0.0.1:30099]' for 'GET' to 'http://localhost:30099/session/fbb98c4684ab24811069d515af5b44da/element/409BB10F733B8BD2E80FC2DF51729D7A_element_40/enabled'
13:06:12.142 [Forwarding isElementEnabled on session fbb98c4684ab24811069d515af5b44da to remote] DEBUG org.asynchttpclient.netty.request.NettyRequestSender -- Using open Channel [id: 0x4cd98f46, L:/127.0.0.1:65136 - R:localhost/127.0.0.1:30099] for GET '/session/fbb98c4684ab24811069d515af5b44da/element/409BB10F733B8BD2E80FC2DF51729D7A_element_40/enabled'
13:06:12.147 [AsyncHttpClient-1-5] DEBUG org.asynchttpclient.netty.handler.HttpHandler -- 

Request DefaultFullHttpRequest(decodeResult: success, version: HTTP/1.1, content: EmptyByteBufBE)
GET /session/fbb98c4684ab24811069d515af5b44da/element/409BB10F733B8BD2E80FC2DF51729D7A_element_40/enabled HTTP/1.1
User-Agent: selenium/4.10.0 (java windows)
Cache-Control: no-cache
Content-Type: application/json; charset=utf-8
host: localhost:30099
accept: */*

Response DefaultHttpResponse(decodeResult: success, version: HTTP/1.1)
HTTP/1.1 200 OK
Content-Length: 14
Content-Type: application/json; charset=utf-8
cache-control: no-cache

13:06:12.147 [AsyncHttpClient-1-5] DEBUG org.asynchttpclient.netty.channel.ChannelManager -- Adding key: http://localhost:30099 for channel [id: 0x4cd98f46, L:/127.0.0.1:65136 - R:localhost/127.0.0.1:30099]
13:06:12.148 [Forwarding isElementSelected on session fbb98c4684ab24811069d515af5b44da to remote] DEBUG org.asynchttpclient.netty.request.NettyRequestSender -- Using pooled Channel '[id: 0x4cd98f46, L:/127.0.0.1:65136 - R:localhost/127.0.0.1:30099]' for 'GET' to 'http://localhost:30099/session/fbb98c4684ab24811069d515af5b44da/element/409BB10F733B8BD2E80FC2DF51729D7A_element_40/selected'
13:06:12.148 [Forwarding isElementSelected on session fbb98c4684ab24811069d515af5b44da to remote] DEBUG org.asynchttpclient.netty.request.NettyRequestSender -- Using open Channel [id: 0x4cd98f46, L:/127.0.0.1:65136 - R:localhost/127.0.0.1:30099] for GET '/session/fbb98c4684ab24811069d515af5b44da/element/409BB10F733B8BD2E80FC2DF51729D7A_element_40/selected'
13:06:12.153 [AsyncHttpClient-1-5] DEBUG org.asynchttpclient.netty.handler.HttpHandler -- 

Request DefaultFullHttpRequest(decodeResult: success, version: HTTP/1.1, content: EmptyByteBufBE)
GET /session/fbb98c4684ab24811069d515af5b44da/element/409BB10F733B8BD2E80FC2DF51729D7A_element_40/selected HTTP/1.1
User-Agent: selenium/4.10.0 (java windows)
Cache-Control: no-cache
Content-Type: application/json; charset=utf-8
host: localhost:30099
accept: */*

Response DefaultHttpResponse(decodeResult: success, version: HTTP/1.1)
HTTP/1.1 200 OK
Content-Length: 15
Content-Type: application/json; charset=utf-8
cache-control: no-cache

13:06:12.153 [AsyncHttpClient-1-5] DEBUG org.asynchttpclient.netty.channel.ChannelManager -- Adding key: http://localhost:30099 for channel [id: 0x4cd98f46, L:/127.0.0.1:65136 - R:localhost/127.0.0.1:30099]
13:06:12.154 [Forwarding clickElement on session fbb98c4684ab24811069d515af5b44da to remote] DEBUG org.asynchttpclient.netty.request.NettyRequestSender -- Using pooled Channel '[id: 0x4cd98f46, L:/127.0.0.1:65136 - R:localhost/127.0.0.1:30099]' for 'POST' to 'http://localhost:30099/session/fbb98c4684ab24811069d515af5b44da/element/409BB10F733B8BD2E80FC2DF51729D7A_element_40/click'
13:06:12.154 [Forwarding clickElement on session fbb98c4684ab24811069d515af5b44da to remote] DEBUG org.asynchttpclient.netty.request.NettyRequestSender -- Using open Channel [id: 0x4cd98f46, L:/127.0.0.1:65136 - R:localhost/127.0.0.1:30099] for POST '/session/fbb98c4684ab24811069d515af5b44da/element/409BB10F733B8BD2E80FC2DF51729D7A_element_40/click'
13:06:12.168 [AsyncHttpClient-1-5] DEBUG org.asynchttpclient.netty.handler.HttpHandler -- 

Request DefaultHttpRequest(decodeResult: success, version: HTTP/1.1)
POST /session/fbb98c4684ab24811069d515af5b44da/element/409BB10F733B8BD2E80FC2DF51729D7A_element_40/click HTTP/1.1
User-Agent: selenium/4.10.0 (java windows)
Content-Length: 57
Content-Type: application/json; charset=utf-8
host: localhost:30099
accept: */*

Response DefaultHttpResponse(decodeResult: success, version: HTTP/1.1)
HTTP/1.1 200 OK
Content-Length: 14
Content-Type: application/json; charset=utf-8
cache-control: no-cache

13:06:12.168 [AsyncHttpClient-1-5] DEBUG org.asynchttpclient.netty.channel.ChannelManager -- Adding key: http://localhost:30099 for channel [id: 0x4cd98f46, L:/127.0.0.1:65136 - R:localhost/127.0.0.1:30099]
13:06:12.170 [Forwarding findElement on session fbb98c4684ab24811069d515af5b44da to remote] DEBUG org.asynchttpclient.netty.request.NettyRequestSender -- Using pooled Channel '[id: 0x4cd98f46, L:/127.0.0.1:65136 - R:localhost/127.0.0.1:30099]' for 'POST' to 'http://localhost:30099/session/fbb98c4684ab24811069d515af5b44da/element'
13:06:12.170 [Forwarding findElement on session fbb98c4684ab24811069d515af5b44da to remote] DEBUG org.asynchttpclient.netty.request.NettyRequestSender -- Using open Channel [id: 0x4cd98f46, L:/127.0.0.1:65136 - R:localhost/127.0.0.1:30099] for POST '/session/fbb98c4684ab24811069d515af5b44da/element'
13:06:12.177 [AsyncHttpClient-1-5] DEBUG org.asynchttpclient.netty.handler.HttpHandler -- 

Request DefaultHttpRequest(decodeResult: success, version: HTTP/1.1)
POST /session/fbb98c4684ab24811069d515af5b44da/element HTTP/1.1
User-Agent: selenium/4.10.0 (java windows)
Content-Length: 53
Content-Type: application/json; charset=utf-8
host: localhost:30099
accept: */*

Response DefaultHttpResponse(decodeResult: success, version: HTTP/1.1)
HTTP/1.1 200 OK
Content-Length: 95
Content-Type: application/json; charset=utf-8
cache-control: no-cache

13:06:12.177 [AsyncHttpClient-1-5] DEBUG org.asynchttpclient.netty.channel.ChannelManager -- Adding key: http://localhost:30099 for channel [id: 0x4cd98f46, L:/127.0.0.1:65136 - R:localhost/127.0.0.1:30099]
13:06:12.178 [Forwarding getElementTagName on session fbb98c4684ab24811069d515af5b44da to remote] DEBUG org.asynchttpclient.netty.request.NettyRequestSender -- Using pooled Channel '[id: 0x4cd98f46, L:/127.0.0.1:65136 - R:localhost/127.0.0.1:30099]' for 'GET' to 'http://localhost:30099/session/fbb98c4684ab24811069d515af5b44da/element/409BB10F733B8BD2E80FC2DF51729D7A_element_41/name'
13:06:12.178 [Forwarding getElementTagName on session fbb98c4684ab24811069d515af5b44da to remote] DEBUG org.asynchttpclient.netty.request.NettyRequestSender -- Using open Channel [id: 0x4cd98f46, L:/127.0.0.1:65136 - R:localhost/127.0.0.1:30099] for GET '/session/fbb98c4684ab24811069d515af5b44da/element/409BB10F733B8BD2E80FC2DF51729D7A_element_41/name'
13:06:12.181 [AsyncHttpClient-1-5] DEBUG org.asynchttpclient.netty.handler.HttpHandler -- 

Request DefaultFullHttpRequest(decodeResult: success, version: HTTP/1.1, content: EmptyByteBufBE)
GET /session/fbb98c4684ab24811069d515af5b44da/element/409BB10F733B8BD2E80FC2DF51729D7A_element_41/name HTTP/1.1
User-Agent: selenium/4.10.0 (java windows)
Cache-Control: no-cache
Content-Type: application/json; charset=utf-8
host: localhost:30099
accept: */*

Response DefaultHttpResponse(decodeResult: success, version: HTTP/1.1)
HTTP/1.1 200 OK
Content-Length: 18
Content-Type: application/json; charset=utf-8
cache-control: no-cache

13:06:12.181 [AsyncHttpClient-1-5] DEBUG org.asynchttpclient.netty.channel.ChannelManager -- Adding key: http://localhost:30099 for channel [id: 0x4cd98f46, L:/127.0.0.1:65136 - R:localhost/127.0.0.1:30099]
13:06:12.182 [Forwarding getElementDomAttribute on session fbb98c4684ab24811069d515af5b44da to remote] DEBUG org.asynchttpclient.netty.request.NettyRequestSender -- Using pooled Channel '[id: 0x4cd98f46, L:/127.0.0.1:65136 - R:localhost/127.0.0.1:30099]' for 'GET' to 'http://localhost:30099/session/fbb98c4684ab24811069d515af5b44da/element/409BB10F733B8BD2E80FC2DF51729D7A_element_41/attribute/multiple'
13:06:12.182 [Forwarding getElementDomAttribute on session fbb98c4684ab24811069d515af5b44da to remote] DEBUG org.asynchttpclient.netty.request.NettyRequestSender -- Using open Channel [id: 0x4cd98f46, L:/127.0.0.1:65136 - R:localhost/127.0.0.1:30099] for GET '/session/fbb98c4684ab24811069d515af5b44da/element/409BB10F733B8BD2E80FC2DF51729D7A_element_41/attribute/multiple'
13:06:12.184 [AsyncHttpClient-1-5] DEBUG org.asynchttpclient.netty.handler.HttpHandler -- 

Request DefaultFullHttpRequest(decodeResult: success, version: HTTP/1.1, content: EmptyByteBufBE)
GET /session/fbb98c4684ab24811069d515af5b44da/element/409BB10F733B8BD2E80FC2DF51729D7A_element_41/attribute/multiple HTTP/1.1
User-Agent: selenium/4.10.0 (java windows)
Cache-Control: no-cache
Content-Type: application/json; charset=utf-8
host: localhost:30099
accept: */*

Response DefaultHttpResponse(decodeResult: success, version: HTTP/1.1)
HTTP/1.1 200 OK
Content-Length: 14
Content-Type: application/json; charset=utf-8
cache-control: no-cache

13:06:12.184 [AsyncHttpClient-1-5] DEBUG org.asynchttpclient.netty.channel.ChannelManager -- Adding key: http://localhost:30099 for channel [id: 0x4cd98f46, L:/127.0.0.1:65136 - R:localhost/127.0.0.1:30099]
13:06:12.185 [Forwarding isElementEnabled on session fbb98c4684ab24811069d515af5b44da to remote] DEBUG org.asynchttpclient.netty.request.NettyRequestSender -- Using pooled Channel '[id: 0x4cd98f46, L:/127.0.0.1:65136 - R:localhost/127.0.0.1:30099]' for 'GET' to 'http://localhost:30099/session/fbb98c4684ab24811069d515af5b44da/element/409BB10F733B8BD2E80FC2DF51729D7A_element_41/enabled'
13:06:12.185 [Forwarding isElementEnabled on session fbb98c4684ab24811069d515af5b44da to remote] DEBUG org.asynchttpclient.netty.request.NettyRequestSender -- Using open Channel [id: 0x4cd98f46, L:/127.0.0.1:65136 - R:localhost/127.0.0.1:30099] for GET '/session/fbb98c4684ab24811069d515af5b44da/element/409BB10F733B8BD2E80FC2DF51729D7A_element_41/enabled'
13:06:12.188 [AsyncHttpClient-1-5] DEBUG org.asynchttpclient.netty.handler.HttpHandler -- 

Request DefaultFullHttpRequest(decodeResult: success, version: HTTP/1.1, content: EmptyByteBufBE)
GET /session/fbb98c4684ab24811069d515af5b44da/element/409BB10F733B8BD2E80FC2DF51729D7A_element_41/enabled HTTP/1.1
User-Agent: selenium/4.10.0 (java windows)
Cache-Control: no-cache
Content-Type: application/json; charset=utf-8
host: localhost:30099
accept: */*

Response DefaultHttpResponse(decodeResult: success, version: HTTP/1.1)
HTTP/1.1 200 OK
Content-Length: 14
Content-Type: application/json; charset=utf-8
cache-control: no-cache

13:06:12.188 [AsyncHttpClient-1-5] DEBUG org.asynchttpclient.netty.channel.ChannelManager -- Adding key: http://localhost:30099 for channel [id: 0x4cd98f46, L:/127.0.0.1:65136 - R:localhost/127.0.0.1:30099]
13:06:12.189 [Forwarding findChildElements on session fbb98c4684ab24811069d515af5b44da to remote] DEBUG org.asynchttpclient.netty.request.NettyRequestSender -- Using pooled Channel '[id: 0x4cd98f46, L:/127.0.0.1:65136 - R:localhost/127.0.0.1:30099]' for 'POST' to 'http://localhost:30099/session/fbb98c4684ab24811069d515af5b44da/element/409BB10F733B8BD2E80FC2DF51729D7A_element_41/elements'
13:06:12.189 [Forwarding findChildElements on session fbb98c4684ab24811069d515af5b44da to remote] DEBUG org.asynchttpclient.netty.request.NettyRequestSender -- Using open Channel [id: 0x4cd98f46, L:/127.0.0.1:65136 - R:localhost/127.0.0.1:30099] for POST '/session/fbb98c4684ab24811069d515af5b44da/element/409BB10F733B8BD2E80FC2DF51729D7A_element_41/elements'
13:06:12.195 [AsyncHttpClient-1-5] DEBUG org.asynchttpclient.netty.handler.HttpHandler -- 

Request DefaultHttpRequest(decodeResult: success, version: HTTP/1.1)
POST /session/fbb98c4684ab24811069d515af5b44da/element/409BB10F733B8BD2E80FC2DF51729D7A_element_41/elements HTTP/1.1
User-Agent: selenium/4.10.0 (java windows)
Content-Length: 127
Content-Type: application/json; charset=utf-8
host: localhost:30099
accept: */*

Response DefaultHttpResponse(decodeResult: success, version: HTTP/1.1)
HTTP/1.1 200 OK
Content-Length: 97
Content-Type: application/json; charset=utf-8
cache-control: no-cache

13:06:12.196 [AsyncHttpClient-1-5] DEBUG org.asynchttpclient.netty.channel.ChannelManager -- Adding key: http://localhost:30099 for channel [id: 0x4cd98f46, L:/127.0.0.1:65136 - R:localhost/127.0.0.1:30099]
13:06:12.196 [Forwarding isElementEnabled on session fbb98c4684ab24811069d515af5b44da to remote] DEBUG org.asynchttpclient.netty.request.NettyRequestSender -- Using pooled Channel '[id: 0x4cd98f46, L:/127.0.0.1:65136 - R:localhost/127.0.0.1:30099]' for 'GET' to 'http://localhost:30099/session/fbb98c4684ab24811069d515af5b44da/element/409BB10F733B8BD2E80FC2DF51729D7A_element_42/enabled'
13:06:12.196 [Forwarding isElementEnabled on session fbb98c4684ab24811069d515af5b44da to remote] DEBUG org.asynchttpclient.netty.request.NettyRequestSender -- Using open Channel [id: 0x4cd98f46, L:/127.0.0.1:65136 - R:localhost/127.0.0.1:30099] for GET '/session/fbb98c4684ab24811069d515af5b44da/element/409BB10F733B8BD2E80FC2DF51729D7A_element_42/enabled'
13:06:12.199 [AsyncHttpClient-1-5] DEBUG org.asynchttpclient.netty.handler.HttpHandler -- 

Request DefaultFullHttpRequest(decodeResult: success, version: HTTP/1.1, content: EmptyByteBufBE)
GET /session/fbb98c4684ab24811069d515af5b44da/element/409BB10F733B8BD2E80FC2DF51729D7A_element_42/enabled HTTP/1.1
User-Agent: selenium/4.10.0 (java windows)
Cache-Control: no-cache
Content-Type: application/json; charset=utf-8
host: localhost:30099
accept: */*

Response DefaultHttpResponse(decodeResult: success, version: HTTP/1.1)
HTTP/1.1 200 OK
Content-Length: 14
Content-Type: application/json; charset=utf-8
cache-control: no-cache

13:06:12.199 [AsyncHttpClient-1-5] DEBUG org.asynchttpclient.netty.channel.ChannelManager -- Adding key: http://localhost:30099 for channel [id: 0x4cd98f46, L:/127.0.0.1:65136 - R:localhost/127.0.0.1:30099]
13:06:12.204 [Forwarding isElementSelected on session fbb98c4684ab24811069d515af5b44da to remote] DEBUG org.asynchttpclient.netty.request.NettyRequestSender -- Using pooled Channel '[id: 0x4cd98f46, L:/127.0.0.1:65136 - R:localhost/127.0.0.1:30099]' for 'GET' to 'http://localhost:30099/session/fbb98c4684ab24811069d515af5b44da/element/409BB10F733B8BD2E80FC2DF51729D7A_element_42/selected'
13:06:12.204 [Forwarding isElementSelected on session fbb98c4684ab24811069d515af5b44da to remote] DEBUG org.asynchttpclient.netty.request.NettyRequestSender -- Using open Channel [id: 0x4cd98f46, L:/127.0.0.1:65136 - R:localhost/127.0.0.1:30099] for GET '/session/fbb98c4684ab24811069d515af5b44da/element/409BB10F733B8BD2E80FC2DF51729D7A_element_42/selected'
13:06:12.209 [AsyncHttpClient-1-5] DEBUG org.asynchttpclient.netty.handler.HttpHandler -- 

Request DefaultFullHttpRequest(decodeResult: success, version: HTTP/1.1, content: EmptyByteBufBE)
GET /session/fbb98c4684ab24811069d515af5b44da/element/409BB10F733B8BD2E80FC2DF51729D7A_element_42/selected HTTP/1.1
User-Agent: selenium/4.10.0 (java windows)
Cache-Control: no-cache
Content-Type: application/json; charset=utf-8
host: localhost:30099
accept: */*

Response DefaultHttpResponse(decodeResult: success, version: HTTP/1.1)
HTTP/1.1 200 OK
Content-Length: 15
Content-Type: application/json; charset=utf-8
cache-control: no-cache

13:06:12.209 [AsyncHttpClient-1-5] DEBUG org.asynchttpclient.netty.channel.ChannelManager -- Adding key: http://localhost:30099 for channel [id: 0x4cd98f46, L:/127.0.0.1:65136 - R:localhost/127.0.0.1:30099]
13:06:12.210 [Forwarding clickElement on session fbb98c4684ab24811069d515af5b44da to remote] DEBUG org.asynchttpclient.netty.request.NettyRequestSender -- Using pooled Channel '[id: 0x4cd98f46, L:/127.0.0.1:65136 - R:localhost/127.0.0.1:30099]' for 'POST' to 'http://localhost:30099/session/fbb98c4684ab24811069d515af5b44da/element/409BB10F733B8BD2E80FC2DF51729D7A_element_42/click'
13:06:12.210 [Forwarding clickElement on session fbb98c4684ab24811069d515af5b44da to remote] DEBUG org.asynchttpclient.netty.request.NettyRequestSender -- Using open Channel [id: 0x4cd98f46, L:/127.0.0.1:65136 - R:localhost/127.0.0.1:30099] for POST '/session/fbb98c4684ab24811069d515af5b44da/element/409BB10F733B8BD2E80FC2DF51729D7A_element_42/click'
13:06:12.221 [AsyncHttpClient-1-5] DEBUG org.asynchttpclient.netty.handler.HttpHandler -- 

Request DefaultHttpRequest(decodeResult: success, version: HTTP/1.1)
POST /session/fbb98c4684ab24811069d515af5b44da/element/409BB10F733B8BD2E80FC2DF51729D7A_element_42/click HTTP/1.1
User-Agent: selenium/4.10.0 (java windows)
Content-Length: 57
Content-Type: application/json; charset=utf-8
host: localhost:30099
accept: */*

Response DefaultHttpResponse(decodeResult: success, version: HTTP/1.1)
HTTP/1.1 200 OK
Content-Length: 14
Content-Type: application/json; charset=utf-8
cache-control: no-cache

13:06:12.221 [AsyncHttpClient-1-5] DEBUG org.asynchttpclient.netty.channel.ChannelManager -- Adding key: http://localhost:30099 for channel [id: 0x4cd98f46, L:/127.0.0.1:65136 - R:localhost/127.0.0.1:30099]
13:06:12.222 [Forwarding findElement on session fbb98c4684ab24811069d515af5b44da to remote] DEBUG org.asynchttpclient.netty.request.NettyRequestSender -- Using pooled Channel '[id: 0x4cd98f46, L:/127.0.0.1:65136 - R:localhost/127.0.0.1:30099]' for 'POST' to 'http://localhost:30099/session/fbb98c4684ab24811069d515af5b44da/element'
13:06:12.222 [Forwarding findElement on session fbb98c4684ab24811069d515af5b44da to remote] DEBUG org.asynchttpclient.netty.request.NettyRequestSender -- Using open Channel [id: 0x4cd98f46, L:/127.0.0.1:65136 - R:localhost/127.0.0.1:30099] for POST '/session/fbb98c4684ab24811069d515af5b44da/element'
13:06:12.228 [AsyncHttpClient-1-5] DEBUG org.asynchttpclient.netty.handler.HttpHandler -- 

Request DefaultHttpRequest(decodeResult: success, version: HTTP/1.1)
POST /session/fbb98c4684ab24811069d515af5b44da/element HTTP/1.1
User-Agent: selenium/4.10.0 (java windows)
Content-Length: 55
Content-Type: application/json; charset=utf-8
host: localhost:30099
accept: */*

Response DefaultHttpResponse(decodeResult: success, version: HTTP/1.1)
HTTP/1.1 200 OK
Content-Length: 95
Content-Type: application/json; charset=utf-8
cache-control: no-cache

13:06:12.229 [AsyncHttpClient-1-5] DEBUG org.asynchttpclient.netty.channel.ChannelManager -- Adding key: http://localhost:30099 for channel [id: 0x4cd98f46, L:/127.0.0.1:65136 - R:localhost/127.0.0.1:30099]
13:06:12.229 [Forwarding getElementTagName on session fbb98c4684ab24811069d515af5b44da to remote] DEBUG org.asynchttpclient.netty.request.NettyRequestSender -- Using pooled Channel '[id: 0x4cd98f46, L:/127.0.0.1:65136 - R:localhost/127.0.0.1:30099]' for 'GET' to 'http://localhost:30099/session/fbb98c4684ab24811069d515af5b44da/element/409BB10F733B8BD2E80FC2DF51729D7A_element_43/name'
13:06:12.229 [Forwarding getElementTagName on session fbb98c4684ab24811069d515af5b44da to remote] DEBUG org.asynchttpclient.netty.request.NettyRequestSender -- Using open Channel [id: 0x4cd98f46, L:/127.0.0.1:65136 - R:localhost/127.0.0.1:30099] for GET '/session/fbb98c4684ab24811069d515af5b44da/element/409BB10F733B8BD2E80FC2DF51729D7A_element_43/name'
13:06:12.232 [AsyncHttpClient-1-5] DEBUG org.asynchttpclient.netty.handler.HttpHandler -- 

Request DefaultFullHttpRequest(decodeResult: success, version: HTTP/1.1, content: EmptyByteBufBE)
GET /session/fbb98c4684ab24811069d515af5b44da/element/409BB10F733B8BD2E80FC2DF51729D7A_element_43/name HTTP/1.1
User-Agent: selenium/4.10.0 (java windows)
Cache-Control: no-cache
Content-Type: application/json; charset=utf-8
host: localhost:30099
accept: */*

Response DefaultHttpResponse(decodeResult: success, version: HTTP/1.1)
HTTP/1.1 200 OK
Content-Length: 18
Content-Type: application/json; charset=utf-8
cache-control: no-cache

13:06:12.232 [AsyncHttpClient-1-5] DEBUG org.asynchttpclient.netty.channel.ChannelManager -- Adding key: http://localhost:30099 for channel [id: 0x4cd98f46, L:/127.0.0.1:65136 - R:localhost/127.0.0.1:30099]
13:06:12.233 [Forwarding getElementDomAttribute on session fbb98c4684ab24811069d515af5b44da to remote] DEBUG org.asynchttpclient.netty.request.NettyRequestSender -- Using pooled Channel '[id: 0x4cd98f46, L:/127.0.0.1:65136 - R:localhost/127.0.0.1:30099]' for 'GET' to 'http://localhost:30099/session/fbb98c4684ab24811069d515af5b44da/element/409BB10F733B8BD2E80FC2DF51729D7A_element_43/attribute/multiple'
13:06:12.233 [Forwarding getElementDomAttribute on session fbb98c4684ab24811069d515af5b44da to remote] DEBUG org.asynchttpclient.netty.request.NettyRequestSender -- Using open Channel [id: 0x4cd98f46, L:/127.0.0.1:65136 - R:localhost/127.0.0.1:30099] for GET '/session/fbb98c4684ab24811069d515af5b44da/element/409BB10F733B8BD2E80FC2DF51729D7A_element_43/attribute/multiple'
13:06:12.235 [AsyncHttpClient-1-5] DEBUG org.asynchttpclient.netty.handler.HttpHandler -- 

Request DefaultFullHttpRequest(decodeResult: success, version: HTTP/1.1, content: EmptyByteBufBE)
GET /session/fbb98c4684ab24811069d515af5b44da/element/409BB10F733B8BD2E80FC2DF51729D7A_element_43/attribute/multiple HTTP/1.1
User-Agent: selenium/4.10.0 (java windows)
Cache-Control: no-cache
Content-Type: application/json; charset=utf-8
host: localhost:30099
accept: */*

Response DefaultHttpResponse(decodeResult: success, version: HTTP/1.1)
HTTP/1.1 200 OK
Content-Length: 14
Content-Type: application/json; charset=utf-8
cache-control: no-cache

13:06:12.235 [AsyncHttpClient-1-5] DEBUG org.asynchttpclient.netty.channel.ChannelManager -- Adding key: http://localhost:30099 for channel [id: 0x4cd98f46, L:/127.0.0.1:65136 - R:localhost/127.0.0.1:30099]
13:06:12.236 [Forwarding isElementEnabled on session fbb98c4684ab24811069d515af5b44da to remote] DEBUG org.asynchttpclient.netty.request.NettyRequestSender -- Using pooled Channel '[id: 0x4cd98f46, L:/127.0.0.1:65136 - R:localhost/127.0.0.1:30099]' for 'GET' to 'http://localhost:30099/session/fbb98c4684ab24811069d515af5b44da/element/409BB10F733B8BD2E80FC2DF51729D7A_element_43/enabled'
13:06:12.236 [Forwarding isElementEnabled on session fbb98c4684ab24811069d515af5b44da to remote] DEBUG org.asynchttpclient.netty.request.NettyRequestSender -- Using open Channel [id: 0x4cd98f46, L:/127.0.0.1:65136 - R:localhost/127.0.0.1:30099] for GET '/session/fbb98c4684ab24811069d515af5b44da/element/409BB10F733B8BD2E80FC2DF51729D7A_element_43/enabled'
13:06:12.240 [AsyncHttpClient-1-5] DEBUG org.asynchttpclient.netty.handler.HttpHandler -- 

Request DefaultFullHttpRequest(decodeResult: success, version: HTTP/1.1, content: EmptyByteBufBE)
GET /session/fbb98c4684ab24811069d515af5b44da/element/409BB10F733B8BD2E80FC2DF51729D7A_element_43/enabled HTTP/1.1
User-Agent: selenium/4.10.0 (java windows)
Cache-Control: no-cache
Content-Type: application/json; charset=utf-8
host: localhost:30099
accept: */*

Response DefaultHttpResponse(decodeResult: success, version: HTTP/1.1)
HTTP/1.1 200 OK
Content-Length: 14
Content-Type: application/json; charset=utf-8
cache-control: no-cache

13:06:12.240 [AsyncHttpClient-1-5] DEBUG org.asynchttpclient.netty.channel.ChannelManager -- Adding key: http://localhost:30099 for channel [id: 0x4cd98f46, L:/127.0.0.1:65136 - R:localhost/127.0.0.1:30099]
13:06:12.241 [Forwarding findChildElements on session fbb98c4684ab24811069d515af5b44da to remote] DEBUG org.asynchttpclient.netty.request.NettyRequestSender -- Using pooled Channel '[id: 0x4cd98f46, L:/127.0.0.1:65136 - R:localhost/127.0.0.1:30099]' for 'POST' to 'http://localhost:30099/session/fbb98c4684ab24811069d515af5b44da/element/409BB10F733B8BD2E80FC2DF51729D7A_element_43/elements'
13:06:12.241 [Forwarding findChildElements on session fbb98c4684ab24811069d515af5b44da to remote] DEBUG org.asynchttpclient.netty.request.NettyRequestSender -- Using open Channel [id: 0x4cd98f46, L:/127.0.0.1:65136 - R:localhost/127.0.0.1:30099] for POST '/session/fbb98c4684ab24811069d515af5b44da/element/409BB10F733B8BD2E80FC2DF51729D7A_element_43/elements'
13:06:12.248 [AsyncHttpClient-1-5] DEBUG org.asynchttpclient.netty.handler.HttpHandler -- 

Request DefaultHttpRequest(decodeResult: success, version: HTTP/1.1)
POST /session/fbb98c4684ab24811069d515af5b44da/element/409BB10F733B8BD2E80FC2DF51729D7A_element_43/elements HTTP/1.1
User-Agent: selenium/4.10.0 (java windows)
Content-Length: 145
Content-Type: application/json; charset=utf-8
host: localhost:30099
accept: */*

Response DefaultHttpResponse(decodeResult: success, version: HTTP/1.1)
HTTP/1.1 200 OK
Content-Length: 97
Content-Type: application/json; charset=utf-8
cache-control: no-cache

13:06:12.249 [AsyncHttpClient-1-5] DEBUG org.asynchttpclient.netty.channel.ChannelManager -- Adding key: http://localhost:30099 for channel [id: 0x4cd98f46, L:/127.0.0.1:65136 - R:localhost/127.0.0.1:30099]
13:06:12.249 [Forwarding isElementEnabled on session fbb98c4684ab24811069d515af5b44da to remote] DEBUG org.asynchttpclient.netty.request.NettyRequestSender -- Using pooled Channel '[id: 0x4cd98f46, L:/127.0.0.1:65136 - R:localhost/127.0.0.1:30099]' for 'GET' to 'http://localhost:30099/session/fbb98c4684ab24811069d515af5b44da/element/409BB10F733B8BD2E80FC2DF51729D7A_element_44/enabled'
13:06:12.249 [Forwarding isElementEnabled on session fbb98c4684ab24811069d515af5b44da to remote] DEBUG org.asynchttpclient.netty.request.NettyRequestSender -- Using open Channel [id: 0x4cd98f46, L:/127.0.0.1:65136 - R:localhost/127.0.0.1:30099] for GET '/session/fbb98c4684ab24811069d515af5b44da/element/409BB10F733B8BD2E80FC2DF51729D7A_element_44/enabled'
13:06:12.253 [AsyncHttpClient-1-5] DEBUG org.asynchttpclient.netty.handler.HttpHandler -- 

Request DefaultFullHttpRequest(decodeResult: success, version: HTTP/1.1, content: EmptyByteBufBE)
GET /session/fbb98c4684ab24811069d515af5b44da/element/409BB10F733B8BD2E80FC2DF51729D7A_element_44/enabled HTTP/1.1
User-Agent: selenium/4.10.0 (java windows)
Cache-Control: no-cache
Content-Type: application/json; charset=utf-8
host: localhost:30099
accept: */*

Response DefaultHttpResponse(decodeResult: success, version: HTTP/1.1)
HTTP/1.1 200 OK
Content-Length: 14
Content-Type: application/json; charset=utf-8
cache-control: no-cache

13:06:12.253 [AsyncHttpClient-1-5] DEBUG org.asynchttpclient.netty.channel.ChannelManager -- Adding key: http://localhost:30099 for channel [id: 0x4cd98f46, L:/127.0.0.1:65136 - R:localhost/127.0.0.1:30099]
13:06:12.254 [Forwarding isElementSelected on session fbb98c4684ab24811069d515af5b44da to remote] DEBUG org.asynchttpclient.netty.request.NettyRequestSender -- Using pooled Channel '[id: 0x4cd98f46, L:/127.0.0.1:65136 - R:localhost/127.0.0.1:30099]' for 'GET' to 'http://localhost:30099/session/fbb98c4684ab24811069d515af5b44da/element/409BB10F733B8BD2E80FC2DF51729D7A_element_44/selected'
13:06:12.254 [Forwarding isElementSelected on session fbb98c4684ab24811069d515af5b44da to remote] DEBUG org.asynchttpclient.netty.request.NettyRequestSender -- Using open Channel [id: 0x4cd98f46, L:/127.0.0.1:65136 - R:localhost/127.0.0.1:30099] for GET '/session/fbb98c4684ab24811069d515af5b44da/element/409BB10F733B8BD2E80FC2DF51729D7A_element_44/selected'
13:06:12.261 [AsyncHttpClient-1-5] DEBUG org.asynchttpclient.netty.handler.HttpHandler -- 

Request DefaultFullHttpRequest(decodeResult: success, version: HTTP/1.1, content: EmptyByteBufBE)
GET /session/fbb98c4684ab24811069d515af5b44da/element/409BB10F733B8BD2E80FC2DF51729D7A_element_44/selected HTTP/1.1
User-Agent: selenium/4.10.0 (java windows)
Cache-Control: no-cache
Content-Type: application/json; charset=utf-8
host: localhost:30099
accept: */*

Response DefaultHttpResponse(decodeResult: success, version: HTTP/1.1)
HTTP/1.1 200 OK
Content-Length: 15
Content-Type: application/json; charset=utf-8
cache-control: no-cache

13:06:12.261 [AsyncHttpClient-1-5] DEBUG org.asynchttpclient.netty.channel.ChannelManager -- Adding key: http://localhost:30099 for channel [id: 0x4cd98f46, L:/127.0.0.1:65136 - R:localhost/127.0.0.1:30099]
13:06:12.264 [Forwarding clickElement on session fbb98c4684ab24811069d515af5b44da to remote] DEBUG org.asynchttpclient.netty.request.NettyRequestSender -- Using pooled Channel '[id: 0x4cd98f46, L:/127.0.0.1:65136 - R:localhost/127.0.0.1:30099]' for 'POST' to 'http://localhost:30099/session/fbb98c4684ab24811069d515af5b44da/element/409BB10F733B8BD2E80FC2DF51729D7A_element_44/click'
13:06:12.264 [Forwarding clickElement on session fbb98c4684ab24811069d515af5b44da to remote] DEBUG org.asynchttpclient.netty.request.NettyRequestSender -- Using open Channel [id: 0x4cd98f46, L:/127.0.0.1:65136 - R:localhost/127.0.0.1:30099] for POST '/session/fbb98c4684ab24811069d515af5b44da/element/409BB10F733B8BD2E80FC2DF51729D7A_element_44/click'
13:06:12.281 [AsyncHttpClient-1-5] DEBUG org.asynchttpclient.netty.handler.HttpHandler -- 

Request DefaultHttpRequest(decodeResult: success, version: HTTP/1.1)
POST /session/fbb98c4684ab24811069d515af5b44da/element/409BB10F733B8BD2E80FC2DF51729D7A_element_44/click HTTP/1.1
User-Agent: selenium/4.10.0 (java windows)
Content-Length: 57
Content-Type: application/json; charset=utf-8
host: localhost:30099
accept: */*

Response DefaultHttpResponse(decodeResult: success, version: HTTP/1.1)
HTTP/1.1 200 OK
Content-Length: 14
Content-Type: application/json; charset=utf-8
cache-control: no-cache

13:06:12.281 [AsyncHttpClient-1-5] DEBUG org.asynchttpclient.netty.channel.ChannelManager -- Adding key: http://localhost:30099 for channel [id: 0x4cd98f46, L:/127.0.0.1:65136 - R:localhost/127.0.0.1:30099]
13:06:12.282 [Forwarding findElement on session fbb98c4684ab24811069d515af5b44da to remote] DEBUG org.asynchttpclient.netty.request.NettyRequestSender -- Using pooled Channel '[id: 0x4cd98f46, L:/127.0.0.1:65136 - R:localhost/127.0.0.1:30099]' for 'POST' to 'http://localhost:30099/session/fbb98c4684ab24811069d515af5b44da/element'
13:06:12.282 [Forwarding findElement on session fbb98c4684ab24811069d515af5b44da to remote] DEBUG org.asynchttpclient.netty.request.NettyRequestSender -- Using open Channel [id: 0x4cd98f46, L:/127.0.0.1:65136 - R:localhost/127.0.0.1:30099] for POST '/session/fbb98c4684ab24811069d515af5b44da/element'
13:06:12.290 [AsyncHttpClient-1-5] DEBUG org.asynchttpclient.netty.handler.HttpHandler -- 

Request DefaultHttpRequest(decodeResult: success, version: HTTP/1.1)
POST /session/fbb98c4684ab24811069d515af5b44da/element HTTP/1.1
User-Agent: selenium/4.10.0 (java windows)
Content-Length: 56
Content-Type: application/json; charset=utf-8
host: localhost:30099
accept: */*

Response DefaultHttpResponse(decodeResult: success, version: HTTP/1.1)
HTTP/1.1 200 OK
Content-Length: 95
Content-Type: application/json; charset=utf-8
cache-control: no-cache

13:06:12.290 [AsyncHttpClient-1-5] DEBUG org.asynchttpclient.netty.channel.ChannelManager -- Adding key: http://localhost:30099 for channel [id: 0x4cd98f46, L:/127.0.0.1:65136 - R:localhost/127.0.0.1:30099]
13:06:12.291 [Forwarding clearElement on session fbb98c4684ab24811069d515af5b44da to remote] DEBUG org.asynchttpclient.netty.request.NettyRequestSender -- Using pooled Channel '[id: 0x4cd98f46, L:/127.0.0.1:65136 - R:localhost/127.0.0.1:30099]' for 'POST' to 'http://localhost:30099/session/fbb98c4684ab24811069d515af5b44da/element/409BB10F733B8BD2E80FC2DF51729D7A_element_45/clear'
13:06:12.291 [Forwarding clearElement on session fbb98c4684ab24811069d515af5b44da to remote] DEBUG org.asynchttpclient.netty.request.NettyRequestSender -- Using open Channel [id: 0x4cd98f46, L:/127.0.0.1:65136 - R:localhost/127.0.0.1:30099] for POST '/session/fbb98c4684ab24811069d515af5b44da/element/409BB10F733B8BD2E80FC2DF51729D7A_element_45/clear'
13:06:12.305 [AsyncHttpClient-1-5] DEBUG org.asynchttpclient.netty.handler.HttpHandler -- 

Request DefaultHttpRequest(decodeResult: success, version: HTTP/1.1)
POST /session/fbb98c4684ab24811069d515af5b44da/element/409BB10F733B8BD2E80FC2DF51729D7A_element_45/clear HTTP/1.1
User-Agent: selenium/4.10.0 (java windows)
Content-Length: 57
Content-Type: application/json; charset=utf-8
host: localhost:30099
accept: */*

Response DefaultHttpResponse(decodeResult: success, version: HTTP/1.1)
HTTP/1.1 200 OK
Content-Length: 14
Content-Type: application/json; charset=utf-8
cache-control: no-cache

13:06:12.306 [AsyncHttpClient-1-5] DEBUG org.asynchttpclient.netty.channel.ChannelManager -- Adding key: http://localhost:30099 for channel [id: 0x4cd98f46, L:/127.0.0.1:65136 - R:localhost/127.0.0.1:30099]
13:06:12.306 [Forwarding findElement on session fbb98c4684ab24811069d515af5b44da to remote] DEBUG org.asynchttpclient.netty.request.NettyRequestSender -- Using pooled Channel '[id: 0x4cd98f46, L:/127.0.0.1:65136 - R:localhost/127.0.0.1:30099]' for 'POST' to 'http://localhost:30099/session/fbb98c4684ab24811069d515af5b44da/element'
13:06:12.306 [Forwarding findElement on session fbb98c4684ab24811069d515af5b44da to remote] DEBUG org.asynchttpclient.netty.request.NettyRequestSender -- Using open Channel [id: 0x4cd98f46, L:/127.0.0.1:65136 - R:localhost/127.0.0.1:30099] for POST '/session/fbb98c4684ab24811069d515af5b44da/element'
13:06:12.310 [AsyncHttpClient-1-5] DEBUG org.asynchttpclient.netty.handler.HttpHandler -- 

Request DefaultHttpRequest(decodeResult: success, version: HTTP/1.1)
POST /session/fbb98c4684ab24811069d515af5b44da/element HTTP/1.1
User-Agent: selenium/4.10.0 (java windows)
Content-Length: 56
Content-Type: application/json; charset=utf-8
host: localhost:30099
accept: */*

Response DefaultHttpResponse(decodeResult: success, version: HTTP/1.1)
HTTP/1.1 200 OK
Content-Length: 95
Content-Type: application/json; charset=utf-8
cache-control: no-cache

13:06:12.310 [AsyncHttpClient-1-5] DEBUG org.asynchttpclient.netty.channel.ChannelManager -- Adding key: http://localhost:30099 for channel [id: 0x4cd98f46, L:/127.0.0.1:65136 - R:localhost/127.0.0.1:30099]
13:06:12.311 [Forwarding sendKeysToElement on session fbb98c4684ab24811069d515af5b44da to remote] DEBUG org.asynchttpclient.netty.request.NettyRequestSender -- Using pooled Channel '[id: 0x4cd98f46, L:/127.0.0.1:65136 - R:localhost/127.0.0.1:30099]' for 'POST' to 'http://localhost:30099/session/fbb98c4684ab24811069d515af5b44da/element/409BB10F733B8BD2E80FC2DF51729D7A_element_45/value'
13:06:12.311 [Forwarding sendKeysToElement on session fbb98c4684ab24811069d515af5b44da to remote] DEBUG org.asynchttpclient.netty.request.NettyRequestSender -- Using open Channel [id: 0x4cd98f46, L:/127.0.0.1:65136 - R:localhost/127.0.0.1:30099] for POST '/session/fbb98c4684ab24811069d515af5b44da/element/409BB10F733B8BD2E80FC2DF51729D7A_element_45/value'
13:06:12.351 [AsyncHttpClient-1-5] DEBUG org.asynchttpclient.netty.handler.HttpHandler -- 

Request DefaultHttpRequest(decodeResult: success, version: HTTP/1.1)
POST /session/fbb98c4684ab24811069d515af5b44da/element/409BB10F733B8BD2E80FC2DF51729D7A_element_45/value HTTP/1.1
User-Agent: selenium/4.10.0 (java windows)
Content-Length: 342
Content-Type: application/json; charset=utf-8
host: localhost:30099
accept: */*

Response DefaultHttpResponse(decodeResult: success, version: HTTP/1.1)
HTTP/1.1 200 OK
Content-Length: 14
Content-Type: application/json; charset=utf-8
cache-control: no-cache

13:06:12.351 [AsyncHttpClient-1-5] DEBUG org.asynchttpclient.netty.channel.ChannelManager -- Adding key: http://localhost:30099 for channel [id: 0x4cd98f46, L:/127.0.0.1:65136 - R:localhost/127.0.0.1:30099]
13:06:12.352 [Forwarding findElement on session fbb98c4684ab24811069d515af5b44da to remote] DEBUG org.asynchttpclient.netty.request.NettyRequestSender -- Using pooled Channel '[id: 0x4cd98f46, L:/127.0.0.1:65136 - R:localhost/127.0.0.1:30099]' for 'POST' to 'http://localhost:30099/session/fbb98c4684ab24811069d515af5b44da/element'
13:06:12.352 [Forwarding findElement on session fbb98c4684ab24811069d515af5b44da to remote] DEBUG org.asynchttpclient.netty.request.NettyRequestSender -- Using open Channel [id: 0x4cd98f46, L:/127.0.0.1:65136 - R:localhost/127.0.0.1:30099] for POST '/session/fbb98c4684ab24811069d515af5b44da/element'
13:06:12.359 [AsyncHttpClient-1-5] DEBUG org.asynchttpclient.netty.handler.HttpHandler -- 

Request DefaultHttpRequest(decodeResult: success, version: HTTP/1.1)
POST /session/fbb98c4684ab24811069d515af5b44da/element HTTP/1.1
User-Agent: selenium/4.10.0 (java windows)
Content-Length: 51
Content-Type: application/json; charset=utf-8
host: localhost:30099
accept: */*

Response DefaultHttpResponse(decodeResult: success, version: HTTP/1.1)
HTTP/1.1 200 OK
Content-Length: 95
Content-Type: application/json; charset=utf-8
cache-control: no-cache

13:06:12.359 [AsyncHttpClient-1-5] DEBUG org.asynchttpclient.netty.channel.ChannelManager -- Adding key: http://localhost:30099 for channel [id: 0x4cd98f46, L:/127.0.0.1:65136 - R:localhost/127.0.0.1:30099]
13:06:12.360 [Forwarding clickElement on session fbb98c4684ab24811069d515af5b44da to remote] DEBUG org.asynchttpclient.netty.request.NettyRequestSender -- Using pooled Channel '[id: 0x4cd98f46, L:/127.0.0.1:65136 - R:localhost/127.0.0.1:30099]' for 'POST' to 'http://localhost:30099/session/fbb98c4684ab24811069d515af5b44da/element/409BB10F733B8BD2E80FC2DF51729D7A_element_48/click'
13:06:12.360 [Forwarding clickElement on session fbb98c4684ab24811069d515af5b44da to remote] DEBUG org.asynchttpclient.netty.request.NettyRequestSender -- Using open Channel [id: 0x4cd98f46, L:/127.0.0.1:65136 - R:localhost/127.0.0.1:30099] for POST '/session/fbb98c4684ab24811069d515af5b44da/element/409BB10F733B8BD2E80FC2DF51729D7A_element_48/click'
13:06:12.808 [AsyncHttpClient-1-1] DEBUG org.asynchttpclient.netty.channel.DefaultChannelPool -- Entry count for : http://localhost:12740 : 1
13:06:12.808 [AsyncHttpClient-1-1] DEBUG org.asynchttpclient.netty.channel.DefaultChannelPool -- Entry count for : http://localhost:65083 : 1
13:06:12.808 [AsyncHttpClient-1-1] DEBUG org.asynchttpclient.netty.channel.DefaultChannelPool -- Entry count for : http://localhost:65137 : 1
13:06:13.207 [AsyncHttpClient-1-5] DEBUG org.asynchttpclient.netty.handler.HttpHandler -- 

Request DefaultHttpRequest(decodeResult: success, version: HTTP/1.1)
POST /session/fbb98c4684ab24811069d515af5b44da/element/409BB10F733B8BD2E80FC2DF51729D7A_element_48/click HTTP/1.1
User-Agent: selenium/4.10.0 (java windows)
Content-Length: 57
Content-Type: application/json; charset=utf-8
host: localhost:30099
accept: */*

Response DefaultHttpResponse(decodeResult: success, version: HTTP/1.1)
HTTP/1.1 200 OK
Content-Length: 14
Content-Type: application/json; charset=utf-8
cache-control: no-cache

13:06:13.208 [AsyncHttpClient-1-5] DEBUG org.asynchttpclient.netty.channel.ChannelManager -- Adding key: http://localhost:30099 for channel [id: 0x4cd98f46, L:/127.0.0.1:65136 - R:localhost/127.0.0.1:30099]
makeFirstSelection transitie met succes uitgevoerd
13:06:13.209 [Forwarding findElement on session fbb98c4684ab24811069d515af5b44da to remote] DEBUG org.asynchttpclient.netty.request.NettyRequestSender -- Using pooled Channel '[id: 0x4cd98f46, L:/127.0.0.1:65136 - R:localhost/127.0.0.1:30099]' for 'POST' to 'http://localhost:30099/session/fbb98c4684ab24811069d515af5b44da/element'
13:06:13.209 [Forwarding findElement on session fbb98c4684ab24811069d515af5b44da to remote] DEBUG org.asynchttpclient.netty.request.NettyRequestSender -- Using open Channel [id: 0x4cd98f46, L:/127.0.0.1:65136 - R:localhost/127.0.0.1:30099] for POST '/session/fbb98c4684ab24811069d515af5b44da/element'
13:06:13.215 [AsyncHttpClient-1-5] DEBUG org.asynchttpclient.netty.handler.HttpHandler -- 

Request DefaultHttpRequest(decodeResult: success, version: HTTP/1.1)
POST /session/fbb98c4684ab24811069d515af5b44da/element HTTP/1.1
User-Agent: selenium/4.10.0 (java windows)
Content-Length: 58
Content-Type: application/json; charset=utf-8
host: localhost:30099
accept: */*

Response DefaultHttpResponse(decodeResult: success, version: HTTP/1.1)
HTTP/1.1 200 OK
Content-Length: 95
Content-Type: application/json; charset=utf-8
cache-control: no-cache

13:06:13.216 [AsyncHttpClient-1-5] DEBUG org.asynchttpclient.netty.channel.ChannelManager -- Adding key: http://localhost:30099 for channel [id: 0x4cd98f46, L:/127.0.0.1:65136 - R:localhost/127.0.0.1:30099]
13:06:13.216 [Forwarding clickElement on session fbb98c4684ab24811069d515af5b44da to remote] DEBUG org.asynchttpclient.netty.request.NettyRequestSender -- Using pooled Channel '[id: 0x4cd98f46, L:/127.0.0.1:65136 - R:localhost/127.0.0.1:30099]' for 'POST' to 'http://localhost:30099/session/fbb98c4684ab24811069d515af5b44da/element/058B99B6A77B4146DA1003F5A8F1DDA8_element_57/click'
13:06:13.216 [Forwarding clickElement on session fbb98c4684ab24811069d515af5b44da to remote] DEBUG org.asynchttpclient.netty.request.NettyRequestSender -- Using open Channel [id: 0x4cd98f46, L:/127.0.0.1:65136 - R:localhost/127.0.0.1:30099] for POST '/session/fbb98c4684ab24811069d515af5b44da/element/058B99B6A77B4146DA1003F5A8F1DDA8_element_57/click'
13:06:13.238 [AsyncHttpClient-1-5] DEBUG org.asynchttpclient.netty.handler.HttpHandler -- 

Request DefaultHttpRequest(decodeResult: success, version: HTTP/1.1)
POST /session/fbb98c4684ab24811069d515af5b44da/element/058B99B6A77B4146DA1003F5A8F1DDA8_element_57/click HTTP/1.1
User-Agent: selenium/4.10.0 (java windows)
Content-Length: 57
Content-Type: application/json; charset=utf-8
host: localhost:30099
accept: */*

Response DefaultHttpResponse(decodeResult: success, version: HTTP/1.1)
HTTP/1.1 200 OK
Content-Length: 14
Content-Type: application/json; charset=utf-8
cache-control: no-cache

13:06:13.238 [AsyncHttpClient-1-5] DEBUG org.asynchttpclient.netty.channel.ChannelManager -- Adding key: http://localhost:30099 for channel [id: 0x4cd98f46, L:/127.0.0.1:65136 - R:localhost/127.0.0.1:30099]
13:06:13.239 [Forwarding findElement on session fbb98c4684ab24811069d515af5b44da to remote] DEBUG org.asynchttpclient.netty.request.NettyRequestSender -- Using pooled Channel '[id: 0x4cd98f46, L:/127.0.0.1:65136 - R:localhost/127.0.0.1:30099]' for 'POST' to 'http://localhost:30099/session/fbb98c4684ab24811069d515af5b44da/element'
13:06:13.239 [Forwarding findElement on session fbb98c4684ab24811069d515af5b44da to remote] DEBUG org.asynchttpclient.netty.request.NettyRequestSender -- Using open Channel [id: 0x4cd98f46, L:/127.0.0.1:65136 - R:localhost/127.0.0.1:30099] for POST '/session/fbb98c4684ab24811069d515af5b44da/element'
13:06:13.245 [AsyncHttpClient-1-5] DEBUG org.asynchttpclient.netty.handler.HttpHandler -- 

Request DefaultHttpRequest(decodeResult: success, version: HTTP/1.1)
POST /session/fbb98c4684ab24811069d515af5b44da/element HTTP/1.1
User-Agent: selenium/4.10.0 (java windows)
Content-Length: 53
Content-Type: application/json; charset=utf-8
host: localhost:30099
accept: */*

Response DefaultHttpResponse(decodeResult: success, version: HTTP/1.1)
HTTP/1.1 200 OK
Content-Length: 95
Content-Type: application/json; charset=utf-8
cache-control: no-cache

13:06:13.245 [AsyncHttpClient-1-5] DEBUG org.asynchttpclient.netty.channel.ChannelManager -- Adding key: http://localhost:30099 for channel [id: 0x4cd98f46, L:/127.0.0.1:65136 - R:localhost/127.0.0.1:30099]
13:06:13.246 [Forwarding clickElement on session fbb98c4684ab24811069d515af5b44da to remote] DEBUG org.asynchttpclient.netty.request.NettyRequestSender -- Using pooled Channel '[id: 0x4cd98f46, L:/127.0.0.1:65136 - R:localhost/127.0.0.1:30099]' for 'POST' to 'http://localhost:30099/session/fbb98c4684ab24811069d515af5b44da/element/058B99B6A77B4146DA1003F5A8F1DDA8_element_58/click'
13:06:13.246 [Forwarding clickElement on session fbb98c4684ab24811069d515af5b44da to remote] DEBUG org.asynchttpclient.netty.request.NettyRequestSender -- Using open Channel [id: 0x4cd98f46, L:/127.0.0.1:65136 - R:localhost/127.0.0.1:30099] for POST '/session/fbb98c4684ab24811069d515af5b44da/element/058B99B6A77B4146DA1003F5A8F1DDA8_element_58/click'
13:06:13.843 [AsyncHttpClient-1-5] DEBUG org.asynchttpclient.netty.handler.HttpHandler -- 

Request DefaultHttpRequest(decodeResult: success, version: HTTP/1.1)
POST /session/fbb98c4684ab24811069d515af5b44da/element/058B99B6A77B4146DA1003F5A8F1DDA8_element_58/click HTTP/1.1
User-Agent: selenium/4.10.0 (java windows)
Content-Length: 57
Content-Type: application/json; charset=utf-8
host: localhost:30099
accept: */*

Response DefaultHttpResponse(decodeResult: success, version: HTTP/1.1)
HTTP/1.1 200 OK
Content-Length: 14
Content-Type: application/json; charset=utf-8
cache-control: no-cache

13:06:13.843 [AsyncHttpClient-1-5] DEBUG org.asynchttpclient.netty.channel.ChannelManager -- Adding key: http://localhost:30099 for channel [id: 0x4cd98f46, L:/127.0.0.1:65136 - R:localhost/127.0.0.1:30099]
transitie SelectPage.select met succes uitgevoerd
]]></system-out>
    <system-err><![CDATA[jul 18, 2023 1:06:05 P.M. org.openqa.selenium.remote.service.DriverService$Builder getLogOutput
INFO: Driver logs no longer sent to console by default; https://www.selenium.dev/documentation/webdriver/drivers/service/#setting-log-output
]]></system-err>
  </testcase>
  <testcase name="annuleren van een reis" classname="Alleen een bekende Webshop bezoeker mag de reizen zien of boeken" time="8.516">
    <system-out><![CDATA[13:06:13.916 [AsyncHttpClient-1-1] DEBUG org.asynchttpclient.netty.channel.DefaultChannelPool -- Entry count for : http://localhost:12740 : 1
13:06:13.916 [AsyncHttpClient-1-1] DEBUG org.asynchttpclient.netty.channel.DefaultChannelPool -- Entry count for : http://localhost:65083 : 1
13:06:13.916 [AsyncHttpClient-1-1] DEBUG org.asynchttpclient.netty.channel.DefaultChannelPool -- Entry count for : http://localhost:30099 : 1
13:06:13.916 [AsyncHttpClient-1-1] DEBUG org.asynchttpclient.netty.channel.DefaultChannelPool -- Entry count for : http://localhost:65137 : 1
13:06:13.972 [AsyncHttpClient-1-8] DEBUG org.asynchttpclient.netty.channel.NettyConnectListener -- Using new Channel '[id: 0x695200ee, L:/127.0.0.1:65202 - R:localhost/127.0.0.1:44186]' for 'POST' to '/session'
13:06:14.566 [AsyncHttpClient-1-8] DEBUG org.asynchttpclient.netty.handler.HttpHandler -- 

Request DefaultHttpRequest(decodeResult: success, version: HTTP/1.1)
POST /session HTTP/1.1
User-Agent: selenium/4.10.0 (java windows)
Content-Length: 254
Content-Type: application/json; charset=utf-8
host: localhost:44186
accept: */*

Response DefaultHttpResponse(decodeResult: success, version: HTTP/1.1)
HTTP/1.1 200 OK
Content-Length: 860
Content-Type: application/json; charset=utf-8
cache-control: no-cache

13:06:14.567 [AsyncHttpClient-1-8] DEBUG org.asynchttpclient.netty.channel.ChannelManager -- Adding key: http://localhost:44186 for channel [id: 0x695200ee, L:/127.0.0.1:65202 - R:localhost/127.0.0.1:44186]
13:06:14.577 [AsyncHttpClient-1-9] DEBUG org.asynchttpclient.netty.channel.NettyConnectListener -- Using new Channel '[id: 0xd7da4397, L:/127.0.0.1:65212 - R:localhost/127.0.0.1:65203]' for 'GET' to '/json/version'
13:06:14.580 [AsyncHttpClient-1-9] DEBUG org.asynchttpclient.netty.handler.HttpHandler -- 

Request DefaultFullHttpRequest(decodeResult: success, version: HTTP/1.1, content: EmptyByteBufBE)
GET /json/version HTTP/1.1
User-Agent: selenium/4.10.0 (java windows)
host: localhost:65203
accept: */*

Response DefaultHttpResponse(decodeResult: success, version: HTTP/1.1)
HTTP/1.1 200 OK
Content-Security-Policy: frame-ancestors 'none'
Content-Length: 424
Content-Type: application/json; charset=UTF-8

13:06:14.580 [AsyncHttpClient-1-9] DEBUG org.asynchttpclient.netty.channel.ChannelManager -- Adding key: http://localhost:65203 for channel [id: 0xd7da4397, L:/127.0.0.1:65212 - R:localhost/127.0.0.1:65203]
13:06:14.583 [AsyncHttpClient-1-10] DEBUG org.asynchttpclient.netty.channel.NettyConnectListener -- Using new Channel '[id: 0xc6dcb245, L:/127.0.0.1:65213 - R:localhost/127.0.0.1:65203]' for 'GET' to '/devtools/browser/1ba28f0e-5a99-45c9-838f-b3fe594c840a'
13:06:14.585 [AsyncHttpClient-1-10] DEBUG org.asynchttpclient.netty.handler.WebSocketHandler -- 

Request DefaultFullHttpRequest(decodeResult: success, version: HTTP/1.1, content: EmptyByteBufBE)
GET /devtools/browser/1ba28f0e-5a99-45c9-838f-b3fe594c840a HTTP/1.1
upgrade: websocket
connection: upgrade
sec-websocket-key: CqDSZPNjLwW1xeeV41W7aA==
sec-websocket-version: 13
origin: http://localhost:65203
host: localhost:65203
accept: */*
user-agent: AHC/2.1

Response DefaultHttpResponse(decodeResult: success, version: HTTP/1.1)
HTTP/1.1 101 WebSocket Protocol Handshake
Upgrade: WebSocket
Connection: Upgrade
Sec-WebSocket-Accept: myJrMx/DlL4OENv6HW2n2njQAZQ=

13:06:14.588 [Forwarding fullscreenCurrentWindow on session 8858c8e0a2c5c4d71678ca5f18b0ebec to remote] DEBUG org.asynchttpclient.netty.request.NettyRequestSender -- Using pooled Channel '[id: 0x695200ee, L:/127.0.0.1:65202 - R:localhost/127.0.0.1:44186]' for 'POST' to 'http://localhost:44186/session/8858c8e0a2c5c4d71678ca5f18b0ebec/window/fullscreen'
13:06:14.588 [Forwarding fullscreenCurrentWindow on session 8858c8e0a2c5c4d71678ca5f18b0ebec to remote] DEBUG org.asynchttpclient.netty.request.NettyRequestSender -- Using open Channel [id: 0x695200ee, L:/127.0.0.1:65202 - R:localhost/127.0.0.1:44186] for POST '/session/8858c8e0a2c5c4d71678ca5f18b0ebec/window/fullscreen'
13:06:14.606 [AsyncHttpClient-1-8] DEBUG org.asynchttpclient.netty.handler.HttpHandler -- 

Request DefaultHttpRequest(decodeResult: success, version: HTTP/1.1)
POST /session/8858c8e0a2c5c4d71678ca5f18b0ebec/window/fullscreen HTTP/1.1
User-Agent: selenium/4.10.0 (java windows)
Content-Length: 3
Content-Type: application/json; charset=utf-8
host: localhost:44186
accept: */*

Response DefaultHttpResponse(decodeResult: success, version: HTTP/1.1)
HTTP/1.1 200 OK
Content-Length: 49
Content-Type: application/json; charset=utf-8
cache-control: no-cache

13:06:14.607 [AsyncHttpClient-1-8] DEBUG org.asynchttpclient.netty.channel.ChannelManager -- Adding key: http://localhost:44186 for channel [id: 0x695200ee, L:/127.0.0.1:65202 - R:localhost/127.0.0.1:44186]
13:06:14.609 [Forwarding get on session 8858c8e0a2c5c4d71678ca5f18b0ebec to remote] DEBUG org.asynchttpclient.netty.request.NettyRequestSender -- Using pooled Channel '[id: 0x695200ee, L:/127.0.0.1:65202 - R:localhost/127.0.0.1:44186]' for 'POST' to 'http://localhost:44186/session/8858c8e0a2c5c4d71678ca5f18b0ebec/url'
13:06:14.609 [Forwarding get on session 8858c8e0a2c5c4d71678ca5f18b0ebec to remote] DEBUG org.asynchttpclient.netty.request.NettyRequestSender -- Using open Channel [id: 0x695200ee, L:/127.0.0.1:65202 - R:localhost/127.0.0.1:44186] for POST '/session/8858c8e0a2c5c4d71678ca5f18b0ebec/url'
13:06:15.009 [AsyncHttpClient-1-1] DEBUG org.asynchttpclient.netty.channel.DefaultChannelPool -- Entry count for : http://localhost:12740 : 1
13:06:15.009 [AsyncHttpClient-1-1] DEBUG org.asynchttpclient.netty.channel.DefaultChannelPool -- Entry count for : http://localhost:65083 : 1
13:06:15.009 [AsyncHttpClient-1-1] DEBUG org.asynchttpclient.netty.channel.DefaultChannelPool -- Entry count for : http://localhost:30099 : 1
13:06:15.009 [AsyncHttpClient-1-1] DEBUG org.asynchttpclient.netty.channel.DefaultChannelPool -- Entry count for : http://localhost:65137 : 1
13:06:15.009 [AsyncHttpClient-1-1] DEBUG org.asynchttpclient.netty.channel.DefaultChannelPool -- Entry count for : http://localhost:65203 : 1
13:06:16.113 [AsyncHttpClient-1-1] DEBUG org.asynchttpclient.netty.channel.DefaultChannelPool -- Entry count for : http://localhost:12740 : 1
13:06:16.113 [AsyncHttpClient-1-1] DEBUG org.asynchttpclient.netty.channel.DefaultChannelPool -- Entry count for : http://localhost:65083 : 1
13:06:16.113 [AsyncHttpClient-1-1] DEBUG org.asynchttpclient.netty.channel.DefaultChannelPool -- Entry count for : http://localhost:30099 : 1
13:06:16.113 [AsyncHttpClient-1-1] DEBUG org.asynchttpclient.netty.channel.DefaultChannelPool -- Entry count for : http://localhost:65137 : 1
13:06:16.113 [AsyncHttpClient-1-1] DEBUG org.asynchttpclient.netty.channel.DefaultChannelPool -- Entry count for : http://localhost:65203 : 1
13:06:17.039 [AsyncHttpClient-1-8] DEBUG org.asynchttpclient.netty.handler.HttpHandler -- 

Request DefaultHttpRequest(decodeResult: success, version: HTTP/1.1)
POST /session/8858c8e0a2c5c4d71678ca5f18b0ebec/url HTTP/1.1
User-Agent: selenium/4.10.0 (java windows)
Content-Length: 68
Content-Type: application/json; charset=utf-8
host: localhost:44186
accept: */*

Response DefaultHttpResponse(decodeResult: success, version: HTTP/1.1)
HTTP/1.1 200 OK
Content-Length: 14
Content-Type: application/json; charset=utf-8
cache-control: no-cache

13:06:17.039 [AsyncHttpClient-1-8] DEBUG org.asynchttpclient.netty.channel.ChannelManager -- Adding key: http://localhost:44186 for channel [id: 0x695200ee, L:/127.0.0.1:65202 - R:localhost/127.0.0.1:44186]
13:06:17.040 [Forwarding findElement on session 8858c8e0a2c5c4d71678ca5f18b0ebec to remote] DEBUG org.asynchttpclient.netty.request.NettyRequestSender -- Using pooled Channel '[id: 0x695200ee, L:/127.0.0.1:65202 - R:localhost/127.0.0.1:44186]' for 'POST' to 'http://localhost:44186/session/8858c8e0a2c5c4d71678ca5f18b0ebec/element'
13:06:17.040 [Forwarding findElement on session 8858c8e0a2c5c4d71678ca5f18b0ebec to remote] DEBUG org.asynchttpclient.netty.request.NettyRequestSender -- Using open Channel [id: 0x695200ee, L:/127.0.0.1:65202 - R:localhost/127.0.0.1:44186] for POST '/session/8858c8e0a2c5c4d71678ca5f18b0ebec/element'
13:06:17.048 [AsyncHttpClient-1-8] DEBUG org.asynchttpclient.netty.handler.HttpHandler -- 

Request DefaultHttpRequest(decodeResult: success, version: HTTP/1.1)
POST /session/8858c8e0a2c5c4d71678ca5f18b0ebec/element HTTP/1.1
User-Agent: selenium/4.10.0 (java windows)
Content-Length: 53
Content-Type: application/json; charset=utf-8
host: localhost:44186
accept: */*

Response DefaultHttpResponse(decodeResult: success, version: HTTP/1.1)
HTTP/1.1 200 OK
Content-Length: 95
Content-Type: application/json; charset=utf-8
cache-control: no-cache

13:06:17.048 [AsyncHttpClient-1-8] DEBUG org.asynchttpclient.netty.channel.ChannelManager -- Adding key: http://localhost:44186 for channel [id: 0x695200ee, L:/127.0.0.1:65202 - R:localhost/127.0.0.1:44186]
13:06:17.049 [Forwarding getTitle on session 8858c8e0a2c5c4d71678ca5f18b0ebec to remote] DEBUG org.asynchttpclient.netty.request.NettyRequestSender -- Using pooled Channel '[id: 0x695200ee, L:/127.0.0.1:65202 - R:localhost/127.0.0.1:44186]' for 'GET' to 'http://localhost:44186/session/8858c8e0a2c5c4d71678ca5f18b0ebec/title'
13:06:17.049 [Forwarding getTitle on session 8858c8e0a2c5c4d71678ca5f18b0ebec to remote] DEBUG org.asynchttpclient.netty.request.NettyRequestSender -- Using open Channel [id: 0x695200ee, L:/127.0.0.1:65202 - R:localhost/127.0.0.1:44186] for GET '/session/8858c8e0a2c5c4d71678ca5f18b0ebec/title'
13:06:17.054 [AsyncHttpClient-1-8] DEBUG org.asynchttpclient.netty.handler.HttpHandler -- 

Request DefaultFullHttpRequest(decodeResult: success, version: HTTP/1.1, content: EmptyByteBufBE)
GET /session/8858c8e0a2c5c4d71678ca5f18b0ebec/title HTTP/1.1
User-Agent: selenium/4.10.0 (java windows)
Cache-Control: no-cache
Content-Type: application/json; charset=utf-8
host: localhost:44186
accept: */*

Response DefaultHttpResponse(decodeResult: success, version: HTTP/1.1)
HTTP/1.1 200 OK
Content-Length: 50
Content-Type: application/json; charset=utf-8
cache-control: no-cache

13:06:17.054 [AsyncHttpClient-1-8] DEBUG org.asynchttpclient.netty.channel.ChannelManager -- Adding key: http://localhost:44186 for channel [id: 0x695200ee, L:/127.0.0.1:65202 - R:localhost/127.0.0.1:44186]
controle LoginPage met succes uitgevoerd
13:06:17.055 [Forwarding findElement on session 8858c8e0a2c5c4d71678ca5f18b0ebec to remote] DEBUG org.asynchttpclient.netty.request.NettyRequestSender -- Using pooled Channel '[id: 0x695200ee, L:/127.0.0.1:65202 - R:localhost/127.0.0.1:44186]' for 'POST' to 'http://localhost:44186/session/8858c8e0a2c5c4d71678ca5f18b0ebec/element'
13:06:17.056 [Forwarding findElement on session 8858c8e0a2c5c4d71678ca5f18b0ebec to remote] DEBUG org.asynchttpclient.netty.request.NettyRequestSender -- Using open Channel [id: 0x695200ee, L:/127.0.0.1:65202 - R:localhost/127.0.0.1:44186] for POST '/session/8858c8e0a2c5c4d71678ca5f18b0ebec/element'
13:06:17.060 [AsyncHttpClient-1-8] DEBUG org.asynchttpclient.netty.handler.HttpHandler -- 

Request DefaultHttpRequest(decodeResult: success, version: HTTP/1.1)
POST /session/8858c8e0a2c5c4d71678ca5f18b0ebec/element HTTP/1.1
User-Agent: selenium/4.10.0 (java windows)
Content-Length: 53
Content-Type: application/json; charset=utf-8
host: localhost:44186
accept: */*

Response DefaultHttpResponse(decodeResult: success, version: HTTP/1.1)
HTTP/1.1 200 OK
Content-Length: 95
Content-Type: application/json; charset=utf-8
cache-control: no-cache

13:06:17.060 [AsyncHttpClient-1-8] DEBUG org.asynchttpclient.netty.channel.ChannelManager -- Adding key: http://localhost:44186 for channel [id: 0x695200ee, L:/127.0.0.1:65202 - R:localhost/127.0.0.1:44186]
13:06:17.062 [Forwarding clearElement on session 8858c8e0a2c5c4d71678ca5f18b0ebec to remote] DEBUG org.asynchttpclient.netty.request.NettyRequestSender -- Using pooled Channel '[id: 0x695200ee, L:/127.0.0.1:65202 - R:localhost/127.0.0.1:44186]' for 'POST' to 'http://localhost:44186/session/8858c8e0a2c5c4d71678ca5f18b0ebec/element/6EA8D3BE1291964EAA96743835D30351_element_12/clear'
13:06:17.062 [Forwarding clearElement on session 8858c8e0a2c5c4d71678ca5f18b0ebec to remote] DEBUG org.asynchttpclient.netty.request.NettyRequestSender -- Using open Channel [id: 0x695200ee, L:/127.0.0.1:65202 - R:localhost/127.0.0.1:44186] for POST '/session/8858c8e0a2c5c4d71678ca5f18b0ebec/element/6EA8D3BE1291964EAA96743835D30351_element_12/clear'
13:06:17.084 [AsyncHttpClient-1-8] DEBUG org.asynchttpclient.netty.handler.HttpHandler -- 

Request DefaultHttpRequest(decodeResult: success, version: HTTP/1.1)
POST /session/8858c8e0a2c5c4d71678ca5f18b0ebec/element/6EA8D3BE1291964EAA96743835D30351_element_12/clear HTTP/1.1
User-Agent: selenium/4.10.0 (java windows)
Content-Length: 57
Content-Type: application/json; charset=utf-8
host: localhost:44186
accept: */*

Response DefaultHttpResponse(decodeResult: success, version: HTTP/1.1)
HTTP/1.1 200 OK
Content-Length: 14
Content-Type: application/json; charset=utf-8
cache-control: no-cache

13:06:17.085 [AsyncHttpClient-1-8] DEBUG org.asynchttpclient.netty.channel.ChannelManager -- Adding key: http://localhost:44186 for channel [id: 0x695200ee, L:/127.0.0.1:65202 - R:localhost/127.0.0.1:44186]
13:06:17.086 [Forwarding findElement on session 8858c8e0a2c5c4d71678ca5f18b0ebec to remote] DEBUG org.asynchttpclient.netty.request.NettyRequestSender -- Using pooled Channel '[id: 0x695200ee, L:/127.0.0.1:65202 - R:localhost/127.0.0.1:44186]' for 'POST' to 'http://localhost:44186/session/8858c8e0a2c5c4d71678ca5f18b0ebec/element'
13:06:17.086 [Forwarding findElement on session 8858c8e0a2c5c4d71678ca5f18b0ebec to remote] DEBUG org.asynchttpclient.netty.request.NettyRequestSender -- Using open Channel [id: 0x695200ee, L:/127.0.0.1:65202 - R:localhost/127.0.0.1:44186] for POST '/session/8858c8e0a2c5c4d71678ca5f18b0ebec/element'
13:06:17.091 [AsyncHttpClient-1-8] DEBUG org.asynchttpclient.netty.handler.HttpHandler -- 

Request DefaultHttpRequest(decodeResult: success, version: HTTP/1.1)
POST /session/8858c8e0a2c5c4d71678ca5f18b0ebec/element HTTP/1.1
User-Agent: selenium/4.10.0 (java windows)
Content-Length: 53
Content-Type: application/json; charset=utf-8
host: localhost:44186
accept: */*

Response DefaultHttpResponse(decodeResult: success, version: HTTP/1.1)
HTTP/1.1 200 OK
Content-Length: 95
Content-Type: application/json; charset=utf-8
cache-control: no-cache

13:06:17.091 [AsyncHttpClient-1-8] DEBUG org.asynchttpclient.netty.channel.ChannelManager -- Adding key: http://localhost:44186 for channel [id: 0x695200ee, L:/127.0.0.1:65202 - R:localhost/127.0.0.1:44186]
13:06:17.092 [Forwarding sendKeysToElement on session 8858c8e0a2c5c4d71678ca5f18b0ebec to remote] DEBUG org.asynchttpclient.netty.request.NettyRequestSender -- Using pooled Channel '[id: 0x695200ee, L:/127.0.0.1:65202 - R:localhost/127.0.0.1:44186]' for 'POST' to 'http://localhost:44186/session/8858c8e0a2c5c4d71678ca5f18b0ebec/element/6EA8D3BE1291964EAA96743835D30351_element_12/value'
13:06:17.092 [Forwarding sendKeysToElement on session 8858c8e0a2c5c4d71678ca5f18b0ebec to remote] DEBUG org.asynchttpclient.netty.request.NettyRequestSender -- Using open Channel [id: 0x695200ee, L:/127.0.0.1:65202 - R:localhost/127.0.0.1:44186] for POST '/session/8858c8e0a2c5c4d71678ca5f18b0ebec/element/6EA8D3BE1291964EAA96743835D30351_element_12/value'
13:06:17.126 [AsyncHttpClient-1-8] DEBUG org.asynchttpclient.netty.handler.HttpHandler -- 

Request DefaultHttpRequest(decodeResult: success, version: HTTP/1.1)
POST /session/8858c8e0a2c5c4d71678ca5f18b0ebec/element/6EA8D3BE1291964EAA96743835D30351_element_12/value HTTP/1.1
User-Agent: selenium/4.10.0 (java windows)
Content-Length: 178
Content-Type: application/json; charset=utf-8
host: localhost:44186
accept: */*

Response DefaultHttpResponse(decodeResult: success, version: HTTP/1.1)
HTTP/1.1 200 OK
Content-Length: 14
Content-Type: application/json; charset=utf-8
cache-control: no-cache

13:06:17.126 [AsyncHttpClient-1-8] DEBUG org.asynchttpclient.netty.channel.ChannelManager -- Adding key: http://localhost:44186 for channel [id: 0x695200ee, L:/127.0.0.1:65202 - R:localhost/127.0.0.1:44186]
13:06:17.128 [Forwarding findElement on session 8858c8e0a2c5c4d71678ca5f18b0ebec to remote] DEBUG org.asynchttpclient.netty.request.NettyRequestSender -- Using pooled Channel '[id: 0x695200ee, L:/127.0.0.1:65202 - R:localhost/127.0.0.1:44186]' for 'POST' to 'http://localhost:44186/session/8858c8e0a2c5c4d71678ca5f18b0ebec/element'
13:06:17.128 [Forwarding findElement on session 8858c8e0a2c5c4d71678ca5f18b0ebec to remote] DEBUG org.asynchttpclient.netty.request.NettyRequestSender -- Using open Channel [id: 0x695200ee, L:/127.0.0.1:65202 - R:localhost/127.0.0.1:44186] for POST '/session/8858c8e0a2c5c4d71678ca5f18b0ebec/element'
13:06:17.136 [AsyncHttpClient-1-8] DEBUG org.asynchttpclient.netty.handler.HttpHandler -- 

Request DefaultHttpRequest(decodeResult: success, version: HTTP/1.1)
POST /session/8858c8e0a2c5c4d71678ca5f18b0ebec/element HTTP/1.1
User-Agent: selenium/4.10.0 (java windows)
Content-Length: 53
Content-Type: application/json; charset=utf-8
host: localhost:44186
accept: */*

Response DefaultHttpResponse(decodeResult: success, version: HTTP/1.1)
HTTP/1.1 200 OK
Content-Length: 94
Content-Type: application/json; charset=utf-8
cache-control: no-cache

13:06:17.137 [AsyncHttpClient-1-8] DEBUG org.asynchttpclient.netty.channel.ChannelManager -- Adding key: http://localhost:44186 for channel [id: 0x695200ee, L:/127.0.0.1:65202 - R:localhost/127.0.0.1:44186]
13:06:17.138 [Forwarding clearElement on session 8858c8e0a2c5c4d71678ca5f18b0ebec to remote] DEBUG org.asynchttpclient.netty.request.NettyRequestSender -- Using pooled Channel '[id: 0x695200ee, L:/127.0.0.1:65202 - R:localhost/127.0.0.1:44186]' for 'POST' to 'http://localhost:44186/session/8858c8e0a2c5c4d71678ca5f18b0ebec/element/6EA8D3BE1291964EAA96743835D30351_element_2/clear'
13:06:17.138 [Forwarding clearElement on session 8858c8e0a2c5c4d71678ca5f18b0ebec to remote] DEBUG org.asynchttpclient.netty.request.NettyRequestSender -- Using open Channel [id: 0x695200ee, L:/127.0.0.1:65202 - R:localhost/127.0.0.1:44186] for POST '/session/8858c8e0a2c5c4d71678ca5f18b0ebec/element/6EA8D3BE1291964EAA96743835D30351_element_2/clear'
13:06:17.156 [AsyncHttpClient-1-8] DEBUG org.asynchttpclient.netty.handler.HttpHandler -- 

Request DefaultHttpRequest(decodeResult: success, version: HTTP/1.1)
POST /session/8858c8e0a2c5c4d71678ca5f18b0ebec/element/6EA8D3BE1291964EAA96743835D30351_element_2/clear HTTP/1.1
User-Agent: selenium/4.10.0 (java windows)
Content-Length: 56
Content-Type: application/json; charset=utf-8
host: localhost:44186
accept: */*

Response DefaultHttpResponse(decodeResult: success, version: HTTP/1.1)
HTTP/1.1 200 OK
Content-Length: 14
Content-Type: application/json; charset=utf-8
cache-control: no-cache

13:06:17.156 [AsyncHttpClient-1-8] DEBUG org.asynchttpclient.netty.channel.ChannelManager -- Adding key: http://localhost:44186 for channel [id: 0x695200ee, L:/127.0.0.1:65202 - R:localhost/127.0.0.1:44186]
13:06:17.157 [Forwarding findElement on session 8858c8e0a2c5c4d71678ca5f18b0ebec to remote] DEBUG org.asynchttpclient.netty.request.NettyRequestSender -- Using pooled Channel '[id: 0x695200ee, L:/127.0.0.1:65202 - R:localhost/127.0.0.1:44186]' for 'POST' to 'http://localhost:44186/session/8858c8e0a2c5c4d71678ca5f18b0ebec/element'
13:06:17.157 [Forwarding findElement on session 8858c8e0a2c5c4d71678ca5f18b0ebec to remote] DEBUG org.asynchttpclient.netty.request.NettyRequestSender -- Using open Channel [id: 0x695200ee, L:/127.0.0.1:65202 - R:localhost/127.0.0.1:44186] for POST '/session/8858c8e0a2c5c4d71678ca5f18b0ebec/element'
13:06:17.162 [AsyncHttpClient-1-8] DEBUG org.asynchttpclient.netty.handler.HttpHandler -- 

Request DefaultHttpRequest(decodeResult: success, version: HTTP/1.1)
POST /session/8858c8e0a2c5c4d71678ca5f18b0ebec/element HTTP/1.1
User-Agent: selenium/4.10.0 (java windows)
Content-Length: 53
Content-Type: application/json; charset=utf-8
host: localhost:44186
accept: */*

Response DefaultHttpResponse(decodeResult: success, version: HTTP/1.1)
HTTP/1.1 200 OK
Content-Length: 94
Content-Type: application/json; charset=utf-8
cache-control: no-cache

13:06:17.162 [AsyncHttpClient-1-8] DEBUG org.asynchttpclient.netty.channel.ChannelManager -- Adding key: http://localhost:44186 for channel [id: 0x695200ee, L:/127.0.0.1:65202 - R:localhost/127.0.0.1:44186]
13:06:17.163 [Forwarding sendKeysToElement on session 8858c8e0a2c5c4d71678ca5f18b0ebec to remote] DEBUG org.asynchttpclient.netty.request.NettyRequestSender -- Using pooled Channel '[id: 0x695200ee, L:/127.0.0.1:65202 - R:localhost/127.0.0.1:44186]' for 'POST' to 'http://localhost:44186/session/8858c8e0a2c5c4d71678ca5f18b0ebec/element/6EA8D3BE1291964EAA96743835D30351_element_2/value'
13:06:17.163 [Forwarding sendKeysToElement on session 8858c8e0a2c5c4d71678ca5f18b0ebec to remote] DEBUG org.asynchttpclient.netty.request.NettyRequestSender -- Using open Channel [id: 0x695200ee, L:/127.0.0.1:65202 - R:localhost/127.0.0.1:44186] for POST '/session/8858c8e0a2c5c4d71678ca5f18b0ebec/element/6EA8D3BE1291964EAA96743835D30351_element_2/value'
13:06:17.192 [AsyncHttpClient-1-8] DEBUG org.asynchttpclient.netty.handler.HttpHandler -- 

Request DefaultHttpRequest(decodeResult: success, version: HTTP/1.1)
POST /session/8858c8e0a2c5c4d71678ca5f18b0ebec/element/6EA8D3BE1291964EAA96743835D30351_element_2/value HTTP/1.1
User-Agent: selenium/4.10.0 (java windows)
Content-Length: 257
Content-Type: application/json; charset=utf-8
host: localhost:44186
accept: */*

Response DefaultHttpResponse(decodeResult: success, version: HTTP/1.1)
HTTP/1.1 200 OK
Content-Length: 14
Content-Type: application/json; charset=utf-8
cache-control: no-cache

13:06:17.192 [AsyncHttpClient-1-8] DEBUG org.asynchttpclient.netty.channel.ChannelManager -- Adding key: http://localhost:44186 for channel [id: 0x695200ee, L:/127.0.0.1:65202 - R:localhost/127.0.0.1:44186]
13:06:17.193 [Forwarding findElement on session 8858c8e0a2c5c4d71678ca5f18b0ebec to remote] DEBUG org.asynchttpclient.netty.request.NettyRequestSender -- Using pooled Channel '[id: 0x695200ee, L:/127.0.0.1:65202 - R:localhost/127.0.0.1:44186]' for 'POST' to 'http://localhost:44186/session/8858c8e0a2c5c4d71678ca5f18b0ebec/element'
13:06:17.193 [Forwarding findElement on session 8858c8e0a2c5c4d71678ca5f18b0ebec to remote] DEBUG org.asynchttpclient.netty.request.NettyRequestSender -- Using open Channel [id: 0x695200ee, L:/127.0.0.1:65202 - R:localhost/127.0.0.1:44186] for POST '/session/8858c8e0a2c5c4d71678ca5f18b0ebec/element'
13:06:17.200 [AsyncHttpClient-1-8] DEBUG org.asynchttpclient.netty.handler.HttpHandler -- 

Request DefaultHttpRequest(decodeResult: success, version: HTTP/1.1)
POST /session/8858c8e0a2c5c4d71678ca5f18b0ebec/element HTTP/1.1
User-Agent: selenium/4.10.0 (java windows)
Content-Length: 50
Content-Type: application/json; charset=utf-8
host: localhost:44186
accept: */*

Response DefaultHttpResponse(decodeResult: success, version: HTTP/1.1)
HTTP/1.1 200 OK
Content-Length: 95
Content-Type: application/json; charset=utf-8
cache-control: no-cache

13:06:17.200 [AsyncHttpClient-1-8] DEBUG org.asynchttpclient.netty.channel.ChannelManager -- Adding key: http://localhost:44186 for channel [id: 0x695200ee, L:/127.0.0.1:65202 - R:localhost/127.0.0.1:44186]
13:06:17.201 [Forwarding clickElement on session 8858c8e0a2c5c4d71678ca5f18b0ebec to remote] DEBUG org.asynchttpclient.netty.request.NettyRequestSender -- Using pooled Channel '[id: 0x695200ee, L:/127.0.0.1:65202 - R:localhost/127.0.0.1:44186]' for 'POST' to 'http://localhost:44186/session/8858c8e0a2c5c4d71678ca5f18b0ebec/element/6EA8D3BE1291964EAA96743835D30351_element_17/click'
13:06:17.201 [Forwarding clickElement on session 8858c8e0a2c5c4d71678ca5f18b0ebec to remote] DEBUG org.asynchttpclient.netty.request.NettyRequestSender -- Using open Channel [id: 0x695200ee, L:/127.0.0.1:65202 - R:localhost/127.0.0.1:44186] for POST '/session/8858c8e0a2c5c4d71678ca5f18b0ebec/element/6EA8D3BE1291964EAA96743835D30351_element_17/click'
13:06:17.214 [AsyncHttpClient-1-1] DEBUG org.asynchttpclient.netty.channel.DefaultChannelPool -- Entry count for : http://localhost:12740 : 1
13:06:17.214 [AsyncHttpClient-1-1] DEBUG org.asynchttpclient.netty.channel.DefaultChannelPool -- Entry count for : http://localhost:65083 : 1
13:06:17.214 [AsyncHttpClient-1-1] DEBUG org.asynchttpclient.netty.channel.DefaultChannelPool -- Entry count for : http://localhost:30099 : 1
13:06:17.214 [AsyncHttpClient-1-1] DEBUG org.asynchttpclient.netty.channel.DefaultChannelPool -- Entry count for : http://localhost:65137 : 1
13:06:17.214 [AsyncHttpClient-1-1] DEBUG org.asynchttpclient.netty.channel.DefaultChannelPool -- Entry count for : http://localhost:65203 : 1
13:06:18.310 [AsyncHttpClient-1-1] DEBUG org.asynchttpclient.netty.channel.DefaultChannelPool -- Entry count for : http://localhost:12740 : 1
13:06:18.310 [AsyncHttpClient-1-1] DEBUG org.asynchttpclient.netty.channel.DefaultChannelPool -- Entry count for : http://localhost:65083 : 1
13:06:18.310 [AsyncHttpClient-1-1] DEBUG org.asynchttpclient.netty.channel.DefaultChannelPool -- Entry count for : http://localhost:30099 : 1
13:06:18.310 [AsyncHttpClient-1-1] DEBUG org.asynchttpclient.netty.channel.DefaultChannelPool -- Entry count for : http://localhost:65137 : 1
13:06:18.310 [AsyncHttpClient-1-1] DEBUG org.asynchttpclient.netty.channel.DefaultChannelPool -- Entry count for : http://localhost:65203 : 1
13:06:19.406 [AsyncHttpClient-1-1] DEBUG org.asynchttpclient.netty.channel.DefaultChannelPool -- Entry count for : http://localhost:12740 : 1
13:06:19.406 [AsyncHttpClient-1-1] DEBUG org.asynchttpclient.netty.channel.DefaultChannelPool -- Entry count for : http://localhost:65083 : 1
13:06:19.406 [AsyncHttpClient-1-1] DEBUG org.asynchttpclient.netty.channel.DefaultChannelPool -- Entry count for : http://localhost:30099 : 1
13:06:19.406 [AsyncHttpClient-1-1] DEBUG org.asynchttpclient.netty.channel.DefaultChannelPool -- Entry count for : http://localhost:65137 : 1
13:06:19.406 [AsyncHttpClient-1-1] DEBUG org.asynchttpclient.netty.channel.DefaultChannelPool -- Entry count for : http://localhost:65203 : 1
13:06:19.501 [AsyncHttpClient-1-8] DEBUG org.asynchttpclient.netty.handler.HttpHandler -- 

Request DefaultHttpRequest(decodeResult: success, version: HTTP/1.1)
POST /session/8858c8e0a2c5c4d71678ca5f18b0ebec/element/6EA8D3BE1291964EAA96743835D30351_element_17/click HTTP/1.1
User-Agent: selenium/4.10.0 (java windows)
Content-Length: 57
Content-Type: application/json; charset=utf-8
host: localhost:44186
accept: */*

Response DefaultHttpResponse(decodeResult: success, version: HTTP/1.1)
HTTP/1.1 200 OK
Content-Length: 14
Content-Type: application/json; charset=utf-8
cache-control: no-cache

13:06:19.501 [AsyncHttpClient-1-8] DEBUG org.asynchttpclient.netty.channel.ChannelManager -- Adding key: http://localhost:44186 for channel [id: 0x695200ee, L:/127.0.0.1:65202 - R:localhost/127.0.0.1:44186]
login transitie met succes uitgevoerd
13:06:19.503 [Forwarding findElement on session 8858c8e0a2c5c4d71678ca5f18b0ebec to remote] DEBUG org.asynchttpclient.netty.request.NettyRequestSender -- Using pooled Channel '[id: 0x695200ee, L:/127.0.0.1:65202 - R:localhost/127.0.0.1:44186]' for 'POST' to 'http://localhost:44186/session/8858c8e0a2c5c4d71678ca5f18b0ebec/element'
13:06:19.503 [Forwarding findElement on session 8858c8e0a2c5c4d71678ca5f18b0ebec to remote] DEBUG org.asynchttpclient.netty.request.NettyRequestSender -- Using open Channel [id: 0x695200ee, L:/127.0.0.1:65202 - R:localhost/127.0.0.1:44186] for POST '/session/8858c8e0a2c5c4d71678ca5f18b0ebec/element'
13:06:19.511 [AsyncHttpClient-1-8] DEBUG org.asynchttpclient.netty.handler.HttpHandler -- 

Request DefaultHttpRequest(decodeResult: success, version: HTTP/1.1)
POST /session/8858c8e0a2c5c4d71678ca5f18b0ebec/element HTTP/1.1
User-Agent: selenium/4.10.0 (java windows)
Content-Length: 58
Content-Type: application/json; charset=utf-8
host: localhost:44186
accept: */*

Response DefaultHttpResponse(decodeResult: success, version: HTTP/1.1)
HTTP/1.1 200 OK
Content-Length: 95
Content-Type: application/json; charset=utf-8
cache-control: no-cache

13:06:19.511 [AsyncHttpClient-1-8] DEBUG org.asynchttpclient.netty.channel.ChannelManager -- Adding key: http://localhost:44186 for channel [id: 0x695200ee, L:/127.0.0.1:65202 - R:localhost/127.0.0.1:44186]
13:06:19.513 [Forwarding getElementAttribute on session 8858c8e0a2c5c4d71678ca5f18b0ebec to remote] DEBUG org.asynchttpclient.netty.request.NettyRequestSender -- Using pooled Channel '[id: 0x695200ee, L:/127.0.0.1:65202 - R:localhost/127.0.0.1:44186]' for 'POST' to 'http://localhost:44186/session/8858c8e0a2c5c4d71678ca5f18b0ebec/execute/sync'
13:06:19.513 [Forwarding getElementAttribute on session 8858c8e0a2c5c4d71678ca5f18b0ebec to remote] DEBUG org.asynchttpclient.netty.request.NettyRequestSender -- Using open Channel [id: 0x695200ee, L:/127.0.0.1:65202 - R:localhost/127.0.0.1:44186] for POST '/session/8858c8e0a2c5c4d71678ca5f18b0ebec/execute/sync'
13:06:19.521 [AsyncHttpClient-1-8] DEBUG org.asynchttpclient.netty.handler.HttpHandler -- 

Request DefaultHttpRequest(decodeResult: success, version: HTTP/1.1)
POST /session/8858c8e0a2c5c4d71678ca5f18b0ebec/execute/sync HTTP/1.1
User-Agent: selenium/4.10.0 (java windows)
Content-Length: 47375
Content-Type: application/json; charset=utf-8
host: localhost:44186
accept: */*

Response DefaultHttpResponse(decodeResult: success, version: HTTP/1.1)
HTTP/1.1 200 OK
Content-Length: 28
Content-Type: application/json; charset=utf-8
cache-control: no-cache

13:06:19.521 [AsyncHttpClient-1-8] DEBUG org.asynchttpclient.netty.channel.ChannelManager -- Adding key: http://localhost:44186 for channel [id: 0x695200ee, L:/127.0.0.1:65202 - R:localhost/127.0.0.1:44186]
13:06:19.522 [Forwarding findElement on session 8858c8e0a2c5c4d71678ca5f18b0ebec to remote] DEBUG org.asynchttpclient.netty.request.NettyRequestSender -- Using pooled Channel '[id: 0x695200ee, L:/127.0.0.1:65202 - R:localhost/127.0.0.1:44186]' for 'POST' to 'http://localhost:44186/session/8858c8e0a2c5c4d71678ca5f18b0ebec/element'
13:06:19.522 [Forwarding findElement on session 8858c8e0a2c5c4d71678ca5f18b0ebec to remote] DEBUG org.asynchttpclient.netty.request.NettyRequestSender -- Using open Channel [id: 0x695200ee, L:/127.0.0.1:65202 - R:localhost/127.0.0.1:44186] for POST '/session/8858c8e0a2c5c4d71678ca5f18b0ebec/element'
13:06:19.528 [AsyncHttpClient-1-8] DEBUG org.asynchttpclient.netty.handler.HttpHandler -- 

Request DefaultHttpRequest(decodeResult: success, version: HTTP/1.1)
POST /session/8858c8e0a2c5c4d71678ca5f18b0ebec/element HTTP/1.1
User-Agent: selenium/4.10.0 (java windows)
Content-Length: 53
Content-Type: application/json; charset=utf-8
host: localhost:44186
accept: */*

Response DefaultHttpResponse(decodeResult: success, version: HTTP/1.1)
HTTP/1.1 200 OK
Content-Length: 95
Content-Type: application/json; charset=utf-8
cache-control: no-cache

13:06:19.528 [AsyncHttpClient-1-8] DEBUG org.asynchttpclient.netty.channel.ChannelManager -- Adding key: http://localhost:44186 for channel [id: 0x695200ee, L:/127.0.0.1:65202 - R:localhost/127.0.0.1:44186]
13:06:19.529 [Forwarding getTitle on session 8858c8e0a2c5c4d71678ca5f18b0ebec to remote] DEBUG org.asynchttpclient.netty.request.NettyRequestSender -- Using pooled Channel '[id: 0x695200ee, L:/127.0.0.1:65202 - R:localhost/127.0.0.1:44186]' for 'GET' to 'http://localhost:44186/session/8858c8e0a2c5c4d71678ca5f18b0ebec/title'
13:06:19.529 [Forwarding getTitle on session 8858c8e0a2c5c4d71678ca5f18b0ebec to remote] DEBUG org.asynchttpclient.netty.request.NettyRequestSender -- Using open Channel [id: 0x695200ee, L:/127.0.0.1:65202 - R:localhost/127.0.0.1:44186] for GET '/session/8858c8e0a2c5c4d71678ca5f18b0ebec/title'
13:06:19.531 [AsyncHttpClient-1-8] DEBUG org.asynchttpclient.netty.handler.HttpHandler -- 

Request DefaultFullHttpRequest(decodeResult: success, version: HTTP/1.1, content: EmptyByteBufBE)
GET /session/8858c8e0a2c5c4d71678ca5f18b0ebec/title HTTP/1.1
User-Agent: selenium/4.10.0 (java windows)
Cache-Control: no-cache
Content-Type: application/json; charset=utf-8
host: localhost:44186
accept: */*

Response DefaultHttpResponse(decodeResult: success, version: HTTP/1.1)
HTTP/1.1 200 OK
Content-Length: 38
Content-Type: application/json; charset=utf-8
cache-control: no-cache

13:06:19.531 [AsyncHttpClient-1-8] DEBUG org.asynchttpclient.netty.channel.ChannelManager -- Adding key: http://localhost:44186 for channel [id: 0x695200ee, L:/127.0.0.1:65202 - R:localhost/127.0.0.1:44186]
controle SearchPage met succes uitgevoerd
13:06:19.532 [Forwarding findElement on session 8858c8e0a2c5c4d71678ca5f18b0ebec to remote] DEBUG org.asynchttpclient.netty.request.NettyRequestSender -- Using pooled Channel '[id: 0x695200ee, L:/127.0.0.1:65202 - R:localhost/127.0.0.1:44186]' for 'POST' to 'http://localhost:44186/session/8858c8e0a2c5c4d71678ca5f18b0ebec/element'
13:06:19.532 [Forwarding findElement on session 8858c8e0a2c5c4d71678ca5f18b0ebec to remote] DEBUG org.asynchttpclient.netty.request.NettyRequestSender -- Using open Channel [id: 0x695200ee, L:/127.0.0.1:65202 - R:localhost/127.0.0.1:44186] for POST '/session/8858c8e0a2c5c4d71678ca5f18b0ebec/element'
13:06:19.536 [AsyncHttpClient-1-8] DEBUG org.asynchttpclient.netty.handler.HttpHandler -- 

Request DefaultHttpRequest(decodeResult: success, version: HTTP/1.1)
POST /session/8858c8e0a2c5c4d71678ca5f18b0ebec/element HTTP/1.1
User-Agent: selenium/4.10.0 (java windows)
Content-Length: 58
Content-Type: application/json; charset=utf-8
host: localhost:44186
accept: */*

Response DefaultHttpResponse(decodeResult: success, version: HTTP/1.1)
HTTP/1.1 200 OK
Content-Length: 95
Content-Type: application/json; charset=utf-8
cache-control: no-cache

13:06:19.536 [AsyncHttpClient-1-8] DEBUG org.asynchttpclient.netty.channel.ChannelManager -- Adding key: http://localhost:44186 for channel [id: 0x695200ee, L:/127.0.0.1:65202 - R:localhost/127.0.0.1:44186]
13:06:19.538 [Forwarding getElementAttribute on session 8858c8e0a2c5c4d71678ca5f18b0ebec to remote] DEBUG org.asynchttpclient.netty.request.NettyRequestSender -- Using pooled Channel '[id: 0x695200ee, L:/127.0.0.1:65202 - R:localhost/127.0.0.1:44186]' for 'POST' to 'http://localhost:44186/session/8858c8e0a2c5c4d71678ca5f18b0ebec/execute/sync'
13:06:19.538 [Forwarding getElementAttribute on session 8858c8e0a2c5c4d71678ca5f18b0ebec to remote] DEBUG org.asynchttpclient.netty.request.NettyRequestSender -- Using open Channel [id: 0x695200ee, L:/127.0.0.1:65202 - R:localhost/127.0.0.1:44186] for POST '/session/8858c8e0a2c5c4d71678ca5f18b0ebec/execute/sync'
13:06:19.545 [AsyncHttpClient-1-8] DEBUG org.asynchttpclient.netty.handler.HttpHandler -- 

Request DefaultHttpRequest(decodeResult: success, version: HTTP/1.1)
POST /session/8858c8e0a2c5c4d71678ca5f18b0ebec/execute/sync HTTP/1.1
User-Agent: selenium/4.10.0 (java windows)
Content-Length: 47375
Content-Type: application/json; charset=utf-8
host: localhost:44186
accept: */*

Response DefaultHttpResponse(decodeResult: success, version: HTTP/1.1)
HTTP/1.1 200 OK
Content-Length: 28
Content-Type: application/json; charset=utf-8
cache-control: no-cache

13:06:19.545 [AsyncHttpClient-1-8] DEBUG org.asynchttpclient.netty.channel.ChannelManager -- Adding key: http://localhost:44186 for channel [id: 0x695200ee, L:/127.0.0.1:65202 - R:localhost/127.0.0.1:44186]
13:06:19.545 [Forwarding findElement on session 8858c8e0a2c5c4d71678ca5f18b0ebec to remote] DEBUG org.asynchttpclient.netty.request.NettyRequestSender -- Using pooled Channel '[id: 0x695200ee, L:/127.0.0.1:65202 - R:localhost/127.0.0.1:44186]' for 'POST' to 'http://localhost:44186/session/8858c8e0a2c5c4d71678ca5f18b0ebec/element'
13:06:19.545 [Forwarding findElement on session 8858c8e0a2c5c4d71678ca5f18b0ebec to remote] DEBUG org.asynchttpclient.netty.request.NettyRequestSender -- Using open Channel [id: 0x695200ee, L:/127.0.0.1:65202 - R:localhost/127.0.0.1:44186] for POST '/session/8858c8e0a2c5c4d71678ca5f18b0ebec/element'
13:06:19.548 [AsyncHttpClient-1-8] DEBUG org.asynchttpclient.netty.handler.HttpHandler -- 

Request DefaultHttpRequest(decodeResult: success, version: HTTP/1.1)
POST /session/8858c8e0a2c5c4d71678ca5f18b0ebec/element HTTP/1.1
User-Agent: selenium/4.10.0 (java windows)
Content-Length: 53
Content-Type: application/json; charset=utf-8
host: localhost:44186
accept: */*

Response DefaultHttpResponse(decodeResult: success, version: HTTP/1.1)
HTTP/1.1 200 OK
Content-Length: 95
Content-Type: application/json; charset=utf-8
cache-control: no-cache

13:06:19.549 [AsyncHttpClient-1-8] DEBUG org.asynchttpclient.netty.channel.ChannelManager -- Adding key: http://localhost:44186 for channel [id: 0x695200ee, L:/127.0.0.1:65202 - R:localhost/127.0.0.1:44186]
13:06:19.549 [Forwarding getTitle on session 8858c8e0a2c5c4d71678ca5f18b0ebec to remote] DEBUG org.asynchttpclient.netty.request.NettyRequestSender -- Using pooled Channel '[id: 0x695200ee, L:/127.0.0.1:65202 - R:localhost/127.0.0.1:44186]' for 'GET' to 'http://localhost:44186/session/8858c8e0a2c5c4d71678ca5f18b0ebec/title'
13:06:19.549 [Forwarding getTitle on session 8858c8e0a2c5c4d71678ca5f18b0ebec to remote] DEBUG org.asynchttpclient.netty.request.NettyRequestSender -- Using open Channel [id: 0x695200ee, L:/127.0.0.1:65202 - R:localhost/127.0.0.1:44186] for GET '/session/8858c8e0a2c5c4d71678ca5f18b0ebec/title'
13:06:19.551 [AsyncHttpClient-1-8] DEBUG org.asynchttpclient.netty.handler.HttpHandler -- 

Request DefaultFullHttpRequest(decodeResult: success, version: HTTP/1.1, content: EmptyByteBufBE)
GET /session/8858c8e0a2c5c4d71678ca5f18b0ebec/title HTTP/1.1
User-Agent: selenium/4.10.0 (java windows)
Cache-Control: no-cache
Content-Type: application/json; charset=utf-8
host: localhost:44186
accept: */*

Response DefaultHttpResponse(decodeResult: success, version: HTTP/1.1)
HTTP/1.1 200 OK
Content-Length: 38
Content-Type: application/json; charset=utf-8
cache-control: no-cache

13:06:19.551 [AsyncHttpClient-1-8] DEBUG org.asynchttpclient.netty.channel.ChannelManager -- Adding key: http://localhost:44186 for channel [id: 0x695200ee, L:/127.0.0.1:65202 - R:localhost/127.0.0.1:44186]
controle SearchPage met succes uitgevoerd
13:06:19.553 [Forwarding findElement on session 8858c8e0a2c5c4d71678ca5f18b0ebec to remote] DEBUG org.asynchttpclient.netty.request.NettyRequestSender -- Using pooled Channel '[id: 0x695200ee, L:/127.0.0.1:65202 - R:localhost/127.0.0.1:44186]' for 'POST' to 'http://localhost:44186/session/8858c8e0a2c5c4d71678ca5f18b0ebec/element'
13:06:19.553 [Forwarding findElement on session 8858c8e0a2c5c4d71678ca5f18b0ebec to remote] DEBUG org.asynchttpclient.netty.request.NettyRequestSender -- Using open Channel [id: 0x695200ee, L:/127.0.0.1:65202 - R:localhost/127.0.0.1:44186] for POST '/session/8858c8e0a2c5c4d71678ca5f18b0ebec/element'
13:06:19.560 [AsyncHttpClient-1-8] DEBUG org.asynchttpclient.netty.handler.HttpHandler -- 

Request DefaultHttpRequest(decodeResult: success, version: HTTP/1.1)
POST /session/8858c8e0a2c5c4d71678ca5f18b0ebec/element HTTP/1.1
User-Agent: selenium/4.10.0 (java windows)
Content-Length: 57
Content-Type: application/json; charset=utf-8
host: localhost:44186
accept: */*

Response DefaultHttpResponse(decodeResult: success, version: HTTP/1.1)
HTTP/1.1 200 OK
Content-Length: 95
Content-Type: application/json; charset=utf-8
cache-control: no-cache

13:06:19.560 [AsyncHttpClient-1-8] DEBUG org.asynchttpclient.netty.channel.ChannelManager -- Adding key: http://localhost:44186 for channel [id: 0x695200ee, L:/127.0.0.1:65202 - R:localhost/127.0.0.1:44186]
13:06:19.561 [Forwarding clickElement on session 8858c8e0a2c5c4d71678ca5f18b0ebec to remote] DEBUG org.asynchttpclient.netty.request.NettyRequestSender -- Using pooled Channel '[id: 0x695200ee, L:/127.0.0.1:65202 - R:localhost/127.0.0.1:44186]' for 'POST' to 'http://localhost:44186/session/8858c8e0a2c5c4d71678ca5f18b0ebec/element/A36AD43E8D7C6773AE7827DD41C88187_element_28/click'
13:06:19.561 [Forwarding clickElement on session 8858c8e0a2c5c4d71678ca5f18b0ebec to remote] DEBUG org.asynchttpclient.netty.request.NettyRequestSender -- Using open Channel [id: 0x695200ee, L:/127.0.0.1:65202 - R:localhost/127.0.0.1:44186] for POST '/session/8858c8e0a2c5c4d71678ca5f18b0ebec/element/A36AD43E8D7C6773AE7827DD41C88187_element_28/click'
13:06:20.508 [AsyncHttpClient-1-1] DEBUG org.asynchttpclient.netty.channel.DefaultChannelPool -- Entry count for : http://localhost:12740 : 1
13:06:20.508 [AsyncHttpClient-1-1] DEBUG org.asynchttpclient.netty.channel.DefaultChannelPool -- Entry count for : http://localhost:65083 : 1
13:06:20.508 [AsyncHttpClient-1-1] DEBUG org.asynchttpclient.netty.channel.DefaultChannelPool -- Entry count for : http://localhost:30099 : 1
13:06:20.508 [AsyncHttpClient-1-1] DEBUG org.asynchttpclient.netty.channel.DefaultChannelPool -- Entry count for : http://localhost:65137 : 1
13:06:20.508 [AsyncHttpClient-1-1] DEBUG org.asynchttpclient.netty.channel.DefaultChannelPool -- Entry count for : http://localhost:65203 : 1
13:06:20.527 [AsyncHttpClient-1-8] DEBUG org.asynchttpclient.netty.handler.HttpHandler -- 

Request DefaultHttpRequest(decodeResult: success, version: HTTP/1.1)
POST /session/8858c8e0a2c5c4d71678ca5f18b0ebec/element/A36AD43E8D7C6773AE7827DD41C88187_element_28/click HTTP/1.1
User-Agent: selenium/4.10.0 (java windows)
Content-Length: 57
Content-Type: application/json; charset=utf-8
host: localhost:44186
accept: */*

Response DefaultHttpResponse(decodeResult: success, version: HTTP/1.1)
HTTP/1.1 200 OK
Content-Length: 14
Content-Type: application/json; charset=utf-8
cache-control: no-cache

13:06:20.527 [AsyncHttpClient-1-8] DEBUG org.asynchttpclient.netty.channel.ChannelManager -- Adding key: http://localhost:44186 for channel [id: 0x695200ee, L:/127.0.0.1:65202 - R:localhost/127.0.0.1:44186]
transitie BookingconfPage.klikBookedIt() met succes uitgevoerd
13:06:20.531 [Forwarding findElement on session 8858c8e0a2c5c4d71678ca5f18b0ebec to remote] DEBUG org.asynchttpclient.netty.request.NettyRequestSender -- Using pooled Channel '[id: 0x695200ee, L:/127.0.0.1:65202 - R:localhost/127.0.0.1:44186]' for 'POST' to 'http://localhost:44186/session/8858c8e0a2c5c4d71678ca5f18b0ebec/element'
13:06:20.532 [Forwarding findElement on session 8858c8e0a2c5c4d71678ca5f18b0ebec to remote] DEBUG org.asynchttpclient.netty.request.NettyRequestSender -- Using open Channel [id: 0x695200ee, L:/127.0.0.1:65202 - R:localhost/127.0.0.1:44186] for POST '/session/8858c8e0a2c5c4d71678ca5f18b0ebec/element'
13:06:20.542 [AsyncHttpClient-1-8] DEBUG org.asynchttpclient.netty.handler.HttpHandler -- 

Request DefaultHttpRequest(decodeResult: success, version: HTTP/1.1)
POST /session/8858c8e0a2c5c4d71678ca5f18b0ebec/element HTTP/1.1
User-Agent: selenium/4.10.0 (java windows)
Content-Length: 88
Content-Type: application/json; charset=utf-8
host: localhost:44186
accept: */*

Response DefaultHttpResponse(decodeResult: success, version: HTTP/1.1)
HTTP/1.1 200 OK
Content-Length: 96
Content-Type: application/json; charset=utf-8
cache-control: no-cache

13:06:20.542 [AsyncHttpClient-1-8] DEBUG org.asynchttpclient.netty.channel.ChannelManager -- Adding key: http://localhost:44186 for channel [id: 0x695200ee, L:/127.0.0.1:65202 - R:localhost/127.0.0.1:44186]
13:06:20.544 [Forwarding getElementAttribute on session 8858c8e0a2c5c4d71678ca5f18b0ebec to remote] DEBUG org.asynchttpclient.netty.request.NettyRequestSender -- Using pooled Channel '[id: 0x695200ee, L:/127.0.0.1:65202 - R:localhost/127.0.0.1:44186]' for 'POST' to 'http://localhost:44186/session/8858c8e0a2c5c4d71678ca5f18b0ebec/execute/sync'
13:06:20.544 [Forwarding getElementAttribute on session 8858c8e0a2c5c4d71678ca5f18b0ebec to remote] DEBUG org.asynchttpclient.netty.request.NettyRequestSender -- Using open Channel [id: 0x695200ee, L:/127.0.0.1:65202 - R:localhost/127.0.0.1:44186] for POST '/session/8858c8e0a2c5c4d71678ca5f18b0ebec/execute/sync'
13:06:20.550 [AsyncHttpClient-1-8] DEBUG org.asynchttpclient.netty.handler.HttpHandler -- 

Request DefaultHttpRequest(decodeResult: success, version: HTTP/1.1)
POST /session/8858c8e0a2c5c4d71678ca5f18b0ebec/execute/sync HTTP/1.1
User-Agent: selenium/4.10.0 (java windows)
Content-Length: 47375
Content-Type: application/json; charset=utf-8
host: localhost:44186
accept: */*

Response DefaultHttpResponse(decodeResult: success, version: HTTP/1.1)
HTTP/1.1 200 OK
Content-Length: 17
Content-Type: application/json; charset=utf-8
cache-control: no-cache

13:06:20.550 [AsyncHttpClient-1-8] DEBUG org.asynchttpclient.netty.channel.ChannelManager -- Adding key: http://localhost:44186 for channel [id: 0x695200ee, L:/127.0.0.1:65202 - R:localhost/127.0.0.1:44186]
Verwachting is ids[], resultaat is ids[]
13:06:20.551 [Forwarding findElement on session 8858c8e0a2c5c4d71678ca5f18b0ebec to remote] DEBUG org.asynchttpclient.netty.request.NettyRequestSender -- Using pooled Channel '[id: 0x695200ee, L:/127.0.0.1:65202 - R:localhost/127.0.0.1:44186]' for 'POST' to 'http://localhost:44186/session/8858c8e0a2c5c4d71678ca5f18b0ebec/element'
13:06:20.551 [Forwarding findElement on session 8858c8e0a2c5c4d71678ca5f18b0ebec to remote] DEBUG org.asynchttpclient.netty.request.NettyRequestSender -- Using open Channel [id: 0x695200ee, L:/127.0.0.1:65202 - R:localhost/127.0.0.1:44186] for POST '/session/8858c8e0a2c5c4d71678ca5f18b0ebec/element'
13:06:20.558 [AsyncHttpClient-1-8] DEBUG org.asynchttpclient.netty.handler.HttpHandler -- 

Request DefaultHttpRequest(decodeResult: success, version: HTTP/1.1)
POST /session/8858c8e0a2c5c4d71678ca5f18b0ebec/element HTTP/1.1
User-Agent: selenium/4.10.0 (java windows)
Content-Length: 87
Content-Type: application/json; charset=utf-8
host: localhost:44186
accept: */*

Response DefaultHttpResponse(decodeResult: success, version: HTTP/1.1)
HTTP/1.1 200 OK
Content-Length: 96
Content-Type: application/json; charset=utf-8
cache-control: no-cache

13:06:20.559 [AsyncHttpClient-1-8] DEBUG org.asynchttpclient.netty.channel.ChannelManager -- Adding key: http://localhost:44186 for channel [id: 0x695200ee, L:/127.0.0.1:65202 - R:localhost/127.0.0.1:44186]
13:06:20.560 [Forwarding getElementAttribute on session 8858c8e0a2c5c4d71678ca5f18b0ebec to remote] DEBUG org.asynchttpclient.netty.request.NettyRequestSender -- Using pooled Channel '[id: 0x695200ee, L:/127.0.0.1:65202 - R:localhost/127.0.0.1:44186]' for 'POST' to 'http://localhost:44186/session/8858c8e0a2c5c4d71678ca5f18b0ebec/execute/sync'
13:06:20.560 [Forwarding getElementAttribute on session 8858c8e0a2c5c4d71678ca5f18b0ebec to remote] DEBUG org.asynchttpclient.netty.request.NettyRequestSender -- Using open Channel [id: 0x695200ee, L:/127.0.0.1:65202 - R:localhost/127.0.0.1:44186] for POST '/session/8858c8e0a2c5c4d71678ca5f18b0ebec/execute/sync'
13:06:20.565 [AsyncHttpClient-1-8] DEBUG org.asynchttpclient.netty.handler.HttpHandler -- 

Request DefaultHttpRequest(decodeResult: success, version: HTTP/1.1)
POST /session/8858c8e0a2c5c4d71678ca5f18b0ebec/execute/sync HTTP/1.1
User-Agent: selenium/4.10.0 (java windows)
Content-Length: 47376
Content-Type: application/json; charset=utf-8
host: localhost:44186
accept: */*

Response DefaultHttpResponse(decodeResult: success, version: HTTP/1.1)
HTTP/1.1 200 OK
Content-Length: 22
Content-Type: application/json; charset=utf-8
cache-control: no-cache

13:06:20.565 [AsyncHttpClient-1-8] DEBUG org.asynchttpclient.netty.channel.ChannelManager -- Adding key: http://localhost:44186 for channel [id: 0x695200ee, L:/127.0.0.1:65202 - R:localhost/127.0.0.1:44186]
---> trip to delete is: JRR64J725I
13:06:20.566 [Forwarding clickElement on session 8858c8e0a2c5c4d71678ca5f18b0ebec to remote] DEBUG org.asynchttpclient.netty.request.NettyRequestSender -- Using pooled Channel '[id: 0x695200ee, L:/127.0.0.1:65202 - R:localhost/127.0.0.1:44186]' for 'POST' to 'http://localhost:44186/session/8858c8e0a2c5c4d71678ca5f18b0ebec/element/ABCFD776A358BA01C40474BA7B495A56_element_126/click'
13:06:20.566 [Forwarding clickElement on session 8858c8e0a2c5c4d71678ca5f18b0ebec to remote] DEBUG org.asynchttpclient.netty.request.NettyRequestSender -- Using open Channel [id: 0x695200ee, L:/127.0.0.1:65202 - R:localhost/127.0.0.1:44186] for POST '/session/8858c8e0a2c5c4d71678ca5f18b0ebec/element/ABCFD776A358BA01C40474BA7B495A56_element_126/click'
13:06:20.589 [AsyncHttpClient-1-8] DEBUG org.asynchttpclient.netty.handler.HttpHandler -- 

Request DefaultHttpRequest(decodeResult: success, version: HTTP/1.1)
POST /session/8858c8e0a2c5c4d71678ca5f18b0ebec/element/ABCFD776A358BA01C40474BA7B495A56_element_126/click HTTP/1.1
User-Agent: selenium/4.10.0 (java windows)
Content-Length: 58
Content-Type: application/json; charset=utf-8
host: localhost:44186
accept: */*

Response DefaultHttpResponse(decodeResult: success, version: HTTP/1.1)
HTTP/1.1 200 OK
Content-Length: 14
Content-Type: application/json; charset=utf-8
cache-control: no-cache

13:06:20.589 [AsyncHttpClient-1-8] DEBUG org.asynchttpclient.netty.channel.ChannelManager -- Adding key: http://localhost:44186 for channel [id: 0x695200ee, L:/127.0.0.1:65202 - R:localhost/127.0.0.1:44186]
13:06:20.590 [Forwarding findElement on session 8858c8e0a2c5c4d71678ca5f18b0ebec to remote] DEBUG org.asynchttpclient.netty.request.NettyRequestSender -- Using pooled Channel '[id: 0x695200ee, L:/127.0.0.1:65202 - R:localhost/127.0.0.1:44186]' for 'POST' to 'http://localhost:44186/session/8858c8e0a2c5c4d71678ca5f18b0ebec/element'
13:06:20.591 [Forwarding findElement on session 8858c8e0a2c5c4d71678ca5f18b0ebec to remote] DEBUG org.asynchttpclient.netty.request.NettyRequestSender -- Using open Channel [id: 0x695200ee, L:/127.0.0.1:65202 - R:localhost/127.0.0.1:44186] for POST '/session/8858c8e0a2c5c4d71678ca5f18b0ebec/element'
13:06:20.599 [AsyncHttpClient-1-8] DEBUG org.asynchttpclient.netty.handler.HttpHandler -- 

Request DefaultHttpRequest(decodeResult: success, version: HTTP/1.1)
POST /session/8858c8e0a2c5c4d71678ca5f18b0ebec/element HTTP/1.1
User-Agent: selenium/4.10.0 (java windows)
Content-Length: 63
Content-Type: application/json; charset=utf-8
host: localhost:44186
accept: */*

Response DefaultHttpResponse(decodeResult: success, version: HTTP/1.1)
HTTP/1.1 200 OK
Content-Length: 96
Content-Type: application/json; charset=utf-8
cache-control: no-cache

13:06:20.599 [AsyncHttpClient-1-8] DEBUG org.asynchttpclient.netty.channel.ChannelManager -- Adding key: http://localhost:44186 for channel [id: 0x695200ee, L:/127.0.0.1:65202 - R:localhost/127.0.0.1:44186]
13:06:20.600 [Forwarding clickElement on session 8858c8e0a2c5c4d71678ca5f18b0ebec to remote] DEBUG org.asynchttpclient.netty.request.NettyRequestSender -- Using pooled Channel '[id: 0x695200ee, L:/127.0.0.1:65202 - R:localhost/127.0.0.1:44186]' for 'POST' to 'http://localhost:44186/session/8858c8e0a2c5c4d71678ca5f18b0ebec/element/ABCFD776A358BA01C40474BA7B495A56_element_128/click'
13:06:20.600 [Forwarding clickElement on session 8858c8e0a2c5c4d71678ca5f18b0ebec to remote] DEBUG org.asynchttpclient.netty.request.NettyRequestSender -- Using open Channel [id: 0x695200ee, L:/127.0.0.1:65202 - R:localhost/127.0.0.1:44186] for POST '/session/8858c8e0a2c5c4d71678ca5f18b0ebec/element/ABCFD776A358BA01C40474BA7B495A56_element_128/click'
13:06:20.627 [AsyncHttpClient-1-8] DEBUG org.asynchttpclient.netty.handler.HttpHandler -- 

Request DefaultHttpRequest(decodeResult: success, version: HTTP/1.1)
POST /session/8858c8e0a2c5c4d71678ca5f18b0ebec/element/ABCFD776A358BA01C40474BA7B495A56_element_128/click HTTP/1.1
User-Agent: selenium/4.10.0 (java windows)
Content-Length: 58
Content-Type: application/json; charset=utf-8
host: localhost:44186
accept: */*

Response DefaultHttpResponse(decodeResult: success, version: HTTP/1.1)
HTTP/1.1 200 OK
Content-Length: 14
Content-Type: application/json; charset=utf-8
cache-control: no-cache

13:06:20.627 [AsyncHttpClient-1-8] DEBUG org.asynchttpclient.netty.channel.ChannelManager -- Adding key: http://localhost:44186 for channel [id: 0x695200ee, L:/127.0.0.1:65202 - R:localhost/127.0.0.1:44186]
transitie BookedItineraryPage.deleteBooking1 met succes uitgevoerd
13:06:20.629 [Forwarding getAlertText on session 8858c8e0a2c5c4d71678ca5f18b0ebec to remote] DEBUG org.asynchttpclient.netty.request.NettyRequestSender -- Using pooled Channel '[id: 0x695200ee, L:/127.0.0.1:65202 - R:localhost/127.0.0.1:44186]' for 'GET' to 'http://localhost:44186/session/8858c8e0a2c5c4d71678ca5f18b0ebec/alert/text'
13:06:20.629 [Forwarding getAlertText on session 8858c8e0a2c5c4d71678ca5f18b0ebec to remote] DEBUG org.asynchttpclient.netty.request.NettyRequestSender -- Using open Channel [id: 0x695200ee, L:/127.0.0.1:65202 - R:localhost/127.0.0.1:44186] for GET '/session/8858c8e0a2c5c4d71678ca5f18b0ebec/alert/text'
13:06:20.630 [AsyncHttpClient-1-8] DEBUG org.asynchttpclient.netty.handler.HttpHandler -- 

Request DefaultFullHttpRequest(decodeResult: success, version: HTTP/1.1, content: EmptyByteBufBE)
GET /session/8858c8e0a2c5c4d71678ca5f18b0ebec/alert/text HTTP/1.1
User-Agent: selenium/4.10.0 (java windows)
Cache-Control: no-cache
Content-Type: application/json; charset=utf-8
host: localhost:44186
accept: */*

Response DefaultHttpResponse(decodeResult: success, version: HTTP/1.1)
HTTP/1.1 200 OK
Content-Length: 50
Content-Type: application/json; charset=utf-8
cache-control: no-cache

13:06:20.630 [AsyncHttpClient-1-8] DEBUG org.asynchttpclient.netty.channel.ChannelManager -- Adding key: http://localhost:44186 for channel [id: 0x695200ee, L:/127.0.0.1:65202 - R:localhost/127.0.0.1:44186]
13:06:20.631 [Forwarding getAlertText on session 8858c8e0a2c5c4d71678ca5f18b0ebec to remote] DEBUG org.asynchttpclient.netty.request.NettyRequestSender -- Using pooled Channel '[id: 0x695200ee, L:/127.0.0.1:65202 - R:localhost/127.0.0.1:44186]' for 'GET' to 'http://localhost:44186/session/8858c8e0a2c5c4d71678ca5f18b0ebec/alert/text'
13:06:20.631 [Forwarding getAlertText on session 8858c8e0a2c5c4d71678ca5f18b0ebec to remote] DEBUG org.asynchttpclient.netty.request.NettyRequestSender -- Using open Channel [id: 0x695200ee, L:/127.0.0.1:65202 - R:localhost/127.0.0.1:44186] for GET '/session/8858c8e0a2c5c4d71678ca5f18b0ebec/alert/text'
13:06:20.631 [AsyncHttpClient-1-8] DEBUG org.asynchttpclient.netty.handler.HttpHandler -- 

Request DefaultFullHttpRequest(decodeResult: success, version: HTTP/1.1, content: EmptyByteBufBE)
GET /session/8858c8e0a2c5c4d71678ca5f18b0ebec/alert/text HTTP/1.1
User-Agent: selenium/4.10.0 (java windows)
Cache-Control: no-cache
Content-Type: application/json; charset=utf-8
host: localhost:44186
accept: */*

Response DefaultHttpResponse(decodeResult: success, version: HTTP/1.1)
HTTP/1.1 200 OK
Content-Length: 50
Content-Type: application/json; charset=utf-8
cache-control: no-cache

13:06:20.631 [AsyncHttpClient-1-8] DEBUG org.asynchttpclient.netty.channel.ChannelManager -- Adding key: http://localhost:44186 for channel [id: 0x695200ee, L:/127.0.0.1:65202 - R:localhost/127.0.0.1:44186]
verwachtte popup tekst gevonden
13:06:20.632 [Forwarding acceptAlert on session 8858c8e0a2c5c4d71678ca5f18b0ebec to remote] DEBUG org.asynchttpclient.netty.request.NettyRequestSender -- Using pooled Channel '[id: 0x695200ee, L:/127.0.0.1:65202 - R:localhost/127.0.0.1:44186]' for 'POST' to 'http://localhost:44186/session/8858c8e0a2c5c4d71678ca5f18b0ebec/alert/accept'
13:06:20.632 [Forwarding acceptAlert on session 8858c8e0a2c5c4d71678ca5f18b0ebec to remote] DEBUG org.asynchttpclient.netty.request.NettyRequestSender -- Using open Channel [id: 0x695200ee, L:/127.0.0.1:65202 - R:localhost/127.0.0.1:44186] for POST '/session/8858c8e0a2c5c4d71678ca5f18b0ebec/alert/accept'
13:06:20.633 [AsyncHttpClient-1-8] DEBUG org.asynchttpclient.netty.handler.HttpHandler -- 

Request DefaultHttpRequest(decodeResult: success, version: HTTP/1.1)
POST /session/8858c8e0a2c5c4d71678ca5f18b0ebec/alert/accept HTTP/1.1
User-Agent: selenium/4.10.0 (java windows)
Content-Length: 3
Content-Type: application/json; charset=utf-8
host: localhost:44186
accept: */*

Response DefaultHttpResponse(decodeResult: success, version: HTTP/1.1)
HTTP/1.1 200 OK
Content-Length: 14
Content-Type: application/json; charset=utf-8
cache-control: no-cache

13:06:20.633 [AsyncHttpClient-1-8] DEBUG org.asynchttpclient.netty.channel.ChannelManager -- Adding key: http://localhost:44186 for channel [id: 0x695200ee, L:/127.0.0.1:65202 - R:localhost/127.0.0.1:44186]
transitie BookedItineraryPage.deleteBooking2 met succes uitgevoerd
13:06:20.634 [Forwarding findElement on session 8858c8e0a2c5c4d71678ca5f18b0ebec to remote] DEBUG org.asynchttpclient.netty.request.NettyRequestSender -- Using pooled Channel '[id: 0x695200ee, L:/127.0.0.1:65202 - R:localhost/127.0.0.1:44186]' for 'POST' to 'http://localhost:44186/session/8858c8e0a2c5c4d71678ca5f18b0ebec/element'
13:06:20.634 [Forwarding findElement on session 8858c8e0a2c5c4d71678ca5f18b0ebec to remote] DEBUG org.asynchttpclient.netty.request.NettyRequestSender -- Using open Channel [id: 0x695200ee, L:/127.0.0.1:65202 - R:localhost/127.0.0.1:44186] for POST '/session/8858c8e0a2c5c4d71678ca5f18b0ebec/element'
13:06:21.612 [AsyncHttpClient-1-1] DEBUG org.asynchttpclient.netty.channel.DefaultChannelPool -- Entry count for : http://localhost:12740 : 1
13:06:21.612 [AsyncHttpClient-1-1] DEBUG org.asynchttpclient.netty.channel.DefaultChannelPool -- Entry count for : http://localhost:65083 : 1
13:06:21.612 [AsyncHttpClient-1-1] DEBUG org.asynchttpclient.netty.channel.DefaultChannelPool -- Entry count for : http://localhost:30099 : 1
13:06:21.612 [AsyncHttpClient-1-1] DEBUG org.asynchttpclient.netty.channel.DefaultChannelPool -- Entry count for : http://localhost:65137 : 1
13:06:21.612 [AsyncHttpClient-1-1] DEBUG org.asynchttpclient.netty.channel.DefaultChannelPool -- Entry count for : http://localhost:65203 : 1
13:06:21.826 [AsyncHttpClient-1-8] DEBUG org.asynchttpclient.netty.handler.HttpHandler -- 

Request DefaultHttpRequest(decodeResult: success, version: HTTP/1.1)
POST /session/8858c8e0a2c5c4d71678ca5f18b0ebec/element HTTP/1.1
User-Agent: selenium/4.10.0 (java windows)
Content-Length: 47
Content-Type: application/json; charset=utf-8
host: localhost:44186
accept: */*

Response DefaultHttpResponse(decodeResult: success, version: HTTP/1.1)
HTTP/1.1 200 OK
Content-Length: 96
Content-Type: application/json; charset=utf-8
cache-control: no-cache

13:06:21.827 [AsyncHttpClient-1-8] DEBUG org.asynchttpclient.netty.channel.ChannelManager -- Adding key: http://localhost:44186 for channel [id: 0x695200ee, L:/127.0.0.1:65202 - R:localhost/127.0.0.1:44186]
13:06:21.827 [Forwarding clickElement on session 8858c8e0a2c5c4d71678ca5f18b0ebec to remote] DEBUG org.asynchttpclient.netty.request.NettyRequestSender -- Using pooled Channel '[id: 0x695200ee, L:/127.0.0.1:65202 - R:localhost/127.0.0.1:44186]' for 'POST' to 'http://localhost:44186/session/8858c8e0a2c5c4d71678ca5f18b0ebec/element/F163AE4EA8CACD3AAD5575FA8F31925D_element_225/click'
13:06:21.827 [Forwarding clickElement on session 8858c8e0a2c5c4d71678ca5f18b0ebec to remote] DEBUG org.asynchttpclient.netty.request.NettyRequestSender -- Using open Channel [id: 0x695200ee, L:/127.0.0.1:65202 - R:localhost/127.0.0.1:44186] for POST '/session/8858c8e0a2c5c4d71678ca5f18b0ebec/element/F163AE4EA8CACD3AAD5575FA8F31925D_element_225/click'
13:06:22.154 [AsyncHttpClient-1-8] DEBUG org.asynchttpclient.netty.handler.HttpHandler -- 

Request DefaultHttpRequest(decodeResult: success, version: HTTP/1.1)
POST /session/8858c8e0a2c5c4d71678ca5f18b0ebec/element/F163AE4EA8CACD3AAD5575FA8F31925D_element_225/click HTTP/1.1
User-Agent: selenium/4.10.0 (java windows)
Content-Length: 58
Content-Type: application/json; charset=utf-8
host: localhost:44186
accept: */*

Response DefaultHttpResponse(decodeResult: success, version: HTTP/1.1)
HTTP/1.1 200 OK
Content-Length: 14
Content-Type: application/json; charset=utf-8
cache-control: no-cache

13:06:22.154 [AsyncHttpClient-1-8] DEBUG org.asynchttpclient.netty.channel.ChannelManager -- Adding key: http://localhost:44186 for channel [id: 0x695200ee, L:/127.0.0.1:65202 - R:localhost/127.0.0.1:44186]
transitie BookingconfPage.logoff() met succes uitgevoerd
13:06:22.157 [Forwarding findElement on session 8858c8e0a2c5c4d71678ca5f18b0ebec to remote] DEBUG org.asynchttpclient.netty.request.NettyRequestSender -- Using pooled Channel '[id: 0x695200ee, L:/127.0.0.1:65202 - R:localhost/127.0.0.1:44186]' for 'POST' to 'http://localhost:44186/session/8858c8e0a2c5c4d71678ca5f18b0ebec/element'
13:06:22.157 [Forwarding findElement on session 8858c8e0a2c5c4d71678ca5f18b0ebec to remote] DEBUG org.asynchttpclient.netty.request.NettyRequestSender -- Using open Channel [id: 0x695200ee, L:/127.0.0.1:65202 - R:localhost/127.0.0.1:44186] for POST '/session/8858c8e0a2c5c4d71678ca5f18b0ebec/element'
13:06:22.164 [AsyncHttpClient-1-8] DEBUG org.asynchttpclient.netty.handler.HttpHandler -- 

Request DefaultHttpRequest(decodeResult: success, version: HTTP/1.1)
POST /session/8858c8e0a2c5c4d71678ca5f18b0ebec/element HTTP/1.1
User-Agent: selenium/4.10.0 (java windows)
Content-Length: 105
Content-Type: application/json; charset=utf-8
host: localhost:44186
accept: */*

Response DefaultHttpResponse(decodeResult: success, version: HTTP/1.1)
HTTP/1.1 200 OK
Content-Length: 96
Content-Type: application/json; charset=utf-8
cache-control: no-cache

13:06:22.164 [AsyncHttpClient-1-8] DEBUG org.asynchttpclient.netty.channel.ChannelManager -- Adding key: http://localhost:44186 for channel [id: 0x695200ee, L:/127.0.0.1:65202 - R:localhost/127.0.0.1:44186]
13:06:22.165 [Forwarding getTitle on session 8858c8e0a2c5c4d71678ca5f18b0ebec to remote] DEBUG org.asynchttpclient.netty.request.NettyRequestSender -- Using pooled Channel '[id: 0x695200ee, L:/127.0.0.1:65202 - R:localhost/127.0.0.1:44186]' for 'GET' to 'http://localhost:44186/session/8858c8e0a2c5c4d71678ca5f18b0ebec/title'
13:06:22.165 [Forwarding getTitle on session 8858c8e0a2c5c4d71678ca5f18b0ebec to remote] DEBUG org.asynchttpclient.netty.request.NettyRequestSender -- Using open Channel [id: 0x695200ee, L:/127.0.0.1:65202 - R:localhost/127.0.0.1:44186] for GET '/session/8858c8e0a2c5c4d71678ca5f18b0ebec/title'
13:06:22.167 [AsyncHttpClient-1-8] DEBUG org.asynchttpclient.netty.handler.HttpHandler -- 

Request DefaultFullHttpRequest(decodeResult: success, version: HTTP/1.1, content: EmptyByteBufBE)
GET /session/8858c8e0a2c5c4d71678ca5f18b0ebec/title HTTP/1.1
User-Agent: selenium/4.10.0 (java windows)
Cache-Control: no-cache
Content-Type: application/json; charset=utf-8
host: localhost:44186
accept: */*

Response DefaultHttpResponse(decodeResult: success, version: HTTP/1.1)
HTTP/1.1 200 OK
Content-Length: 32
Content-Type: application/json; charset=utf-8
cache-control: no-cache

13:06:22.167 [AsyncHttpClient-1-8] DEBUG org.asynchttpclient.netty.channel.ChannelManager -- Adding key: http://localhost:44186 for channel [id: 0x695200ee, L:/127.0.0.1:65202 - R:localhost/127.0.0.1:44186]
controle LogoutPage met succes uitgevoerd
13:06:22.172 [Driver Command Executor] DEBUG org.asynchttpclient.netty.request.NettyRequestSender -- Using pooled Channel '[id: 0x695200ee, L:/127.0.0.1:65202 - R:localhost/127.0.0.1:44186]' for 'DELETE' to 'http://localhost:44186/session/8858c8e0a2c5c4d71678ca5f18b0ebec'
13:06:22.172 [Driver Command Executor] DEBUG org.asynchttpclient.netty.request.NettyRequestSender -- Using open Channel [id: 0x695200ee, L:/127.0.0.1:65202 - R:localhost/127.0.0.1:44186] for DELETE '/session/8858c8e0a2c5c4d71678ca5f18b0ebec'
13:06:22.173 [AsyncHttpClient-1-10] DEBUG org.asynchttpclient.netty.handler.WebSocketHandler -- Channel Closed: [id: 0xc6dcb245, L:/127.0.0.1:65213 ! R:localhost/127.0.0.1:65203] with attribute NettyResponseFuture{currentRetry=0,
	isDone=1,
	isCancelled=0,
	asyncHandler=org.asynchttpclient.ws.WebSocketUpgradeHandler@42b6bfd2,
	nettyRequest=org.asynchttpclient.netty.request.NettyRequest@731bbf7e,
	future=java.util.concurrent.CompletableFuture@593f240b[Completed normally],
	uri=ws://localhost:65203/devtools/browser/1ba28f0e-5a99-45c9-838f-b3fe594c840a,
	keepAlive=true,
	redirectCount=0,
	timeoutsHolder=null,
	inAuth=0,
	touch=1689678374585}
13:06:22.174 [AsyncHttpClient-1-10] DEBUG org.asynchttpclient.netty.channel.ChannelManager -- Closing Channel [id: 0xc6dcb245, L:/127.0.0.1:65213 ! R:localhost/127.0.0.1:65203] 
13:06:22.189 [AsyncHttpClient-1-9] DEBUG org.asynchttpclient.netty.handler.HttpHandler -- Unexpected I/O exception on channel [id: 0xd7da4397, L:/127.0.0.1:65212 - R:localhost/127.0.0.1:65203]
java.net.SocketException: Connection reset
	at java.base/sun.nio.ch.SocketChannelImpl.throwConnectionReset(SocketChannelImpl.java:401)
	at java.base/sun.nio.ch.SocketChannelImpl.read(SocketChannelImpl.java:434)
	at io.netty.buffer.PooledByteBuf.setBytes(PooledByteBuf.java:256)
	at io.netty.buffer.AbstractByteBuf.writeBytes(AbstractByteBuf.java:1132)
	at io.netty.channel.socket.nio.NioSocketChannel.doReadBytes(NioSocketChannel.java:357)
	at io.netty.channel.nio.AbstractNioByteChannel$NioByteUnsafe.read(AbstractNioByteChannel.java:151)
	at io.netty.channel.nio.NioEventLoop.processSelectedKey(NioEventLoop.java:788)
	at io.netty.channel.nio.NioEventLoop.processSelectedKeysOptimized(NioEventLoop.java:724)
	at io.netty.channel.nio.NioEventLoop.processSelectedKeys(NioEventLoop.java:650)
	at io.netty.channel.nio.NioEventLoop.run(NioEventLoop.java:562)
	at io.netty.util.concurrent.SingleThreadEventExecutor$4.run(SingleThreadEventExecutor.java:997)
	at io.netty.util.internal.ThreadExecutorMap$2.run(ThreadExecutorMap.java:74)
	at io.netty.util.concurrent.FastThreadLocalRunnable.run(FastThreadLocalRunnable.java:30)
	at java.base/java.lang.Thread.run(Thread.java:1623)
13:06:22.193 [AsyncHttpClient-1-9] DEBUG org.asynchttpclient.netty.channel.ChannelManager -- Closing Channel [id: 0xd7da4397, L:/127.0.0.1:65212 - R:localhost/127.0.0.1:65203] 
13:06:22.194 [AsyncHttpClient-1-9] DEBUG org.asynchttpclient.netty.handler.HttpHandler -- Channel Closed: [id: 0xd7da4397, L:/127.0.0.1:65212 ! R:localhost/127.0.0.1:65203] with attribute DISCARD
13:06:22.205 [AsyncHttpClient-1-8] DEBUG org.asynchttpclient.netty.handler.HttpHandler -- 

Request DefaultFullHttpRequest(decodeResult: success, version: HTTP/1.1, content: EmptyByteBufBE)
DELETE /session/8858c8e0a2c5c4d71678ca5f18b0ebec HTTP/1.1
User-Agent: selenium/4.10.0 (java windows)
Content-Type: application/json; charset=utf-8
host: localhost:44186
accept: */*

Response DefaultHttpResponse(decodeResult: success, version: HTTP/1.1)
HTTP/1.1 200 OK
Content-Length: 14
Content-Type: application/json; charset=utf-8
cache-control: no-cache

13:06:22.206 [AsyncHttpClient-1-8] DEBUG org.asynchttpclient.netty.channel.ChannelManager -- Adding key: http://localhost:44186 for channel [id: 0x695200ee, L:/127.0.0.1:65202 - R:localhost/127.0.0.1:44186]
13:06:22.281 [AsyncHttpClient-1-8] DEBUG org.asynchttpclient.netty.handler.HttpHandler -- Channel Closed: [id: 0x695200ee, L:/127.0.0.1:65202 ! R:localhost/127.0.0.1:44186] with attribute DISCARD
]]></system-out>
    <system-err><![CDATA[jul 18, 2023 1:06:13 P.M. org.openqa.selenium.remote.service.DriverService$Builder getLogOutput
INFO: Driver logs no longer sent to console by default; https://www.selenium.dev/documentation/webdriver/drivers/service/#setting-log-output
]]></system-err>
  </testcase>
</testsuite>